[0.073s] DEBUG:colcon:Command line arguments: ['/usr/bin/colcon', 'build']
[0.073s] DEBUG:colcon:Parsed command line arguments: Namespace(log_base=None, log_level=None, verb_name='build', build_base='build', install_base='install', merge_install=False, symlink_install=False, test_result_base=None, continue_on_error=False, executor='parallel', parallel_workers=8, event_handlers=None, ignore_user_meta=False, metas=['./colcon.meta'], base_paths=['.'], packages_ignore=None, packages_ignore_regex=None, paths=None, packages_up_to=None, packages_up_to_regex=None, packages_above=None, packages_above_and_dependencies=None, packages_above_depth=None, packages_select_by_dep=None, packages_skip_by_dep=None, packages_skip_up_to=None, packages_select_build_failed=False, packages_skip_build_finished=False, packages_select_test_failures=False, packages_skip_test_passed=False, packages_select=None, packages_skip=None, packages_select_regex=None, packages_skip_regex=None, packages_start=None, packages_end=None, allow_overriding=[], cmake_args=None, cmake_target=None, cmake_target_skip_unavailable=False, cmake_clean_cache=False, cmake_clean_first=False, cmake_force_configure=False, ament_cmake_args=None, catkin_cmake_args=None, catkin_skip_building_tests=False, mixin_files=None, mixin=None, verb_parser=<colcon_mixin.mixin.mixin_argument.MixinArgumentDecorator object at 0x7beabe65e6b0>, verb_extension=<colcon_core.verb.build.BuildVerb object at 0x7beabe65e170>, main=<bound method BuildVerb.main of <colcon_core.verb.build.BuildVerb object at 0x7beabe65e170>>, mixin_verb=('build',))
[0.170s] Level 1:colcon.colcon_core.package_discovery:discover_packages(colcon_meta) check parameters
[0.170s] Level 1:colcon.colcon_core.package_discovery:discover_packages(recursive) check parameters
[0.170s] Level 1:colcon.colcon_core.package_discovery:discover_packages(ignore) check parameters
[0.170s] Level 1:colcon.colcon_core.package_discovery:discover_packages(path) check parameters
[0.170s] Level 1:colcon.colcon_core.package_discovery:discover_packages(colcon_meta) discover
[0.170s] Level 1:colcon.colcon_core.package_discovery:discover_packages(recursive) discover
[0.170s] INFO:colcon.colcon_core.package_discovery:Crawling recursively for packages in '/home/dat/Workspace/3dof_rehab_arm'
[0.170s] Level 1:colcon.colcon_core.package_identification:_identify(.) by extensions ['ignore', 'ignore_ament_install']
[0.170s] Level 1:colcon.colcon_core.package_identification:_identify(.) by extension 'ignore'
[0.170s] Level 1:colcon.colcon_core.package_identification:_identify(.) by extension 'ignore_ament_install'
[0.170s] Level 1:colcon.colcon_core.package_identification:_identify(.) by extensions ['colcon_pkg']
[0.170s] Level 1:colcon.colcon_core.package_identification:_identify(.) by extension 'colcon_pkg'
[0.170s] Level 1:colcon.colcon_core.package_identification:_identify(.) by extensions ['colcon_meta']
[0.170s] Level 1:colcon.colcon_core.package_identification:_identify(.) by extension 'colcon_meta'
[0.170s] Level 1:colcon.colcon_core.package_identification:_identify(.) by extensions ['ros']
[0.170s] Level 1:colcon.colcon_core.package_identification:_identify(.) by extension 'ros'
[0.177s] Level 1:colcon.colcon_core.package_identification:_identify(.) by extensions ['cmake', 'python']
[0.177s] Level 1:colcon.colcon_core.package_identification:_identify(.) by extension 'cmake'
[0.177s] Level 1:colcon.colcon_core.package_identification:_identify(.) by extension 'python'
[0.177s] Level 1:colcon.colcon_core.package_identification:_identify(.) by extensions ['python_setup_py']
[0.177s] Level 1:colcon.colcon_core.package_identification:_identify(.) by extension 'python_setup_py'
[0.177s] Level 1:colcon.colcon_core.package_identification:_identify(build) by extensions ['ignore', 'ignore_ament_install']
[0.177s] Level 1:colcon.colcon_core.package_identification:_identify(build) by extension 'ignore'
[0.177s] Level 1:colcon.colcon_core.package_identification:_identify(build) ignored
[0.177s] Level 1:colcon.colcon_core.package_identification:_identify(install) by extensions ['ignore', 'ignore_ament_install']
[0.177s] Level 1:colcon.colcon_core.package_identification:_identify(install) by extension 'ignore'
[0.178s] Level 1:colcon.colcon_core.package_identification:_identify(install) ignored
[0.178s] Level 1:colcon.colcon_core.package_identification:_identify(log) by extensions ['ignore', 'ignore_ament_install']
[0.178s] Level 1:colcon.colcon_core.package_identification:_identify(log) by extension 'ignore'
[0.178s] Level 1:colcon.colcon_core.package_identification:_identify(log) ignored
[0.178s] Level 1:colcon.colcon_core.package_identification:_identify(src) by extensions ['ignore', 'ignore_ament_install']
[0.178s] Level 1:colcon.colcon_core.package_identification:_identify(src) by extension 'ignore'
[0.178s] Level 1:colcon.colcon_core.package_identification:_identify(src) by extension 'ignore_ament_install'
[0.178s] Level 1:colcon.colcon_core.package_identification:_identify(src) by extensions ['colcon_pkg']
[0.178s] Level 1:colcon.colcon_core.package_identification:_identify(src) by extension 'colcon_pkg'
[0.178s] Level 1:colcon.colcon_core.package_identification:_identify(src) by extensions ['colcon_meta']
[0.178s] Level 1:colcon.colcon_core.package_identification:_identify(src) by extension 'colcon_meta'
[0.178s] Level 1:colcon.colcon_core.package_identification:_identify(src) by extensions ['ros']
[0.178s] Level 1:colcon.colcon_core.package_identification:_identify(src) by extension 'ros'
[0.178s] Level 1:colcon.colcon_core.package_identification:_identify(src) by extensions ['cmake', 'python']
[0.178s] Level 1:colcon.colcon_core.package_identification:_identify(src) by extension 'cmake'
[0.178s] Level 1:colcon.colcon_core.package_identification:_identify(src) by extension 'python'
[0.178s] Level 1:colcon.colcon_core.package_identification:_identify(src) by extensions ['python_setup_py']
[0.178s] Level 1:colcon.colcon_core.package_identification:_identify(src) by extension 'python_setup_py'
[0.178s] Level 1:colcon.colcon_core.package_identification:_identify(src/can_odrive_interface) by extensions ['ignore', 'ignore_ament_install']
[0.178s] Level 1:colcon.colcon_core.package_identification:_identify(src/can_odrive_interface) by extension 'ignore'
[0.178s] Level 1:colcon.colcon_core.package_identification:_identify(src/can_odrive_interface) by extension 'ignore_ament_install'
[0.178s] Level 1:colcon.colcon_core.package_identification:_identify(src/can_odrive_interface) by extensions ['colcon_pkg']
[0.178s] Level 1:colcon.colcon_core.package_identification:_identify(src/can_odrive_interface) by extension 'colcon_pkg'
[0.178s] Level 1:colcon.colcon_core.package_identification:_identify(src/can_odrive_interface) by extensions ['colcon_meta']
[0.178s] Level 1:colcon.colcon_core.package_identification:_identify(src/can_odrive_interface) by extension 'colcon_meta'
[0.178s] Level 1:colcon.colcon_core.package_identification:_identify(src/can_odrive_interface) by extensions ['ros']
[0.178s] Level 1:colcon.colcon_core.package_identification:_identify(src/can_odrive_interface) by extension 'ros'
[0.180s] DEBUG:colcon.colcon_core.package_identification:Package 'src/can_odrive_interface' with type 'ros.ament_cmake' and name 'can_odrive_interface'
[0.180s] Level 1:colcon.colcon_core.package_identification:_identify(src/rehab_arm_robot) by extensions ['ignore', 'ignore_ament_install']
[0.180s] Level 1:colcon.colcon_core.package_identification:_identify(src/rehab_arm_robot) by extension 'ignore'
[0.180s] Level 1:colcon.colcon_core.package_identification:_identify(src/rehab_arm_robot) by extension 'ignore_ament_install'
[0.180s] Level 1:colcon.colcon_core.package_identification:_identify(src/rehab_arm_robot) by extensions ['colcon_pkg']
[0.180s] Level 1:colcon.colcon_core.package_identification:_identify(src/rehab_arm_robot) by extension 'colcon_pkg'
[0.180s] Level 1:colcon.colcon_core.package_identification:_identify(src/rehab_arm_robot) by extensions ['colcon_meta']
[0.180s] Level 1:colcon.colcon_core.package_identification:_identify(src/rehab_arm_robot) by extension 'colcon_meta'
[0.180s] Level 1:colcon.colcon_core.package_identification:_identify(src/rehab_arm_robot) by extensions ['ros']
[0.180s] Level 1:colcon.colcon_core.package_identification:_identify(src/rehab_arm_robot) by extension 'ros'
[0.180s] DEBUG:colcon.colcon_core.package_identification:Package 'src/rehab_arm_robot' with type 'ros.ament_cmake' and name 'rehab_arm_robot'
[0.181s] Level 1:colcon.colcon_core.package_identification:_identify(src/rehab_arm_robot_control) by extensions ['ignore', 'ignore_ament_install']
[0.181s] Level 1:colcon.colcon_core.package_identification:_identify(src/rehab_arm_robot_control) by extension 'ignore'
[0.181s] Level 1:colcon.colcon_core.package_identification:_identify(src/rehab_arm_robot_control) by extension 'ignore_ament_install'
[0.181s] Level 1:colcon.colcon_core.package_identification:_identify(src/rehab_arm_robot_control) by extensions ['colcon_pkg']
[0.181s] Level 1:colcon.colcon_core.package_identification:_identify(src/rehab_arm_robot_control) by extension 'colcon_pkg'
[0.181s] Level 1:colcon.colcon_core.package_identification:_identify(src/rehab_arm_robot_control) by extensions ['colcon_meta']
[0.181s] Level 1:colcon.colcon_core.package_identification:_identify(src/rehab_arm_robot_control) by extension 'colcon_meta'
[0.181s] Level 1:colcon.colcon_core.package_identification:_identify(src/rehab_arm_robot_control) by extensions ['ros']
[0.181s] Level 1:colcon.colcon_core.package_identification:_identify(src/rehab_arm_robot_control) by extension 'ros'
[0.181s] DEBUG:colcon.colcon_core.package_identification:Package 'src/rehab_arm_robot_control' with type 'ros.ament_cmake' and name 'rehab_arm_robot_control'
[0.181s] Level 1:colcon.colcon_core.package_identification:_identify(src/rehab_arm_robot_hardware_interface) by extensions ['ignore', 'ignore_ament_install']
[0.181s] Level 1:colcon.colcon_core.package_identification:_identify(src/rehab_arm_robot_hardware_interface) by extension 'ignore'
[0.181s] Level 1:colcon.colcon_core.package_identification:_identify(src/rehab_arm_robot_hardware_interface) by extension 'ignore_ament_install'
[0.181s] Level 1:colcon.colcon_core.package_identification:_identify(src/rehab_arm_robot_hardware_interface) by extensions ['colcon_pkg']
[0.181s] Level 1:colcon.colcon_core.package_identification:_identify(src/rehab_arm_robot_hardware_interface) by extension 'colcon_pkg'
[0.181s] Level 1:colcon.colcon_core.package_identification:_identify(src/rehab_arm_robot_hardware_interface) by extensions ['colcon_meta']
[0.181s] Level 1:colcon.colcon_core.package_identification:_identify(src/rehab_arm_robot_hardware_interface) by extension 'colcon_meta'
[0.182s] Level 1:colcon.colcon_core.package_identification:_identify(src/rehab_arm_robot_hardware_interface) by extensions ['ros']
[0.182s] Level 1:colcon.colcon_core.package_identification:_identify(src/rehab_arm_robot_hardware_interface) by extension 'ros'
[0.182s] DEBUG:colcon.colcon_core.package_identification:Package 'src/rehab_arm_robot_hardware_interface' with type 'ros.ament_cmake' and name 'rehab_arm_robot_hardware_interface'
[0.182s] Level 1:colcon.colcon_core.package_identification:_identify(src/rehab_arm_robot_moveit_config) by extensions ['ignore', 'ignore_ament_install']
[0.182s] Level 1:colcon.colcon_core.package_identification:_identify(src/rehab_arm_robot_moveit_config) by extension 'ignore'
[0.182s] Level 1:colcon.colcon_core.package_identification:_identify(src/rehab_arm_robot_moveit_config) by extension 'ignore_ament_install'
[0.182s] Level 1:colcon.colcon_core.package_identification:_identify(src/rehab_arm_robot_moveit_config) by extensions ['colcon_pkg']
[0.182s] Level 1:colcon.colcon_core.package_identification:_identify(src/rehab_arm_robot_moveit_config) by extension 'colcon_pkg'
[0.182s] Level 1:colcon.colcon_core.package_identification:_identify(src/rehab_arm_robot_moveit_config) by extensions ['colcon_meta']
[0.182s] Level 1:colcon.colcon_core.package_identification:_identify(src/rehab_arm_robot_moveit_config) by extension 'colcon_meta'
[0.182s] Level 1:colcon.colcon_core.package_identification:_identify(src/rehab_arm_robot_moveit_config) by extensions ['ros']
[0.182s] Level 1:colcon.colcon_core.package_identification:_identify(src/rehab_arm_robot_moveit_config) by extension 'ros'
[0.183s] DEBUG:colcon.colcon_core.package_identification:Package 'src/rehab_arm_robot_moveit_config' with type 'ros.ament_cmake' and name 'rehab_arm_robot_moveit_config'
[0.183s] Level 1:colcon.colcon_core.package_discovery:discover_packages(recursive) using defaults
[0.183s] Level 1:colcon.colcon_core.package_discovery:discover_packages(ignore) discover
[0.183s] Level 1:colcon.colcon_core.package_discovery:discover_packages(ignore) using defaults
[0.183s] Level 1:colcon.colcon_core.package_discovery:discover_packages(path) discover
[0.183s] Level 1:colcon.colcon_core.package_discovery:discover_packages(path) using defaults
[0.204s] Level 1:colcon.colcon_core.package_discovery:discover_packages(prefix_path) check parameters
[0.204s] Level 1:colcon.colcon_core.package_discovery:discover_packages(prefix_path) discover
[0.205s] WARNING:colcon.colcon_ros.prefix_path.ament:The path '/home/dat/Workspace/3dof_rehab_arm/install/rehab_arm_robot_moveit_config' in the environment variable AMENT_PREFIX_PATH doesn't exist
[0.205s] WARNING:colcon.colcon_ros.prefix_path.ament:The path '/home/dat/Workspace/3dof_rehab_arm/install/rehab_arm_robot_hardware_interface' in the environment variable AMENT_PREFIX_PATH doesn't exist
[0.205s] WARNING:colcon.colcon_ros.prefix_path.ament:The path '/home/dat/Workspace/3dof_rehab_arm/install/rehab_arm_robot_control' in the environment variable AMENT_PREFIX_PATH doesn't exist
[0.205s] WARNING:colcon.colcon_ros.prefix_path.ament:The path '/home/dat/Workspace/3dof_rehab_arm/install/rehab_arm_robot' in the environment variable AMENT_PREFIX_PATH doesn't exist
[0.205s] WARNING:colcon.colcon_ros.prefix_path.catkin:The path '/home/dat/Workspace/3dof_rehab_arm/install/rehab_arm_robot_moveit_config' in the environment variable CMAKE_PREFIX_PATH doesn't exist
[0.205s] WARNING:colcon.colcon_ros.prefix_path.catkin:The path '/home/dat/Workspace/3dof_rehab_arm/install/rehab_arm_robot_hardware_interface' in the environment variable CMAKE_PREFIX_PATH doesn't exist
[0.205s] WARNING:colcon.colcon_ros.prefix_path.catkin:The path '/home/dat/Workspace/3dof_rehab_arm/install/rehab_arm_robot_control' in the environment variable CMAKE_PREFIX_PATH doesn't exist
[0.205s] WARNING:colcon.colcon_ros.prefix_path.catkin:The path '/home/dat/Workspace/3dof_rehab_arm/install/rehab_arm_robot' in the environment variable CMAKE_PREFIX_PATH doesn't exist
[0.206s] DEBUG:colcon.colcon_installed_package_information.package_discovery:Found 1 installed packages in /home/dat/Workspace/3dof_rehab_arm/install
[0.207s] DEBUG:colcon.colcon_installed_package_information.package_discovery:Found 45 installed packages in /home/dat/ws_moveit2/install
[0.208s] DEBUG:colcon.colcon_installed_package_information.package_discovery:Found 371 installed packages in /opt/ros/humble
[0.209s] Level 1:colcon.colcon_core.package_discovery:discover_packages(prefix_path) using defaults
[0.239s] Level 5:colcon.colcon_core.verb:set package 'can_odrive_interface' build argument 'cmake_args' from command line to 'None'
[0.239s] Level 5:colcon.colcon_core.verb:set package 'can_odrive_interface' build argument 'cmake_target' from command line to 'None'
[0.239s] Level 5:colcon.colcon_core.verb:set package 'can_odrive_interface' build argument 'cmake_target_skip_unavailable' from command line to 'False'
[0.239s] Level 5:colcon.colcon_core.verb:set package 'can_odrive_interface' build argument 'cmake_clean_cache' from command line to 'False'
[0.239s] Level 5:colcon.colcon_core.verb:set package 'can_odrive_interface' build argument 'cmake_clean_first' from command line to 'False'
[0.239s] Level 5:colcon.colcon_core.verb:set package 'can_odrive_interface' build argument 'cmake_force_configure' from command line to 'False'
[0.239s] Level 5:colcon.colcon_core.verb:set package 'can_odrive_interface' build argument 'ament_cmake_args' from command line to 'None'
[0.239s] Level 5:colcon.colcon_core.verb:set package 'can_odrive_interface' build argument 'catkin_cmake_args' from command line to 'None'
[0.239s] Level 5:colcon.colcon_core.verb:set package 'can_odrive_interface' build argument 'catkin_skip_building_tests' from command line to 'False'
[0.239s] DEBUG:colcon.colcon_core.verb:Building package 'can_odrive_interface' with the following arguments: {'ament_cmake_args': None, 'build_base': '/home/dat/Workspace/3dof_rehab_arm/build/can_odrive_interface', 'catkin_cmake_args': None, 'catkin_skip_building_tests': False, 'cmake_args': None, 'cmake_clean_cache': False, 'cmake_clean_first': False, 'cmake_force_configure': False, 'cmake_target': None, 'cmake_target_skip_unavailable': False, 'install_base': '/home/dat/Workspace/3dof_rehab_arm/install/can_odrive_interface', 'merge_install': False, 'path': '/home/dat/Workspace/3dof_rehab_arm/src/can_odrive_interface', 'symlink_install': False, 'test_result_base': None}
[0.240s] Level 5:colcon.colcon_core.verb:set package 'rehab_arm_robot' build argument 'cmake_args' from command line to 'None'
[0.240s] Level 5:colcon.colcon_core.verb:set package 'rehab_arm_robot' build argument 'cmake_target' from command line to 'None'
[0.240s] Level 5:colcon.colcon_core.verb:set package 'rehab_arm_robot' build argument 'cmake_target_skip_unavailable' from command line to 'False'
[0.240s] Level 5:colcon.colcon_core.verb:set package 'rehab_arm_robot' build argument 'cmake_clean_cache' from command line to 'False'
[0.240s] Level 5:colcon.colcon_core.verb:set package 'rehab_arm_robot' build argument 'cmake_clean_first' from command line to 'False'
[0.240s] Level 5:colcon.colcon_core.verb:set package 'rehab_arm_robot' build argument 'cmake_force_configure' from command line to 'False'
[0.240s] Level 5:colcon.colcon_core.verb:set package 'rehab_arm_robot' build argument 'ament_cmake_args' from command line to 'None'
[0.240s] Level 5:colcon.colcon_core.verb:set package 'rehab_arm_robot' build argument 'catkin_cmake_args' from command line to 'None'
[0.240s] Level 5:colcon.colcon_core.verb:set package 'rehab_arm_robot' build argument 'catkin_skip_building_tests' from command line to 'False'
[0.240s] DEBUG:colcon.colcon_core.verb:Building package 'rehab_arm_robot' with the following arguments: {'ament_cmake_args': None, 'build_base': '/home/dat/Workspace/3dof_rehab_arm/build/rehab_arm_robot', 'catkin_cmake_args': None, 'catkin_skip_building_tests': False, 'cmake_args': None, 'cmake_clean_cache': False, 'cmake_clean_first': False, 'cmake_force_configure': False, 'cmake_target': None, 'cmake_target_skip_unavailable': False, 'install_base': '/home/dat/Workspace/3dof_rehab_arm/install/rehab_arm_robot', 'merge_install': False, 'path': '/home/dat/Workspace/3dof_rehab_arm/src/rehab_arm_robot', 'symlink_install': False, 'test_result_base': None}
[0.240s] Level 5:colcon.colcon_core.verb:set package 'rehab_arm_robot_control' build argument 'cmake_args' from command line to 'None'
[0.240s] Level 5:colcon.colcon_core.verb:set package 'rehab_arm_robot_control' build argument 'cmake_target' from command line to 'None'
[0.240s] Level 5:colcon.colcon_core.verb:set package 'rehab_arm_robot_control' build argument 'cmake_target_skip_unavailable' from command line to 'False'
[0.240s] Level 5:colcon.colcon_core.verb:set package 'rehab_arm_robot_control' build argument 'cmake_clean_cache' from command line to 'False'
[0.240s] Level 5:colcon.colcon_core.verb:set package 'rehab_arm_robot_control' build argument 'cmake_clean_first' from command line to 'False'
[0.240s] Level 5:colcon.colcon_core.verb:set package 'rehab_arm_robot_control' build argument 'cmake_force_configure' from command line to 'False'
[0.240s] Level 5:colcon.colcon_core.verb:set package 'rehab_arm_robot_control' build argument 'ament_cmake_args' from command line to 'None'
[0.240s] Level 5:colcon.colcon_core.verb:set package 'rehab_arm_robot_control' build argument 'catkin_cmake_args' from command line to 'None'
[0.240s] Level 5:colcon.colcon_core.verb:set package 'rehab_arm_robot_control' build argument 'catkin_skip_building_tests' from command line to 'False'
[0.240s] DEBUG:colcon.colcon_core.verb:Building package 'rehab_arm_robot_control' with the following arguments: {'ament_cmake_args': None, 'build_base': '/home/dat/Workspace/3dof_rehab_arm/build/rehab_arm_robot_control', 'catkin_cmake_args': None, 'catkin_skip_building_tests': False, 'cmake_args': None, 'cmake_clean_cache': False, 'cmake_clean_first': False, 'cmake_force_configure': False, 'cmake_target': None, 'cmake_target_skip_unavailable': False, 'install_base': '/home/dat/Workspace/3dof_rehab_arm/install/rehab_arm_robot_control', 'merge_install': False, 'path': '/home/dat/Workspace/3dof_rehab_arm/src/rehab_arm_robot_control', 'symlink_install': False, 'test_result_base': None}
[0.240s] Level 5:colcon.colcon_core.verb:set package 'rehab_arm_robot_hardware_interface' build argument 'cmake_args' from command line to 'None'
[0.240s] Level 5:colcon.colcon_core.verb:set package 'rehab_arm_robot_hardware_interface' build argument 'cmake_target' from command line to 'None'
[0.240s] Level 5:colcon.colcon_core.verb:set package 'rehab_arm_robot_hardware_interface' build argument 'cmake_target_skip_unavailable' from command line to 'False'
[0.240s] Level 5:colcon.colcon_core.verb:set package 'rehab_arm_robot_hardware_interface' build argument 'cmake_clean_cache' from command line to 'False'
[0.240s] Level 5:colcon.colcon_core.verb:set package 'rehab_arm_robot_hardware_interface' build argument 'cmake_clean_first' from command line to 'False'
[0.240s] Level 5:colcon.colcon_core.verb:set package 'rehab_arm_robot_hardware_interface' build argument 'cmake_force_configure' from command line to 'False'
[0.240s] Level 5:colcon.colcon_core.verb:set package 'rehab_arm_robot_hardware_interface' build argument 'ament_cmake_args' from command line to 'None'
[0.240s] Level 5:colcon.colcon_core.verb:set package 'rehab_arm_robot_hardware_interface' build argument 'catkin_cmake_args' from command line to 'None'
[0.240s] Level 5:colcon.colcon_core.verb:set package 'rehab_arm_robot_hardware_interface' build argument 'catkin_skip_building_tests' from command line to 'False'
[0.240s] DEBUG:colcon.colcon_core.verb:Building package 'rehab_arm_robot_hardware_interface' with the following arguments: {'ament_cmake_args': None, 'build_base': '/home/dat/Workspace/3dof_rehab_arm/build/rehab_arm_robot_hardware_interface', 'catkin_cmake_args': None, 'catkin_skip_building_tests': False, 'cmake_args': None, 'cmake_clean_cache': False, 'cmake_clean_first': False, 'cmake_force_configure': False, 'cmake_target': None, 'cmake_target_skip_unavailable': False, 'install_base': '/home/dat/Workspace/3dof_rehab_arm/install/rehab_arm_robot_hardware_interface', 'merge_install': False, 'path': '/home/dat/Workspace/3dof_rehab_arm/src/rehab_arm_robot_hardware_interface', 'symlink_install': False, 'test_result_base': None}
[0.241s] Level 5:colcon.colcon_core.verb:set package 'rehab_arm_robot_moveit_config' build argument 'cmake_args' from command line to 'None'
[0.241s] Level 5:colcon.colcon_core.verb:set package 'rehab_arm_robot_moveit_config' build argument 'cmake_target' from command line to 'None'
[0.241s] Level 5:colcon.colcon_core.verb:set package 'rehab_arm_robot_moveit_config' build argument 'cmake_target_skip_unavailable' from command line to 'False'
[0.241s] Level 5:colcon.colcon_core.verb:set package 'rehab_arm_robot_moveit_config' build argument 'cmake_clean_cache' from command line to 'False'
[0.241s] Level 5:colcon.colcon_core.verb:set package 'rehab_arm_robot_moveit_config' build argument 'cmake_clean_first' from command line to 'False'
[0.241s] Level 5:colcon.colcon_core.verb:set package 'rehab_arm_robot_moveit_config' build argument 'cmake_force_configure' from command line to 'False'
[0.241s] Level 5:colcon.colcon_core.verb:set package 'rehab_arm_robot_moveit_config' build argument 'ament_cmake_args' from command line to 'None'
[0.241s] Level 5:colcon.colcon_core.verb:set package 'rehab_arm_robot_moveit_config' build argument 'catkin_cmake_args' from command line to 'None'
[0.241s] Level 5:colcon.colcon_core.verb:set package 'rehab_arm_robot_moveit_config' build argument 'catkin_skip_building_tests' from command line to 'False'
[0.241s] DEBUG:colcon.colcon_core.verb:Building package 'rehab_arm_robot_moveit_config' with the following arguments: {'ament_cmake_args': None, 'build_base': '/home/dat/Workspace/3dof_rehab_arm/build/rehab_arm_robot_moveit_config', 'catkin_cmake_args': None, 'catkin_skip_building_tests': False, 'cmake_args': None, 'cmake_clean_cache': False, 'cmake_clean_first': False, 'cmake_force_configure': False, 'cmake_target': None, 'cmake_target_skip_unavailable': False, 'install_base': '/home/dat/Workspace/3dof_rehab_arm/install/rehab_arm_robot_moveit_config', 'merge_install': False, 'path': '/home/dat/Workspace/3dof_rehab_arm/src/rehab_arm_robot_moveit_config', 'symlink_install': False, 'test_result_base': None}
[0.241s] INFO:colcon.colcon_core.executor:Executing jobs using 'parallel' executor
[0.242s] DEBUG:colcon.colcon_parallel_executor.executor.parallel:run_until_complete
[0.242s] INFO:colcon.colcon_ros.task.ament_cmake.build:Building ROS package in '/home/dat/Workspace/3dof_rehab_arm/src/rehab_arm_robot' with build type 'ament_cmake'
[0.242s] INFO:colcon.colcon_cmake.task.cmake.build:Building CMake package in '/home/dat/Workspace/3dof_rehab_arm/src/rehab_arm_robot'
[0.243s] INFO:colcon.colcon_core.plugin_system:Skipping extension 'colcon_core.shell.bat': Not used on non-Windows systems
[0.243s] INFO:colcon.colcon_core.shell:Skip shell extension 'powershell' for command environment: Not usable outside of PowerShell
[0.243s] DEBUG:colcon.colcon_core.shell:Skip shell extension 'dsv' for command environment
[0.247s] INFO:colcon.colcon_ros.task.ament_cmake.build:Building ROS package in '/home/dat/Workspace/3dof_rehab_arm/src/can_odrive_interface' with build type 'ament_cmake'
[0.247s] INFO:colcon.colcon_cmake.task.cmake.build:Building CMake package in '/home/dat/Workspace/3dof_rehab_arm/src/can_odrive_interface'
[0.247s] INFO:colcon.colcon_core.shell:Skip shell extension 'powershell' for command environment: Not usable outside of PowerShell
[0.247s] DEBUG:colcon.colcon_core.shell:Skip shell extension 'dsv' for command environment
[0.251s] INFO:colcon.colcon_ros.task.ament_cmake.build:Building ROS package in '/home/dat/Workspace/3dof_rehab_arm/src/rehab_arm_robot_control' with build type 'ament_cmake'
[0.251s] INFO:colcon.colcon_cmake.task.cmake.build:Building CMake package in '/home/dat/Workspace/3dof_rehab_arm/src/rehab_arm_robot_control'
[0.251s] INFO:colcon.colcon_core.shell:Skip shell extension 'powershell' for command environment: Not usable outside of PowerShell
[0.251s] DEBUG:colcon.colcon_core.shell:Skip shell extension 'dsv' for command environment
[0.255s] INFO:colcon.colcon_ros.task.ament_cmake.build:Building ROS package in '/home/dat/Workspace/3dof_rehab_arm/src/rehab_arm_robot_hardware_interface' with build type 'ament_cmake'
[0.255s] INFO:colcon.colcon_cmake.task.cmake.build:Building CMake package in '/home/dat/Workspace/3dof_rehab_arm/src/rehab_arm_robot_hardware_interface'
[0.255s] INFO:colcon.colcon_core.shell:Skip shell extension 'powershell' for command environment: Not usable outside of PowerShell
[0.255s] DEBUG:colcon.colcon_core.shell:Skip shell extension 'dsv' for command environment
[0.261s] DEBUG:colcon.colcon_core.event_handler.log_command:Invoking command in '/home/dat/Workspace/3dof_rehab_arm/build/rehab_arm_robot': CMAKE_PREFIX_PATH=${CMAKE_PREFIX_PATH}:/home/dat/ws_moveit2/install/moveit_configs_utils:/opt/ros/humble /usr/bin/cmake /home/dat/Workspace/3dof_rehab_arm/src/rehab_arm_robot -DCMAKE_INSTALL_PREFIX=/home/dat/Workspace/3dof_rehab_arm/install/rehab_arm_robot
[0.263s] DEBUG:colcon.colcon_core.event_handler.log_command:Invoking command in '/home/dat/Workspace/3dof_rehab_arm/build/can_odrive_interface': CMAKE_PREFIX_PATH=${CMAKE_PREFIX_PATH}:/home/dat/ws_moveit2/install/moveit_configs_utils:/opt/ros/humble /usr/bin/cmake --build /home/dat/Workspace/3dof_rehab_arm/build/can_odrive_interface -- -j8 -l8
[0.265s] DEBUG:colcon.colcon_core.event_handler.log_command:Invoking command in '/home/dat/Workspace/3dof_rehab_arm/build/rehab_arm_robot_control': CMAKE_PREFIX_PATH=${CMAKE_PREFIX_PATH}:/home/dat/ws_moveit2/install/moveit_configs_utils:/opt/ros/humble /usr/bin/cmake /home/dat/Workspace/3dof_rehab_arm/src/rehab_arm_robot_control -DCMAKE_INSTALL_PREFIX=/home/dat/Workspace/3dof_rehab_arm/install/rehab_arm_robot_control
[0.269s] DEBUG:colcon.colcon_core.event_handler.log_command:Invoking command in '/home/dat/Workspace/3dof_rehab_arm/build/rehab_arm_robot_hardware_interface': CMAKE_PREFIX_PATH=${CMAKE_PREFIX_PATH}:/home/dat/ws_moveit2/install/moveit_configs_utils:/opt/ros/humble /usr/bin/cmake /home/dat/Workspace/3dof_rehab_arm/src/rehab_arm_robot_hardware_interface -DCMAKE_INSTALL_PREFIX=/home/dat/Workspace/3dof_rehab_arm/install/rehab_arm_robot_hardware_interface
[0.364s] DEBUG:colcon.colcon_core.event_handler.log_command:Invoked command in '/home/dat/Workspace/3dof_rehab_arm/build/can_odrive_interface' returned '0': CMAKE_PREFIX_PATH=${CMAKE_PREFIX_PATH}:/home/dat/ws_moveit2/install/moveit_configs_utils:/opt/ros/humble /usr/bin/cmake --build /home/dat/Workspace/3dof_rehab_arm/build/can_odrive_interface -- -j8 -l8
[0.377s] DEBUG:colcon.colcon_core.event_handler.log_command:Invoking command in '/home/dat/Workspace/3dof_rehab_arm/build/can_odrive_interface': CMAKE_PREFIX_PATH=${CMAKE_PREFIX_PATH}:/home/dat/ws_moveit2/install/moveit_configs_utils:/opt/ros/humble /usr/bin/cmake --install /home/dat/Workspace/3dof_rehab_arm/build/can_odrive_interface
[0.386s] Level 1:colcon.colcon_core.environment:create_environment_scripts_only(can_odrive_interface)
[0.387s] DEBUG:colcon.colcon_core.event_handler.log_command:Invoked command in '/home/dat/Workspace/3dof_rehab_arm/build/can_odrive_interface' returned '0': CMAKE_PREFIX_PATH=${CMAKE_PREFIX_PATH}:/home/dat/ws_moveit2/install/moveit_configs_utils:/opt/ros/humble /usr/bin/cmake --install /home/dat/Workspace/3dof_rehab_arm/build/can_odrive_interface
[0.389s] Level 1:colcon.colcon_core.environment:checking '/home/dat/Workspace/3dof_rehab_arm/install/can_odrive_interface' for CMake module files
[0.389s] Level 1:colcon.colcon_core.environment:checking '/home/dat/Workspace/3dof_rehab_arm/install/can_odrive_interface' for CMake config files
[0.389s] Level 1:colcon.colcon_core.shell:create_environment_hook('can_odrive_interface', 'cmake_prefix_path')
[0.390s] INFO:colcon.colcon_core.shell:Creating environment hook '/home/dat/Workspace/3dof_rehab_arm/install/can_odrive_interface/share/can_odrive_interface/hook/cmake_prefix_path.ps1'
[0.390s] INFO:colcon.colcon_core.shell:Creating environment descriptor '/home/dat/Workspace/3dof_rehab_arm/install/can_odrive_interface/share/can_odrive_interface/hook/cmake_prefix_path.dsv'
[0.391s] INFO:colcon.colcon_core.shell:Creating environment hook '/home/dat/Workspace/3dof_rehab_arm/install/can_odrive_interface/share/can_odrive_interface/hook/cmake_prefix_path.sh'
[0.392s] Level 1:colcon.colcon_core.environment:checking '/home/dat/Workspace/3dof_rehab_arm/install/can_odrive_interface/lib'
[0.392s] Level 1:colcon.colcon_core.shell:create_environment_hook('can_odrive_interface', 'ld_library_path_lib')
[0.392s] INFO:colcon.colcon_core.shell:Creating environment hook '/home/dat/Workspace/3dof_rehab_arm/install/can_odrive_interface/share/can_odrive_interface/hook/ld_library_path_lib.ps1'
[0.392s] INFO:colcon.colcon_core.shell:Creating environment descriptor '/home/dat/Workspace/3dof_rehab_arm/install/can_odrive_interface/share/can_odrive_interface/hook/ld_library_path_lib.dsv'
[0.392s] INFO:colcon.colcon_core.shell:Creating environment hook '/home/dat/Workspace/3dof_rehab_arm/install/can_odrive_interface/share/can_odrive_interface/hook/ld_library_path_lib.sh'
[0.393s] Level 1:colcon.colcon_core.environment:checking '/home/dat/Workspace/3dof_rehab_arm/install/can_odrive_interface/bin'
[0.393s] Level 1:colcon.colcon_core.environment:checking '/home/dat/Workspace/3dof_rehab_arm/install/can_odrive_interface/lib/pkgconfig/can_odrive_interface.pc'
[0.393s] Level 1:colcon.colcon_core.environment:checking '/home/dat/Workspace/3dof_rehab_arm/install/can_odrive_interface/lib/python3.10/site-packages'
[0.393s] Level 1:colcon.colcon_core.environment:checking '/home/dat/Workspace/3dof_rehab_arm/install/can_odrive_interface/bin'
[0.393s] INFO:colcon.colcon_core.shell:Creating package script '/home/dat/Workspace/3dof_rehab_arm/install/can_odrive_interface/share/can_odrive_interface/package.ps1'
[0.394s] INFO:colcon.colcon_core.shell:Creating package descriptor '/home/dat/Workspace/3dof_rehab_arm/install/can_odrive_interface/share/can_odrive_interface/package.dsv'
[0.394s] INFO:colcon.colcon_core.shell:Creating package script '/home/dat/Workspace/3dof_rehab_arm/install/can_odrive_interface/share/can_odrive_interface/package.sh'
[0.395s] INFO:colcon.colcon_core.shell:Creating package script '/home/dat/Workspace/3dof_rehab_arm/install/can_odrive_interface/share/can_odrive_interface/package.bash'
[0.395s] INFO:colcon.colcon_core.shell:Creating package script '/home/dat/Workspace/3dof_rehab_arm/install/can_odrive_interface/share/can_odrive_interface/package.zsh'
[0.396s] Level 1:colcon.colcon_core.environment:create_file_with_runtime_dependencies(/home/dat/Workspace/3dof_rehab_arm/install/can_odrive_interface/share/colcon-core/packages/can_odrive_interface)
[0.396s] Level 1:colcon.colcon_core.environment:create_environment_scripts_only(can_odrive_interface)
[0.396s] Level 1:colcon.colcon_core.environment:checking '/home/dat/Workspace/3dof_rehab_arm/install/can_odrive_interface' for CMake module files
[0.396s] Level 1:colcon.colcon_core.environment:checking '/home/dat/Workspace/3dof_rehab_arm/install/can_odrive_interface' for CMake config files
[0.397s] Level 1:colcon.colcon_core.shell:create_environment_hook('can_odrive_interface', 'cmake_prefix_path')
[0.397s] INFO:colcon.colcon_core.shell:Creating environment hook '/home/dat/Workspace/3dof_rehab_arm/install/can_odrive_interface/share/can_odrive_interface/hook/cmake_prefix_path.ps1'
[0.397s] INFO:colcon.colcon_core.shell:Creating environment descriptor '/home/dat/Workspace/3dof_rehab_arm/install/can_odrive_interface/share/can_odrive_interface/hook/cmake_prefix_path.dsv'
[0.397s] INFO:colcon.colcon_core.shell:Creating environment hook '/home/dat/Workspace/3dof_rehab_arm/install/can_odrive_interface/share/can_odrive_interface/hook/cmake_prefix_path.sh'
[0.398s] Level 1:colcon.colcon_core.environment:checking '/home/dat/Workspace/3dof_rehab_arm/install/can_odrive_interface/lib'
[0.398s] Level 1:colcon.colcon_core.shell:create_environment_hook('can_odrive_interface', 'ld_library_path_lib')
[0.398s] INFO:colcon.colcon_core.shell:Creating environment hook '/home/dat/Workspace/3dof_rehab_arm/install/can_odrive_interface/share/can_odrive_interface/hook/ld_library_path_lib.ps1'
[0.398s] INFO:colcon.colcon_core.shell:Creating environment descriptor '/home/dat/Workspace/3dof_rehab_arm/install/can_odrive_interface/share/can_odrive_interface/hook/ld_library_path_lib.dsv'
[0.398s] INFO:colcon.colcon_core.shell:Creating environment hook '/home/dat/Workspace/3dof_rehab_arm/install/can_odrive_interface/share/can_odrive_interface/hook/ld_library_path_lib.sh'
[0.398s] Level 1:colcon.colcon_core.environment:checking '/home/dat/Workspace/3dof_rehab_arm/install/can_odrive_interface/bin'
[0.398s] Level 1:colcon.colcon_core.environment:checking '/home/dat/Workspace/3dof_rehab_arm/install/can_odrive_interface/lib/pkgconfig/can_odrive_interface.pc'
[0.399s] Level 1:colcon.colcon_core.environment:checking '/home/dat/Workspace/3dof_rehab_arm/install/can_odrive_interface/lib/python3.10/site-packages'
[0.399s] Level 1:colcon.colcon_core.environment:checking '/home/dat/Workspace/3dof_rehab_arm/install/can_odrive_interface/bin'
[0.399s] INFO:colcon.colcon_core.shell:Creating package script '/home/dat/Workspace/3dof_rehab_arm/install/can_odrive_interface/share/can_odrive_interface/package.ps1'
[0.399s] INFO:colcon.colcon_core.shell:Creating package descriptor '/home/dat/Workspace/3dof_rehab_arm/install/can_odrive_interface/share/can_odrive_interface/package.dsv'
[0.400s] INFO:colcon.colcon_core.shell:Creating package script '/home/dat/Workspace/3dof_rehab_arm/install/can_odrive_interface/share/can_odrive_interface/package.sh'
[0.400s] INFO:colcon.colcon_core.shell:Creating package script '/home/dat/Workspace/3dof_rehab_arm/install/can_odrive_interface/share/can_odrive_interface/package.bash'
[0.400s] INFO:colcon.colcon_core.shell:Creating package script '/home/dat/Workspace/3dof_rehab_arm/install/can_odrive_interface/share/can_odrive_interface/package.zsh'
[0.400s] Level 1:colcon.colcon_core.environment:create_file_with_runtime_dependencies(/home/dat/Workspace/3dof_rehab_arm/install/can_odrive_interface/share/colcon-core/packages/can_odrive_interface)
[0.794s] DEBUG:colcon.colcon_core.event_handler.log_command:Invoked command in '/home/dat/Workspace/3dof_rehab_arm/build/rehab_arm_robot' returned '0': CMAKE_PREFIX_PATH=${CMAKE_PREFIX_PATH}:/home/dat/ws_moveit2/install/moveit_configs_utils:/opt/ros/humble /usr/bin/cmake /home/dat/Workspace/3dof_rehab_arm/src/rehab_arm_robot -DCMAKE_INSTALL_PREFIX=/home/dat/Workspace/3dof_rehab_arm/install/rehab_arm_robot
[0.796s] DEBUG:colcon.colcon_core.event_handler.log_command:Invoking command in '/home/dat/Workspace/3dof_rehab_arm/build/rehab_arm_robot': CMAKE_PREFIX_PATH=${CMAKE_PREFIX_PATH}:/home/dat/ws_moveit2/install/moveit_configs_utils:/opt/ros/humble /usr/bin/cmake --build /home/dat/Workspace/3dof_rehab_arm/build/rehab_arm_robot -- -j8 -l8
[0.829s] DEBUG:colcon.colcon_core.event_handler.log_command:Invoked command in '/home/dat/Workspace/3dof_rehab_arm/build/rehab_arm_robot' returned '0': CMAKE_PREFIX_PATH=${CMAKE_PREFIX_PATH}:/home/dat/ws_moveit2/install/moveit_configs_utils:/opt/ros/humble /usr/bin/cmake --build /home/dat/Workspace/3dof_rehab_arm/build/rehab_arm_robot -- -j8 -l8
[0.831s] DEBUG:colcon.colcon_core.event_handler.log_command:Invoking command in '/home/dat/Workspace/3dof_rehab_arm/build/rehab_arm_robot': CMAKE_PREFIX_PATH=${CMAKE_PREFIX_PATH}:/home/dat/ws_moveit2/install/moveit_configs_utils:/opt/ros/humble /usr/bin/cmake --install /home/dat/Workspace/3dof_rehab_arm/build/rehab_arm_robot
[0.840s] Level 1:colcon.colcon_core.environment:create_environment_scripts_only(rehab_arm_robot)
[0.840s] Level 1:colcon.colcon_core.environment:checking '/home/dat/Workspace/3dof_rehab_arm/install/rehab_arm_robot' for CMake module files
[0.841s] DEBUG:colcon.colcon_core.event_handler.log_command:Invoked command in '/home/dat/Workspace/3dof_rehab_arm/build/rehab_arm_robot' returned '0': CMAKE_PREFIX_PATH=${CMAKE_PREFIX_PATH}:/home/dat/ws_moveit2/install/moveit_configs_utils:/opt/ros/humble /usr/bin/cmake --install /home/dat/Workspace/3dof_rehab_arm/build/rehab_arm_robot
[0.841s] Level 1:colcon.colcon_core.environment:checking '/home/dat/Workspace/3dof_rehab_arm/install/rehab_arm_robot' for CMake config files
[0.841s] Level 1:colcon.colcon_core.shell:create_environment_hook('rehab_arm_robot', 'cmake_prefix_path')
[0.841s] INFO:colcon.colcon_core.shell:Creating environment hook '/home/dat/Workspace/3dof_rehab_arm/install/rehab_arm_robot/share/rehab_arm_robot/hook/cmake_prefix_path.ps1'
[0.842s] INFO:colcon.colcon_core.shell:Creating environment descriptor '/home/dat/Workspace/3dof_rehab_arm/install/rehab_arm_robot/share/rehab_arm_robot/hook/cmake_prefix_path.dsv'
[0.842s] INFO:colcon.colcon_core.shell:Creating environment hook '/home/dat/Workspace/3dof_rehab_arm/install/rehab_arm_robot/share/rehab_arm_robot/hook/cmake_prefix_path.sh'
[0.842s] Level 1:colcon.colcon_core.environment:checking '/home/dat/Workspace/3dof_rehab_arm/install/rehab_arm_robot/bin'
[0.842s] Level 1:colcon.colcon_core.environment:checking '/home/dat/Workspace/3dof_rehab_arm/install/rehab_arm_robot/lib/pkgconfig/rehab_arm_robot.pc'
[0.842s] Level 1:colcon.colcon_core.environment:checking '/home/dat/Workspace/3dof_rehab_arm/install/rehab_arm_robot/lib/python3.10/site-packages'
[0.843s] Level 1:colcon.colcon_core.environment:checking '/home/dat/Workspace/3dof_rehab_arm/install/rehab_arm_robot/bin'
[0.843s] INFO:colcon.colcon_core.shell:Creating package script '/home/dat/Workspace/3dof_rehab_arm/install/rehab_arm_robot/share/rehab_arm_robot/package.ps1'
[0.843s] INFO:colcon.colcon_core.shell:Creating package descriptor '/home/dat/Workspace/3dof_rehab_arm/install/rehab_arm_robot/share/rehab_arm_robot/package.dsv'
[0.843s] INFO:colcon.colcon_core.shell:Creating package script '/home/dat/Workspace/3dof_rehab_arm/install/rehab_arm_robot/share/rehab_arm_robot/package.sh'
[0.843s] INFO:colcon.colcon_core.shell:Creating package script '/home/dat/Workspace/3dof_rehab_arm/install/rehab_arm_robot/share/rehab_arm_robot/package.bash'
[0.844s] INFO:colcon.colcon_core.shell:Creating package script '/home/dat/Workspace/3dof_rehab_arm/install/rehab_arm_robot/share/rehab_arm_robot/package.zsh'
[0.844s] Level 1:colcon.colcon_core.environment:create_file_with_runtime_dependencies(/home/dat/Workspace/3dof_rehab_arm/install/rehab_arm_robot/share/colcon-core/packages/rehab_arm_robot)
[0.844s] Level 1:colcon.colcon_core.environment:create_environment_scripts_only(rehab_arm_robot)
[0.844s] Level 1:colcon.colcon_core.environment:checking '/home/dat/Workspace/3dof_rehab_arm/install/rehab_arm_robot' for CMake module files
[0.845s] Level 1:colcon.colcon_core.environment:checking '/home/dat/Workspace/3dof_rehab_arm/install/rehab_arm_robot' for CMake config files
[0.845s] Level 1:colcon.colcon_core.shell:create_environment_hook('rehab_arm_robot', 'cmake_prefix_path')
[0.845s] INFO:colcon.colcon_core.shell:Creating environment hook '/home/dat/Workspace/3dof_rehab_arm/install/rehab_arm_robot/share/rehab_arm_robot/hook/cmake_prefix_path.ps1'
[0.845s] INFO:colcon.colcon_core.shell:Creating environment descriptor '/home/dat/Workspace/3dof_rehab_arm/install/rehab_arm_robot/share/rehab_arm_robot/hook/cmake_prefix_path.dsv'
[0.845s] INFO:colcon.colcon_core.shell:Creating environment hook '/home/dat/Workspace/3dof_rehab_arm/install/rehab_arm_robot/share/rehab_arm_robot/hook/cmake_prefix_path.sh'
[0.846s] Level 1:colcon.colcon_core.environment:checking '/home/dat/Workspace/3dof_rehab_arm/install/rehab_arm_robot/bin'
[0.846s] Level 1:colcon.colcon_core.environment:checking '/home/dat/Workspace/3dof_rehab_arm/install/rehab_arm_robot/lib/pkgconfig/rehab_arm_robot.pc'
[0.846s] Level 1:colcon.colcon_core.environment:checking '/home/dat/Workspace/3dof_rehab_arm/install/rehab_arm_robot/lib/python3.10/site-packages'
[0.846s] Level 1:colcon.colcon_core.environment:checking '/home/dat/Workspace/3dof_rehab_arm/install/rehab_arm_robot/bin'
[0.846s] INFO:colcon.colcon_core.shell:Creating package script '/home/dat/Workspace/3dof_rehab_arm/install/rehab_arm_robot/share/rehab_arm_robot/package.ps1'
[0.846s] INFO:colcon.colcon_core.shell:Creating package descriptor '/home/dat/Workspace/3dof_rehab_arm/install/rehab_arm_robot/share/rehab_arm_robot/package.dsv'
[0.847s] INFO:colcon.colcon_core.shell:Creating package script '/home/dat/Workspace/3dof_rehab_arm/install/rehab_arm_robot/share/rehab_arm_robot/package.sh'
[0.847s] INFO:colcon.colcon_core.shell:Creating package script '/home/dat/Workspace/3dof_rehab_arm/install/rehab_arm_robot/share/rehab_arm_robot/package.bash'
[0.847s] INFO:colcon.colcon_core.shell:Creating package script '/home/dat/Workspace/3dof_rehab_arm/install/rehab_arm_robot/share/rehab_arm_robot/package.zsh'
[0.847s] Level 1:colcon.colcon_core.environment:create_file_with_runtime_dependencies(/home/dat/Workspace/3dof_rehab_arm/install/rehab_arm_robot/share/colcon-core/packages/rehab_arm_robot)
[0.848s] INFO:colcon.colcon_ros.task.ament_cmake.build:Building ROS package in '/home/dat/Workspace/3dof_rehab_arm/src/rehab_arm_robot_moveit_config' with build type 'ament_cmake'
[0.848s] INFO:colcon.colcon_cmake.task.cmake.build:Building CMake package in '/home/dat/Workspace/3dof_rehab_arm/src/rehab_arm_robot_moveit_config'
[0.848s] INFO:colcon.colcon_core.shell:Skip shell extension 'powershell' for command environment: Not usable outside of PowerShell
[0.848s] DEBUG:colcon.colcon_core.shell:Skip shell extension 'dsv' for command environment
[0.859s] DEBUG:colcon.colcon_core.event_handler.log_command:Invoking command in '/home/dat/Workspace/3dof_rehab_arm/build/rehab_arm_robot_moveit_config': CMAKE_PREFIX_PATH=/home/dat/Workspace/3dof_rehab_arm/install/rehab_arm_robot:/home/dat/Workspace/3dof_rehab_arm/install/rehab_arm_robot_moveit_config:/home/dat/Workspace/3dof_rehab_arm/install/rehab_arm_robot_hardware_interface:/home/dat/Workspace/3dof_rehab_arm/install/rehab_arm_robot_control:/home/dat/Workspace/3dof_rehab_arm/install/can_odrive_interface:/home/dat/ws_moveit2/install/pilz_industrial_motion_planner_testutils:/home/dat/ws_moveit2/install/moveit_runtime:/home/dat/ws_moveit2/install/moveit:/home/dat/ws_moveit2/install/moveit_planners:/home/dat/ws_moveit2/install/pilz_industrial_motion_planner:/home/dat/ws_moveit2/install/moveit_ros_control_interface:/home/dat/ws_moveit2/install/moveit_plugins:/home/dat/ws_moveit2/install/moveit_simple_controller_manager:/home/dat/ws_moveit2/install/moveit_setup_assistant:/home/dat/ws_moveit2/install/moveit_setup_srdf_plugins:/home/dat/ws_moveit2/install/moveit_setup_core_plugins:/home/dat/ws_moveit2/install/moveit_setup_controllers:/home/dat/ws_moveit2/install/moveit_setup_app_plugins:/home/dat/ws_moveit2/install/moveit_setup_framework:/home/dat/ws_moveit2/install/moveit_servo:/home/dat/ws_moveit2/install/moveit_ros:/home/dat/ws_moveit2/install/moveit_ros_visualization:/home/dat/ws_moveit2/install/moveit_hybrid_planning:/home/dat/ws_moveit2/install/moveit_ros_planning_interface:/home/dat/ws_moveit2/install/moveit_ros_benchmarks:/home/dat/ws_moveit2/install/moveit_ros_warehouse:/home/dat/ws_moveit2/install/moveit_ros_robot_interaction:/home/dat/ws_moveit2/install/moveit_ros_perception:/home/dat/ws_moveit2/install/moveit_resources_prbt_pg70_support:/home/dat/ws_moveit2/install/moveit_resources_prbt_moveit_config:/home/dat/ws_moveit2/install/moveit_ros_move_group:/home/dat/ws_moveit2/install/moveit_planners_ompl:/home/dat/ws_moveit2/install/moveit_ros_planning:/home/dat/ws_moveit2/install/moveit_ros_occupancy_map_monitor:/home/dat/ws_moveit2/install/moveit_resources_prbt_support:/home/dat/ws_moveit2/install/moveit_resources_prbt_ikfast_manipulator_plugin:/home/dat/ws_moveit2/install/moveit_resources:/home/dat/ws_moveit2/install/moveit_resources_pr2_description:/home/dat/ws_moveit2/install/moveit_resources_panda_moveit_config:/home/dat/ws_moveit2/install/moveit_resources_panda_description:/home/dat/ws_moveit2/install/moveit_resources_fanuc_moveit_config:/home/dat/ws_moveit2/install/moveit_resources_fanuc_description:/home/dat/ws_moveit2/install/moveit_planners_chomp:/home/dat/ws_moveit2/install/moveit_kinematics:/home/dat/ws_moveit2/install/moveit_chomp_optimizer_adapter:/home/dat/ws_moveit2/install/chomp_motion_planner:/home/dat/ws_moveit2/install/moveit_core:/home/dat/ws_moveit2/install/moveit_msgs:/home/dat/ws_moveit2/install/moveit_common:/usr/local:/home/dat/ws_moveit2/install/moveit_configs_utils:/opt/ros/humble /usr/bin/cmake /home/dat/Workspace/3dof_rehab_arm/src/rehab_arm_robot_moveit_config -DCMAKE_INSTALL_PREFIX=/home/dat/Workspace/3dof_rehab_arm/install/rehab_arm_robot_moveit_config
[1.355s] DEBUG:colcon.colcon_core.event_handler.log_command:Invoked command in '/home/dat/Workspace/3dof_rehab_arm/build/rehab_arm_robot_moveit_config' returned '0': CMAKE_PREFIX_PATH=/home/dat/Workspace/3dof_rehab_arm/install/rehab_arm_robot:/home/dat/Workspace/3dof_rehab_arm/install/rehab_arm_robot_moveit_config:/home/dat/Workspace/3dof_rehab_arm/install/rehab_arm_robot_hardware_interface:/home/dat/Workspace/3dof_rehab_arm/install/rehab_arm_robot_control:/home/dat/Workspace/3dof_rehab_arm/install/can_odrive_interface:/home/dat/ws_moveit2/install/pilz_industrial_motion_planner_testutils:/home/dat/ws_moveit2/install/moveit_runtime:/home/dat/ws_moveit2/install/moveit:/home/dat/ws_moveit2/install/moveit_planners:/home/dat/ws_moveit2/install/pilz_industrial_motion_planner:/home/dat/ws_moveit2/install/moveit_ros_control_interface:/home/dat/ws_moveit2/install/moveit_plugins:/home/dat/ws_moveit2/install/moveit_simple_controller_manager:/home/dat/ws_moveit2/install/moveit_setup_assistant:/home/dat/ws_moveit2/install/moveit_setup_srdf_plugins:/home/dat/ws_moveit2/install/moveit_setup_core_plugins:/home/dat/ws_moveit2/install/moveit_setup_controllers:/home/dat/ws_moveit2/install/moveit_setup_app_plugins:/home/dat/ws_moveit2/install/moveit_setup_framework:/home/dat/ws_moveit2/install/moveit_servo:/home/dat/ws_moveit2/install/moveit_ros:/home/dat/ws_moveit2/install/moveit_ros_visualization:/home/dat/ws_moveit2/install/moveit_hybrid_planning:/home/dat/ws_moveit2/install/moveit_ros_planning_interface:/home/dat/ws_moveit2/install/moveit_ros_benchmarks:/home/dat/ws_moveit2/install/moveit_ros_warehouse:/home/dat/ws_moveit2/install/moveit_ros_robot_interaction:/home/dat/ws_moveit2/install/moveit_ros_perception:/home/dat/ws_moveit2/install/moveit_resources_prbt_pg70_support:/home/dat/ws_moveit2/install/moveit_resources_prbt_moveit_config:/home/dat/ws_moveit2/install/moveit_ros_move_group:/home/dat/ws_moveit2/install/moveit_planners_ompl:/home/dat/ws_moveit2/install/moveit_ros_planning:/home/dat/ws_moveit2/install/moveit_ros_occupancy_map_monitor:/home/dat/ws_moveit2/install/moveit_resources_prbt_support:/home/dat/ws_moveit2/install/moveit_resources_prbt_ikfast_manipulator_plugin:/home/dat/ws_moveit2/install/moveit_resources:/home/dat/ws_moveit2/install/moveit_resources_pr2_description:/home/dat/ws_moveit2/install/moveit_resources_panda_moveit_config:/home/dat/ws_moveit2/install/moveit_resources_panda_description:/home/dat/ws_moveit2/install/moveit_resources_fanuc_moveit_config:/home/dat/ws_moveit2/install/moveit_resources_fanuc_description:/home/dat/ws_moveit2/install/moveit_planners_chomp:/home/dat/ws_moveit2/install/moveit_kinematics:/home/dat/ws_moveit2/install/moveit_chomp_optimizer_adapter:/home/dat/ws_moveit2/install/chomp_motion_planner:/home/dat/ws_moveit2/install/moveit_core:/home/dat/ws_moveit2/install/moveit_msgs:/home/dat/ws_moveit2/install/moveit_common:/usr/local:/home/dat/ws_moveit2/install/moveit_configs_utils:/opt/ros/humble /usr/bin/cmake /home/dat/Workspace/3dof_rehab_arm/src/rehab_arm_robot_moveit_config -DCMAKE_INSTALL_PREFIX=/home/dat/Workspace/3dof_rehab_arm/install/rehab_arm_robot_moveit_config
[1.357s] DEBUG:colcon.colcon_core.event_handler.log_command:Invoking command in '/home/dat/Workspace/3dof_rehab_arm/build/rehab_arm_robot_moveit_config': CMAKE_PREFIX_PATH=/home/dat/Workspace/3dof_rehab_arm/install/rehab_arm_robot:/home/dat/Workspace/3dof_rehab_arm/install/rehab_arm_robot_moveit_config:/home/dat/Workspace/3dof_rehab_arm/install/rehab_arm_robot_hardware_interface:/home/dat/Workspace/3dof_rehab_arm/install/rehab_arm_robot_control:/home/dat/Workspace/3dof_rehab_arm/install/can_odrive_interface:/home/dat/ws_moveit2/install/pilz_industrial_motion_planner_testutils:/home/dat/ws_moveit2/install/moveit_runtime:/home/dat/ws_moveit2/install/moveit:/home/dat/ws_moveit2/install/moveit_planners:/home/dat/ws_moveit2/install/pilz_industrial_motion_planner:/home/dat/ws_moveit2/install/moveit_ros_control_interface:/home/dat/ws_moveit2/install/moveit_plugins:/home/dat/ws_moveit2/install/moveit_simple_controller_manager:/home/dat/ws_moveit2/install/moveit_setup_assistant:/home/dat/ws_moveit2/install/moveit_setup_srdf_plugins:/home/dat/ws_moveit2/install/moveit_setup_core_plugins:/home/dat/ws_moveit2/install/moveit_setup_controllers:/home/dat/ws_moveit2/install/moveit_setup_app_plugins:/home/dat/ws_moveit2/install/moveit_setup_framework:/home/dat/ws_moveit2/install/moveit_servo:/home/dat/ws_moveit2/install/moveit_ros:/home/dat/ws_moveit2/install/moveit_ros_visualization:/home/dat/ws_moveit2/install/moveit_hybrid_planning:/home/dat/ws_moveit2/install/moveit_ros_planning_interface:/home/dat/ws_moveit2/install/moveit_ros_benchmarks:/home/dat/ws_moveit2/install/moveit_ros_warehouse:/home/dat/ws_moveit2/install/moveit_ros_robot_interaction:/home/dat/ws_moveit2/install/moveit_ros_perception:/home/dat/ws_moveit2/install/moveit_resources_prbt_pg70_support:/home/dat/ws_moveit2/install/moveit_resources_prbt_moveit_config:/home/dat/ws_moveit2/install/moveit_ros_move_group:/home/dat/ws_moveit2/install/moveit_planners_ompl:/home/dat/ws_moveit2/install/moveit_ros_planning:/home/dat/ws_moveit2/install/moveit_ros_occupancy_map_monitor:/home/dat/ws_moveit2/install/moveit_resources_prbt_support:/home/dat/ws_moveit2/install/moveit_resources_prbt_ikfast_manipulator_plugin:/home/dat/ws_moveit2/install/moveit_resources:/home/dat/ws_moveit2/install/moveit_resources_pr2_description:/home/dat/ws_moveit2/install/moveit_resources_panda_moveit_config:/home/dat/ws_moveit2/install/moveit_resources_panda_description:/home/dat/ws_moveit2/install/moveit_resources_fanuc_moveit_config:/home/dat/ws_moveit2/install/moveit_resources_fanuc_description:/home/dat/ws_moveit2/install/moveit_planners_chomp:/home/dat/ws_moveit2/install/moveit_kinematics:/home/dat/ws_moveit2/install/moveit_chomp_optimizer_adapter:/home/dat/ws_moveit2/install/chomp_motion_planner:/home/dat/ws_moveit2/install/moveit_core:/home/dat/ws_moveit2/install/moveit_msgs:/home/dat/ws_moveit2/install/moveit_common:/usr/local:/home/dat/ws_moveit2/install/moveit_configs_utils:/opt/ros/humble /usr/bin/cmake --build /home/dat/Workspace/3dof_rehab_arm/build/rehab_arm_robot_moveit_config -- -j8 -l8
[1.392s] DEBUG:colcon.colcon_core.event_handler.log_command:Invoked command in '/home/dat/Workspace/3dof_rehab_arm/build/rehab_arm_robot_moveit_config' returned '0': CMAKE_PREFIX_PATH=/home/dat/Workspace/3dof_rehab_arm/install/rehab_arm_robot:/home/dat/Workspace/3dof_rehab_arm/install/rehab_arm_robot_moveit_config:/home/dat/Workspace/3dof_rehab_arm/install/rehab_arm_robot_hardware_interface:/home/dat/Workspace/3dof_rehab_arm/install/rehab_arm_robot_control:/home/dat/Workspace/3dof_rehab_arm/install/can_odrive_interface:/home/dat/ws_moveit2/install/pilz_industrial_motion_planner_testutils:/home/dat/ws_moveit2/install/moveit_runtime:/home/dat/ws_moveit2/install/moveit:/home/dat/ws_moveit2/install/moveit_planners:/home/dat/ws_moveit2/install/pilz_industrial_motion_planner:/home/dat/ws_moveit2/install/moveit_ros_control_interface:/home/dat/ws_moveit2/install/moveit_plugins:/home/dat/ws_moveit2/install/moveit_simple_controller_manager:/home/dat/ws_moveit2/install/moveit_setup_assistant:/home/dat/ws_moveit2/install/moveit_setup_srdf_plugins:/home/dat/ws_moveit2/install/moveit_setup_core_plugins:/home/dat/ws_moveit2/install/moveit_setup_controllers:/home/dat/ws_moveit2/install/moveit_setup_app_plugins:/home/dat/ws_moveit2/install/moveit_setup_framework:/home/dat/ws_moveit2/install/moveit_servo:/home/dat/ws_moveit2/install/moveit_ros:/home/dat/ws_moveit2/install/moveit_ros_visualization:/home/dat/ws_moveit2/install/moveit_hybrid_planning:/home/dat/ws_moveit2/install/moveit_ros_planning_interface:/home/dat/ws_moveit2/install/moveit_ros_benchmarks:/home/dat/ws_moveit2/install/moveit_ros_warehouse:/home/dat/ws_moveit2/install/moveit_ros_robot_interaction:/home/dat/ws_moveit2/install/moveit_ros_perception:/home/dat/ws_moveit2/install/moveit_resources_prbt_pg70_support:/home/dat/ws_moveit2/install/moveit_resources_prbt_moveit_config:/home/dat/ws_moveit2/install/moveit_ros_move_group:/home/dat/ws_moveit2/install/moveit_planners_ompl:/home/dat/ws_moveit2/install/moveit_ros_planning:/home/dat/ws_moveit2/install/moveit_ros_occupancy_map_monitor:/home/dat/ws_moveit2/install/moveit_resources_prbt_support:/home/dat/ws_moveit2/install/moveit_resources_prbt_ikfast_manipulator_plugin:/home/dat/ws_moveit2/install/moveit_resources:/home/dat/ws_moveit2/install/moveit_resources_pr2_description:/home/dat/ws_moveit2/install/moveit_resources_panda_moveit_config:/home/dat/ws_moveit2/install/moveit_resources_panda_description:/home/dat/ws_moveit2/install/moveit_resources_fanuc_moveit_config:/home/dat/ws_moveit2/install/moveit_resources_fanuc_description:/home/dat/ws_moveit2/install/moveit_planners_chomp:/home/dat/ws_moveit2/install/moveit_kinematics:/home/dat/ws_moveit2/install/moveit_chomp_optimizer_adapter:/home/dat/ws_moveit2/install/chomp_motion_planner:/home/dat/ws_moveit2/install/moveit_core:/home/dat/ws_moveit2/install/moveit_msgs:/home/dat/ws_moveit2/install/moveit_common:/usr/local:/home/dat/ws_moveit2/install/moveit_configs_utils:/opt/ros/humble /usr/bin/cmake --build /home/dat/Workspace/3dof_rehab_arm/build/rehab_arm_robot_moveit_config -- -j8 -l8
[1.394s] DEBUG:colcon.colcon_core.event_handler.log_command:Invoking command in '/home/dat/Workspace/3dof_rehab_arm/build/rehab_arm_robot_moveit_config': CMAKE_PREFIX_PATH=/home/dat/Workspace/3dof_rehab_arm/install/rehab_arm_robot:/home/dat/Workspace/3dof_rehab_arm/install/rehab_arm_robot_moveit_config:/home/dat/Workspace/3dof_rehab_arm/install/rehab_arm_robot_hardware_interface:/home/dat/Workspace/3dof_rehab_arm/install/rehab_arm_robot_control:/home/dat/Workspace/3dof_rehab_arm/install/can_odrive_interface:/home/dat/ws_moveit2/install/pilz_industrial_motion_planner_testutils:/home/dat/ws_moveit2/install/moveit_runtime:/home/dat/ws_moveit2/install/moveit:/home/dat/ws_moveit2/install/moveit_planners:/home/dat/ws_moveit2/install/pilz_industrial_motion_planner:/home/dat/ws_moveit2/install/moveit_ros_control_interface:/home/dat/ws_moveit2/install/moveit_plugins:/home/dat/ws_moveit2/install/moveit_simple_controller_manager:/home/dat/ws_moveit2/install/moveit_setup_assistant:/home/dat/ws_moveit2/install/moveit_setup_srdf_plugins:/home/dat/ws_moveit2/install/moveit_setup_core_plugins:/home/dat/ws_moveit2/install/moveit_setup_controllers:/home/dat/ws_moveit2/install/moveit_setup_app_plugins:/home/dat/ws_moveit2/install/moveit_setup_framework:/home/dat/ws_moveit2/install/moveit_servo:/home/dat/ws_moveit2/install/moveit_ros:/home/dat/ws_moveit2/install/moveit_ros_visualization:/home/dat/ws_moveit2/install/moveit_hybrid_planning:/home/dat/ws_moveit2/install/moveit_ros_planning_interface:/home/dat/ws_moveit2/install/moveit_ros_benchmarks:/home/dat/ws_moveit2/install/moveit_ros_warehouse:/home/dat/ws_moveit2/install/moveit_ros_robot_interaction:/home/dat/ws_moveit2/install/moveit_ros_perception:/home/dat/ws_moveit2/install/moveit_resources_prbt_pg70_support:/home/dat/ws_moveit2/install/moveit_resources_prbt_moveit_config:/home/dat/ws_moveit2/install/moveit_ros_move_group:/home/dat/ws_moveit2/install/moveit_planners_ompl:/home/dat/ws_moveit2/install/moveit_ros_planning:/home/dat/ws_moveit2/install/moveit_ros_occupancy_map_monitor:/home/dat/ws_moveit2/install/moveit_resources_prbt_support:/home/dat/ws_moveit2/install/moveit_resources_prbt_ikfast_manipulator_plugin:/home/dat/ws_moveit2/install/moveit_resources:/home/dat/ws_moveit2/install/moveit_resources_pr2_description:/home/dat/ws_moveit2/install/moveit_resources_panda_moveit_config:/home/dat/ws_moveit2/install/moveit_resources_panda_description:/home/dat/ws_moveit2/install/moveit_resources_fanuc_moveit_config:/home/dat/ws_moveit2/install/moveit_resources_fanuc_description:/home/dat/ws_moveit2/install/moveit_planners_chomp:/home/dat/ws_moveit2/install/moveit_kinematics:/home/dat/ws_moveit2/install/moveit_chomp_optimizer_adapter:/home/dat/ws_moveit2/install/chomp_motion_planner:/home/dat/ws_moveit2/install/moveit_core:/home/dat/ws_moveit2/install/moveit_msgs:/home/dat/ws_moveit2/install/moveit_common:/usr/local:/home/dat/ws_moveit2/install/moveit_configs_utils:/opt/ros/humble /usr/bin/cmake --install /home/dat/Workspace/3dof_rehab_arm/build/rehab_arm_robot_moveit_config
[1.404s] Level 1:colcon.colcon_core.environment:create_environment_scripts_only(rehab_arm_robot_moveit_config)
[1.405s] Level 1:colcon.colcon_core.environment:checking '/home/dat/Workspace/3dof_rehab_arm/install/rehab_arm_robot_moveit_config' for CMake module files
[1.405s] DEBUG:colcon.colcon_core.event_handler.log_command:Invoked command in '/home/dat/Workspace/3dof_rehab_arm/build/rehab_arm_robot_moveit_config' returned '0': CMAKE_PREFIX_PATH=/home/dat/Workspace/3dof_rehab_arm/install/rehab_arm_robot:/home/dat/Workspace/3dof_rehab_arm/install/rehab_arm_robot_moveit_config:/home/dat/Workspace/3dof_rehab_arm/install/rehab_arm_robot_hardware_interface:/home/dat/Workspace/3dof_rehab_arm/install/rehab_arm_robot_control:/home/dat/Workspace/3dof_rehab_arm/install/can_odrive_interface:/home/dat/ws_moveit2/install/pilz_industrial_motion_planner_testutils:/home/dat/ws_moveit2/install/moveit_runtime:/home/dat/ws_moveit2/install/moveit:/home/dat/ws_moveit2/install/moveit_planners:/home/dat/ws_moveit2/install/pilz_industrial_motion_planner:/home/dat/ws_moveit2/install/moveit_ros_control_interface:/home/dat/ws_moveit2/install/moveit_plugins:/home/dat/ws_moveit2/install/moveit_simple_controller_manager:/home/dat/ws_moveit2/install/moveit_setup_assistant:/home/dat/ws_moveit2/install/moveit_setup_srdf_plugins:/home/dat/ws_moveit2/install/moveit_setup_core_plugins:/home/dat/ws_moveit2/install/moveit_setup_controllers:/home/dat/ws_moveit2/install/moveit_setup_app_plugins:/home/dat/ws_moveit2/install/moveit_setup_framework:/home/dat/ws_moveit2/install/moveit_servo:/home/dat/ws_moveit2/install/moveit_ros:/home/dat/ws_moveit2/install/moveit_ros_visualization:/home/dat/ws_moveit2/install/moveit_hybrid_planning:/home/dat/ws_moveit2/install/moveit_ros_planning_interface:/home/dat/ws_moveit2/install/moveit_ros_benchmarks:/home/dat/ws_moveit2/install/moveit_ros_warehouse:/home/dat/ws_moveit2/install/moveit_ros_robot_interaction:/home/dat/ws_moveit2/install/moveit_ros_perception:/home/dat/ws_moveit2/install/moveit_resources_prbt_pg70_support:/home/dat/ws_moveit2/install/moveit_resources_prbt_moveit_config:/home/dat/ws_moveit2/install/moveit_ros_move_group:/home/dat/ws_moveit2/install/moveit_planners_ompl:/home/dat/ws_moveit2/install/moveit_ros_planning:/home/dat/ws_moveit2/install/moveit_ros_occupancy_map_monitor:/home/dat/ws_moveit2/install/moveit_resources_prbt_support:/home/dat/ws_moveit2/install/moveit_resources_prbt_ikfast_manipulator_plugin:/home/dat/ws_moveit2/install/moveit_resources:/home/dat/ws_moveit2/install/moveit_resources_pr2_description:/home/dat/ws_moveit2/install/moveit_resources_panda_moveit_config:/home/dat/ws_moveit2/install/moveit_resources_panda_description:/home/dat/ws_moveit2/install/moveit_resources_fanuc_moveit_config:/home/dat/ws_moveit2/install/moveit_resources_fanuc_description:/home/dat/ws_moveit2/install/moveit_planners_chomp:/home/dat/ws_moveit2/install/moveit_kinematics:/home/dat/ws_moveit2/install/moveit_chomp_optimizer_adapter:/home/dat/ws_moveit2/install/chomp_motion_planner:/home/dat/ws_moveit2/install/moveit_core:/home/dat/ws_moveit2/install/moveit_msgs:/home/dat/ws_moveit2/install/moveit_common:/usr/local:/home/dat/ws_moveit2/install/moveit_configs_utils:/opt/ros/humble /usr/bin/cmake --install /home/dat/Workspace/3dof_rehab_arm/build/rehab_arm_robot_moveit_config
[1.406s] Level 1:colcon.colcon_core.environment:checking '/home/dat/Workspace/3dof_rehab_arm/install/rehab_arm_robot_moveit_config' for CMake config files
[1.406s] Level 1:colcon.colcon_core.shell:create_environment_hook('rehab_arm_robot_moveit_config', 'cmake_prefix_path')
[1.406s] INFO:colcon.colcon_core.shell:Creating environment hook '/home/dat/Workspace/3dof_rehab_arm/install/rehab_arm_robot_moveit_config/share/rehab_arm_robot_moveit_config/hook/cmake_prefix_path.ps1'
[1.406s] INFO:colcon.colcon_core.shell:Creating environment descriptor '/home/dat/Workspace/3dof_rehab_arm/install/rehab_arm_robot_moveit_config/share/rehab_arm_robot_moveit_config/hook/cmake_prefix_path.dsv'
[1.407s] INFO:colcon.colcon_core.shell:Creating environment hook '/home/dat/Workspace/3dof_rehab_arm/install/rehab_arm_robot_moveit_config/share/rehab_arm_robot_moveit_config/hook/cmake_prefix_path.sh'
[1.407s] Level 1:colcon.colcon_core.environment:checking '/home/dat/Workspace/3dof_rehab_arm/install/rehab_arm_robot_moveit_config/bin'
[1.407s] Level 1:colcon.colcon_core.environment:checking '/home/dat/Workspace/3dof_rehab_arm/install/rehab_arm_robot_moveit_config/lib/pkgconfig/rehab_arm_robot_moveit_config.pc'
[1.408s] Level 1:colcon.colcon_core.environment:checking '/home/dat/Workspace/3dof_rehab_arm/install/rehab_arm_robot_moveit_config/lib/python3.10/site-packages'
[1.408s] Level 1:colcon.colcon_core.environment:checking '/home/dat/Workspace/3dof_rehab_arm/install/rehab_arm_robot_moveit_config/bin'
[1.408s] INFO:colcon.colcon_core.shell:Creating package script '/home/dat/Workspace/3dof_rehab_arm/install/rehab_arm_robot_moveit_config/share/rehab_arm_robot_moveit_config/package.ps1'
[1.408s] INFO:colcon.colcon_core.shell:Creating package descriptor '/home/dat/Workspace/3dof_rehab_arm/install/rehab_arm_robot_moveit_config/share/rehab_arm_robot_moveit_config/package.dsv'
[1.409s] INFO:colcon.colcon_core.shell:Creating package script '/home/dat/Workspace/3dof_rehab_arm/install/rehab_arm_robot_moveit_config/share/rehab_arm_robot_moveit_config/package.sh'
[1.409s] INFO:colcon.colcon_core.shell:Creating package script '/home/dat/Workspace/3dof_rehab_arm/install/rehab_arm_robot_moveit_config/share/rehab_arm_robot_moveit_config/package.bash'
[1.409s] INFO:colcon.colcon_core.shell:Creating package script '/home/dat/Workspace/3dof_rehab_arm/install/rehab_arm_robot_moveit_config/share/rehab_arm_robot_moveit_config/package.zsh'
[1.410s] Level 1:colcon.colcon_core.environment:create_file_with_runtime_dependencies(/home/dat/Workspace/3dof_rehab_arm/install/rehab_arm_robot_moveit_config/share/colcon-core/packages/rehab_arm_robot_moveit_config)
[1.410s] Level 1:colcon.colcon_core.environment:create_environment_scripts_only(rehab_arm_robot_moveit_config)
[1.410s] Level 1:colcon.colcon_core.environment:checking '/home/dat/Workspace/3dof_rehab_arm/install/rehab_arm_robot_moveit_config' for CMake module files
[1.411s] Level 1:colcon.colcon_core.environment:checking '/home/dat/Workspace/3dof_rehab_arm/install/rehab_arm_robot_moveit_config' for CMake config files
[1.411s] Level 1:colcon.colcon_core.shell:create_environment_hook('rehab_arm_robot_moveit_config', 'cmake_prefix_path')
[1.411s] INFO:colcon.colcon_core.shell:Creating environment hook '/home/dat/Workspace/3dof_rehab_arm/install/rehab_arm_robot_moveit_config/share/rehab_arm_robot_moveit_config/hook/cmake_prefix_path.ps1'
[1.411s] INFO:colcon.colcon_core.shell:Creating environment descriptor '/home/dat/Workspace/3dof_rehab_arm/install/rehab_arm_robot_moveit_config/share/rehab_arm_robot_moveit_config/hook/cmake_prefix_path.dsv'
[1.412s] INFO:colcon.colcon_core.shell:Creating environment hook '/home/dat/Workspace/3dof_rehab_arm/install/rehab_arm_robot_moveit_config/share/rehab_arm_robot_moveit_config/hook/cmake_prefix_path.sh'
[1.412s] Level 1:colcon.colcon_core.environment:checking '/home/dat/Workspace/3dof_rehab_arm/install/rehab_arm_robot_moveit_config/bin'
[1.412s] Level 1:colcon.colcon_core.environment:checking '/home/dat/Workspace/3dof_rehab_arm/install/rehab_arm_robot_moveit_config/lib/pkgconfig/rehab_arm_robot_moveit_config.pc'
[1.412s] Level 1:colcon.colcon_core.environment:checking '/home/dat/Workspace/3dof_rehab_arm/install/rehab_arm_robot_moveit_config/lib/python3.10/site-packages'
[1.413s] Level 1:colcon.colcon_core.environment:checking '/home/dat/Workspace/3dof_rehab_arm/install/rehab_arm_robot_moveit_config/bin'
[1.413s] INFO:colcon.colcon_core.shell:Creating package script '/home/dat/Workspace/3dof_rehab_arm/install/rehab_arm_robot_moveit_config/share/rehab_arm_robot_moveit_config/package.ps1'
[1.414s] INFO:colcon.colcon_core.shell:Creating package descriptor '/home/dat/Workspace/3dof_rehab_arm/install/rehab_arm_robot_moveit_config/share/rehab_arm_robot_moveit_config/package.dsv'
[1.414s] INFO:colcon.colcon_core.shell:Creating package script '/home/dat/Workspace/3dof_rehab_arm/install/rehab_arm_robot_moveit_config/share/rehab_arm_robot_moveit_config/package.sh'
[1.414s] INFO:colcon.colcon_core.shell:Creating package script '/home/dat/Workspace/3dof_rehab_arm/install/rehab_arm_robot_moveit_config/share/rehab_arm_robot_moveit_config/package.bash'
[1.415s] INFO:colcon.colcon_core.shell:Creating package script '/home/dat/Workspace/3dof_rehab_arm/install/rehab_arm_robot_moveit_config/share/rehab_arm_robot_moveit_config/package.zsh'
[1.415s] Level 1:colcon.colcon_core.environment:create_file_with_runtime_dependencies(/home/dat/Workspace/3dof_rehab_arm/install/rehab_arm_robot_moveit_config/share/colcon-core/packages/rehab_arm_robot_moveit_config)
[1.424s] DEBUG:colcon.colcon_core.event_handler.log_command:Invoked command in '/home/dat/Workspace/3dof_rehab_arm/build/rehab_arm_robot_hardware_interface' returned '0': CMAKE_PREFIX_PATH=${CMAKE_PREFIX_PATH}:/home/dat/ws_moveit2/install/moveit_configs_utils:/opt/ros/humble /usr/bin/cmake /home/dat/Workspace/3dof_rehab_arm/src/rehab_arm_robot_hardware_interface -DCMAKE_INSTALL_PREFIX=/home/dat/Workspace/3dof_rehab_arm/install/rehab_arm_robot_hardware_interface
[1.425s] DEBUG:colcon.colcon_core.event_handler.log_command:Invoking command in '/home/dat/Workspace/3dof_rehab_arm/build/rehab_arm_robot_hardware_interface': CMAKE_PREFIX_PATH=${CMAKE_PREFIX_PATH}:/home/dat/ws_moveit2/install/moveit_configs_utils:/opt/ros/humble /usr/bin/cmake --build /home/dat/Workspace/3dof_rehab_arm/build/rehab_arm_robot_hardware_interface -- -j8 -l8
[1.961s] DEBUG:colcon.colcon_core.event_handler.log_command:Invoked command in '/home/dat/Workspace/3dof_rehab_arm/build/rehab_arm_robot_control' returned '0': CMAKE_PREFIX_PATH=${CMAKE_PREFIX_PATH}:/home/dat/ws_moveit2/install/moveit_configs_utils:/opt/ros/humble /usr/bin/cmake /home/dat/Workspace/3dof_rehab_arm/src/rehab_arm_robot_control -DCMAKE_INSTALL_PREFIX=/home/dat/Workspace/3dof_rehab_arm/install/rehab_arm_robot_control
[1.962s] DEBUG:colcon.colcon_core.event_handler.log_command:Invoking command in '/home/dat/Workspace/3dof_rehab_arm/build/rehab_arm_robot_control': CMAKE_PREFIX_PATH=${CMAKE_PREFIX_PATH}:/home/dat/ws_moveit2/install/moveit_configs_utils:/opt/ros/humble /usr/bin/cmake --build /home/dat/Workspace/3dof_rehab_arm/build/rehab_arm_robot_control -- -j8 -l8
[4.221s] DEBUG:colcon.colcon_core.event_handler.log_command:Invoked command in '/home/dat/Workspace/3dof_rehab_arm/build/rehab_arm_robot_hardware_interface' returned '0': CMAKE_PREFIX_PATH=${CMAKE_PREFIX_PATH}:/home/dat/ws_moveit2/install/moveit_configs_utils:/opt/ros/humble /usr/bin/cmake --build /home/dat/Workspace/3dof_rehab_arm/build/rehab_arm_robot_hardware_interface -- -j8 -l8
[4.222s] DEBUG:colcon.colcon_core.event_handler.log_command:Invoking command in '/home/dat/Workspace/3dof_rehab_arm/build/rehab_arm_robot_hardware_interface': CMAKE_PREFIX_PATH=${CMAKE_PREFIX_PATH}:/home/dat/ws_moveit2/install/moveit_configs_utils:/opt/ros/humble /usr/bin/cmake --install /home/dat/Workspace/3dof_rehab_arm/build/rehab_arm_robot_hardware_interface
[4.234s] Level 1:colcon.colcon_core.environment:create_environment_scripts_only(rehab_arm_robot_hardware_interface)
[4.234s] Level 1:colcon.colcon_core.environment:checking '/home/dat/Workspace/3dof_rehab_arm/install/rehab_arm_robot_hardware_interface' for CMake module files
[4.234s] DEBUG:colcon.colcon_core.event_handler.log_command:Invoked command in '/home/dat/Workspace/3dof_rehab_arm/build/rehab_arm_robot_hardware_interface' returned '0': CMAKE_PREFIX_PATH=${CMAKE_PREFIX_PATH}:/home/dat/ws_moveit2/install/moveit_configs_utils:/opt/ros/humble /usr/bin/cmake --install /home/dat/Workspace/3dof_rehab_arm/build/rehab_arm_robot_hardware_interface
[4.235s] Level 1:colcon.colcon_core.environment:checking '/home/dat/Workspace/3dof_rehab_arm/install/rehab_arm_robot_hardware_interface' for CMake config files
[4.235s] Level 1:colcon.colcon_core.shell:create_environment_hook('rehab_arm_robot_hardware_interface', 'cmake_prefix_path')
[4.235s] INFO:colcon.colcon_core.shell:Creating environment hook '/home/dat/Workspace/3dof_rehab_arm/install/rehab_arm_robot_hardware_interface/share/rehab_arm_robot_hardware_interface/hook/cmake_prefix_path.ps1'
[4.235s] INFO:colcon.colcon_core.shell:Creating environment descriptor '/home/dat/Workspace/3dof_rehab_arm/install/rehab_arm_robot_hardware_interface/share/rehab_arm_robot_hardware_interface/hook/cmake_prefix_path.dsv'
[4.236s] INFO:colcon.colcon_core.shell:Creating environment hook '/home/dat/Workspace/3dof_rehab_arm/install/rehab_arm_robot_hardware_interface/share/rehab_arm_robot_hardware_interface/hook/cmake_prefix_path.sh'
[4.236s] Level 1:colcon.colcon_core.environment:checking '/home/dat/Workspace/3dof_rehab_arm/install/rehab_arm_robot_hardware_interface/lib'
[4.236s] Level 1:colcon.colcon_core.shell:create_environment_hook('rehab_arm_robot_hardware_interface', 'ld_library_path_lib')
[4.236s] INFO:colcon.colcon_core.shell:Creating environment hook '/home/dat/Workspace/3dof_rehab_arm/install/rehab_arm_robot_hardware_interface/share/rehab_arm_robot_hardware_interface/hook/ld_library_path_lib.ps1'
[4.236s] INFO:colcon.colcon_core.shell:Creating environment descriptor '/home/dat/Workspace/3dof_rehab_arm/install/rehab_arm_robot_hardware_interface/share/rehab_arm_robot_hardware_interface/hook/ld_library_path_lib.dsv'
[4.237s] INFO:colcon.colcon_core.shell:Creating environment hook '/home/dat/Workspace/3dof_rehab_arm/install/rehab_arm_robot_hardware_interface/share/rehab_arm_robot_hardware_interface/hook/ld_library_path_lib.sh'
[4.237s] Level 1:colcon.colcon_core.environment:checking '/home/dat/Workspace/3dof_rehab_arm/install/rehab_arm_robot_hardware_interface/bin'
[4.237s] Level 1:colcon.colcon_core.environment:checking '/home/dat/Workspace/3dof_rehab_arm/install/rehab_arm_robot_hardware_interface/lib/pkgconfig/rehab_arm_robot_hardware_interface.pc'
[4.237s] Level 1:colcon.colcon_core.environment:checking '/home/dat/Workspace/3dof_rehab_arm/install/rehab_arm_robot_hardware_interface/lib/python3.10/site-packages'
[4.237s] Level 1:colcon.colcon_core.environment:checking '/home/dat/Workspace/3dof_rehab_arm/install/rehab_arm_robot_hardware_interface/bin'
[4.237s] INFO:colcon.colcon_core.shell:Creating package script '/home/dat/Workspace/3dof_rehab_arm/install/rehab_arm_robot_hardware_interface/share/rehab_arm_robot_hardware_interface/package.ps1'
[4.238s] INFO:colcon.colcon_core.shell:Creating package descriptor '/home/dat/Workspace/3dof_rehab_arm/install/rehab_arm_robot_hardware_interface/share/rehab_arm_robot_hardware_interface/package.dsv'
[4.238s] INFO:colcon.colcon_core.shell:Creating package script '/home/dat/Workspace/3dof_rehab_arm/install/rehab_arm_robot_hardware_interface/share/rehab_arm_robot_hardware_interface/package.sh'
[4.238s] INFO:colcon.colcon_core.shell:Creating package script '/home/dat/Workspace/3dof_rehab_arm/install/rehab_arm_robot_hardware_interface/share/rehab_arm_robot_hardware_interface/package.bash'
[4.238s] INFO:colcon.colcon_core.shell:Creating package script '/home/dat/Workspace/3dof_rehab_arm/install/rehab_arm_robot_hardware_interface/share/rehab_arm_robot_hardware_interface/package.zsh'
[4.238s] Level 1:colcon.colcon_core.environment:create_file_with_runtime_dependencies(/home/dat/Workspace/3dof_rehab_arm/install/rehab_arm_robot_hardware_interface/share/colcon-core/packages/rehab_arm_robot_hardware_interface)
[4.239s] Level 1:colcon.colcon_core.environment:create_environment_scripts_only(rehab_arm_robot_hardware_interface)
[4.239s] Level 1:colcon.colcon_core.environment:checking '/home/dat/Workspace/3dof_rehab_arm/install/rehab_arm_robot_hardware_interface' for CMake module files
[4.239s] Level 1:colcon.colcon_core.environment:checking '/home/dat/Workspace/3dof_rehab_arm/install/rehab_arm_robot_hardware_interface' for CMake config files
[4.239s] Level 1:colcon.colcon_core.shell:create_environment_hook('rehab_arm_robot_hardware_interface', 'cmake_prefix_path')
[4.240s] INFO:colcon.colcon_core.shell:Creating environment hook '/home/dat/Workspace/3dof_rehab_arm/install/rehab_arm_robot_hardware_interface/share/rehab_arm_robot_hardware_interface/hook/cmake_prefix_path.ps1'
[4.240s] INFO:colcon.colcon_core.shell:Creating environment descriptor '/home/dat/Workspace/3dof_rehab_arm/install/rehab_arm_robot_hardware_interface/share/rehab_arm_robot_hardware_interface/hook/cmake_prefix_path.dsv'
[4.240s] INFO:colcon.colcon_core.shell:Creating environment hook '/home/dat/Workspace/3dof_rehab_arm/install/rehab_arm_robot_hardware_interface/share/rehab_arm_robot_hardware_interface/hook/cmake_prefix_path.sh'
[4.240s] Level 1:colcon.colcon_core.environment:checking '/home/dat/Workspace/3dof_rehab_arm/install/rehab_arm_robot_hardware_interface/lib'
[4.240s] Level 1:colcon.colcon_core.shell:create_environment_hook('rehab_arm_robot_hardware_interface', 'ld_library_path_lib')
[4.241s] INFO:colcon.colcon_core.shell:Creating environment hook '/home/dat/Workspace/3dof_rehab_arm/install/rehab_arm_robot_hardware_interface/share/rehab_arm_robot_hardware_interface/hook/ld_library_path_lib.ps1'
[4.241s] INFO:colcon.colcon_core.shell:Creating environment descriptor '/home/dat/Workspace/3dof_rehab_arm/install/rehab_arm_robot_hardware_interface/share/rehab_arm_robot_hardware_interface/hook/ld_library_path_lib.dsv'
[4.241s] INFO:colcon.colcon_core.shell:Creating environment hook '/home/dat/Workspace/3dof_rehab_arm/install/rehab_arm_robot_hardware_interface/share/rehab_arm_robot_hardware_interface/hook/ld_library_path_lib.sh'
[4.241s] Level 1:colcon.colcon_core.environment:checking '/home/dat/Workspace/3dof_rehab_arm/install/rehab_arm_robot_hardware_interface/bin'
[4.241s] Level 1:colcon.colcon_core.environment:checking '/home/dat/Workspace/3dof_rehab_arm/install/rehab_arm_robot_hardware_interface/lib/pkgconfig/rehab_arm_robot_hardware_interface.pc'
[4.241s] Level 1:colcon.colcon_core.environment:checking '/home/dat/Workspace/3dof_rehab_arm/install/rehab_arm_robot_hardware_interface/lib/python3.10/site-packages'
[4.241s] Level 1:colcon.colcon_core.environment:checking '/home/dat/Workspace/3dof_rehab_arm/install/rehab_arm_robot_hardware_interface/bin'
[4.242s] INFO:colcon.colcon_core.shell:Creating package script '/home/dat/Workspace/3dof_rehab_arm/install/rehab_arm_robot_hardware_interface/share/rehab_arm_robot_hardware_interface/package.ps1'
[4.242s] INFO:colcon.colcon_core.shell:Creating package descriptor '/home/dat/Workspace/3dof_rehab_arm/install/rehab_arm_robot_hardware_interface/share/rehab_arm_robot_hardware_interface/package.dsv'
[4.242s] INFO:colcon.colcon_core.shell:Creating package script '/home/dat/Workspace/3dof_rehab_arm/install/rehab_arm_robot_hardware_interface/share/rehab_arm_robot_hardware_interface/package.sh'
[4.243s] INFO:colcon.colcon_core.shell:Creating package script '/home/dat/Workspace/3dof_rehab_arm/install/rehab_arm_robot_hardware_interface/share/rehab_arm_robot_hardware_interface/package.bash'
[4.243s] INFO:colcon.colcon_core.shell:Creating package script '/home/dat/Workspace/3dof_rehab_arm/install/rehab_arm_robot_hardware_interface/share/rehab_arm_robot_hardware_interface/package.zsh'
[4.243s] Level 1:colcon.colcon_core.environment:create_file_with_runtime_dependencies(/home/dat/Workspace/3dof_rehab_arm/install/rehab_arm_robot_hardware_interface/share/colcon-core/packages/rehab_arm_robot_hardware_interface)
[11.104s] DEBUG:colcon.colcon_core.event_handler.log_command:Invoked command in '/home/dat/Workspace/3dof_rehab_arm/build/rehab_arm_robot_control' returned '0': CMAKE_PREFIX_PATH=${CMAKE_PREFIX_PATH}:/home/dat/ws_moveit2/install/moveit_configs_utils:/opt/ros/humble /usr/bin/cmake --build /home/dat/Workspace/3dof_rehab_arm/build/rehab_arm_robot_control -- -j8 -l8
[11.105s] DEBUG:colcon.colcon_core.event_handler.log_command:Invoking command in '/home/dat/Workspace/3dof_rehab_arm/build/rehab_arm_robot_control': CMAKE_PREFIX_PATH=${CMAKE_PREFIX_PATH}:/home/dat/ws_moveit2/install/moveit_configs_utils:/opt/ros/humble /usr/bin/cmake --install /home/dat/Workspace/3dof_rehab_arm/build/rehab_arm_robot_control
[11.118s] Level 1:colcon.colcon_core.environment:create_environment_scripts_only(rehab_arm_robot_control)
[11.118s] Level 1:colcon.colcon_core.environment:checking '/home/dat/Workspace/3dof_rehab_arm/install/rehab_arm_robot_control' for CMake module files
[11.118s] DEBUG:colcon.colcon_core.event_handler.log_command:Invoked command in '/home/dat/Workspace/3dof_rehab_arm/build/rehab_arm_robot_control' returned '0': CMAKE_PREFIX_PATH=${CMAKE_PREFIX_PATH}:/home/dat/ws_moveit2/install/moveit_configs_utils:/opt/ros/humble /usr/bin/cmake --install /home/dat/Workspace/3dof_rehab_arm/build/rehab_arm_robot_control
[11.118s] Level 1:colcon.colcon_core.environment:checking '/home/dat/Workspace/3dof_rehab_arm/install/rehab_arm_robot_control' for CMake config files
[11.118s] Level 1:colcon.colcon_core.shell:create_environment_hook('rehab_arm_robot_control', 'cmake_prefix_path')
[11.119s] INFO:colcon.colcon_core.shell:Creating environment hook '/home/dat/Workspace/3dof_rehab_arm/install/rehab_arm_robot_control/share/rehab_arm_robot_control/hook/cmake_prefix_path.ps1'
[11.119s] INFO:colcon.colcon_core.shell:Creating environment descriptor '/home/dat/Workspace/3dof_rehab_arm/install/rehab_arm_robot_control/share/rehab_arm_robot_control/hook/cmake_prefix_path.dsv'
[11.119s] INFO:colcon.colcon_core.shell:Creating environment hook '/home/dat/Workspace/3dof_rehab_arm/install/rehab_arm_robot_control/share/rehab_arm_robot_control/hook/cmake_prefix_path.sh'
[11.119s] Level 1:colcon.colcon_core.environment:checking '/home/dat/Workspace/3dof_rehab_arm/install/rehab_arm_robot_control/lib'
[11.120s] Level 1:colcon.colcon_core.environment:checking '/home/dat/Workspace/3dof_rehab_arm/install/rehab_arm_robot_control/bin'
[11.120s] Level 1:colcon.colcon_core.environment:checking '/home/dat/Workspace/3dof_rehab_arm/install/rehab_arm_robot_control/lib/pkgconfig/rehab_arm_robot_control.pc'
[11.120s] Level 1:colcon.colcon_core.environment:checking '/home/dat/Workspace/3dof_rehab_arm/install/rehab_arm_robot_control/lib/python3.10/site-packages'
[11.120s] Level 1:colcon.colcon_core.environment:checking '/home/dat/Workspace/3dof_rehab_arm/install/rehab_arm_robot_control/bin'
[11.120s] INFO:colcon.colcon_core.shell:Creating package script '/home/dat/Workspace/3dof_rehab_arm/install/rehab_arm_robot_control/share/rehab_arm_robot_control/package.ps1'
[11.120s] INFO:colcon.colcon_core.shell:Creating package descriptor '/home/dat/Workspace/3dof_rehab_arm/install/rehab_arm_robot_control/share/rehab_arm_robot_control/package.dsv'
[11.120s] INFO:colcon.colcon_core.shell:Creating package script '/home/dat/Workspace/3dof_rehab_arm/install/rehab_arm_robot_control/share/rehab_arm_robot_control/package.sh'
[11.121s] INFO:colcon.colcon_core.shell:Creating package script '/home/dat/Workspace/3dof_rehab_arm/install/rehab_arm_robot_control/share/rehab_arm_robot_control/package.bash'
[11.121s] INFO:colcon.colcon_core.shell:Creating package script '/home/dat/Workspace/3dof_rehab_arm/install/rehab_arm_robot_control/share/rehab_arm_robot_control/package.zsh'
[11.121s] Level 1:colcon.colcon_core.environment:create_file_with_runtime_dependencies(/home/dat/Workspace/3dof_rehab_arm/install/rehab_arm_robot_control/share/colcon-core/packages/rehab_arm_robot_control)
[11.121s] Level 1:colcon.colcon_core.environment:create_environment_scripts_only(rehab_arm_robot_control)
[11.122s] Level 1:colcon.colcon_core.environment:checking '/home/dat/Workspace/3dof_rehab_arm/install/rehab_arm_robot_control' for CMake module files
[11.122s] Level 1:colcon.colcon_core.environment:checking '/home/dat/Workspace/3dof_rehab_arm/install/rehab_arm_robot_control' for CMake config files
[11.122s] Level 1:colcon.colcon_core.shell:create_environment_hook('rehab_arm_robot_control', 'cmake_prefix_path')
[11.122s] INFO:colcon.colcon_core.shell:Creating environment hook '/home/dat/Workspace/3dof_rehab_arm/install/rehab_arm_robot_control/share/rehab_arm_robot_control/hook/cmake_prefix_path.ps1'
[11.122s] INFO:colcon.colcon_core.shell:Creating environment descriptor '/home/dat/Workspace/3dof_rehab_arm/install/rehab_arm_robot_control/share/rehab_arm_robot_control/hook/cmake_prefix_path.dsv'
[11.122s] INFO:colcon.colcon_core.shell:Creating environment hook '/home/dat/Workspace/3dof_rehab_arm/install/rehab_arm_robot_control/share/rehab_arm_robot_control/hook/cmake_prefix_path.sh'
[11.123s] Level 1:colcon.colcon_core.environment:checking '/home/dat/Workspace/3dof_rehab_arm/install/rehab_arm_robot_control/lib'
[11.123s] Level 1:colcon.colcon_core.environment:checking '/home/dat/Workspace/3dof_rehab_arm/install/rehab_arm_robot_control/bin'
[11.123s] Level 1:colcon.colcon_core.environment:checking '/home/dat/Workspace/3dof_rehab_arm/install/rehab_arm_robot_control/lib/pkgconfig/rehab_arm_robot_control.pc'
[11.123s] Level 1:colcon.colcon_core.environment:checking '/home/dat/Workspace/3dof_rehab_arm/install/rehab_arm_robot_control/lib/python3.10/site-packages'
[11.123s] Level 1:colcon.colcon_core.environment:checking '/home/dat/Workspace/3dof_rehab_arm/install/rehab_arm_robot_control/bin'
[11.123s] INFO:colcon.colcon_core.shell:Creating package script '/home/dat/Workspace/3dof_rehab_arm/install/rehab_arm_robot_control/share/rehab_arm_robot_control/package.ps1'
[11.124s] INFO:colcon.colcon_core.shell:Creating package descriptor '/home/dat/Workspace/3dof_rehab_arm/install/rehab_arm_robot_control/share/rehab_arm_robot_control/package.dsv'
[11.124s] INFO:colcon.colcon_core.shell:Creating package script '/home/dat/Workspace/3dof_rehab_arm/install/rehab_arm_robot_control/share/rehab_arm_robot_control/package.sh'
[11.124s] INFO:colcon.colcon_core.shell:Creating package script '/home/dat/Workspace/3dof_rehab_arm/install/rehab_arm_robot_control/share/rehab_arm_robot_control/package.bash'
[11.124s] INFO:colcon.colcon_core.shell:Creating package script '/home/dat/Workspace/3dof_rehab_arm/install/rehab_arm_robot_control/share/rehab_arm_robot_control/package.zsh'
[11.125s] Level 1:colcon.colcon_core.environment:create_file_with_runtime_dependencies(/home/dat/Workspace/3dof_rehab_arm/install/rehab_arm_robot_control/share/colcon-core/packages/rehab_arm_robot_control)
[11.125s] DEBUG:colcon.colcon_parallel_executor.executor.parallel:closing loop
[11.125s] DEBUG:colcon.colcon_parallel_executor.executor.parallel:loop closed
[11.125s] DEBUG:colcon.colcon_parallel_executor.executor.parallel:run_until_complete finished with '0'
[11.125s] DEBUG:colcon.colcon_core.event_reactor:joining thread
[11.129s] INFO:colcon.colcon_core.plugin_system:Skipping extension 'colcon_notification.desktop_notification.terminal_notifier': Not used on non-Darwin systems
[11.129s] INFO:colcon.colcon_core.plugin_system:Skipping extension 'colcon_notification.desktop_notification.win32': Not used on non-Windows systems
[11.129s] INFO:colcon.colcon_notification.desktop_notification:Sending desktop notification using 'notify2'
[11.137s] DEBUG:colcon.colcon_core.event_reactor:joined thread
[11.138s] INFO:colcon.colcon_core.shell:Creating prefix script '/home/dat/Workspace/3dof_rehab_arm/install/local_setup.ps1'
[11.139s] INFO:colcon.colcon_core.shell:Creating prefix util module '/home/dat/Workspace/3dof_rehab_arm/install/_local_setup_util_ps1.py'
[11.140s] INFO:colcon.colcon_core.shell:Creating prefix chain script '/home/dat/Workspace/3dof_rehab_arm/install/setup.ps1'
[11.142s] INFO:colcon.colcon_core.shell:Creating prefix script '/home/dat/Workspace/3dof_rehab_arm/install/local_setup.sh'
[11.142s] INFO:colcon.colcon_core.shell:Creating prefix util module '/home/dat/Workspace/3dof_rehab_arm/install/_local_setup_util_sh.py'
[11.143s] INFO:colcon.colcon_core.shell:Creating prefix chain script '/home/dat/Workspace/3dof_rehab_arm/install/setup.sh'
[11.144s] INFO:colcon.colcon_core.shell:Creating prefix script '/home/dat/Workspace/3dof_rehab_arm/install/local_setup.bash'
[11.144s] INFO:colcon.colcon_core.shell:Creating prefix chain script '/home/dat/Workspace/3dof_rehab_arm/install/setup.bash'
[11.146s] INFO:colcon.colcon_core.shell:Creating prefix script '/home/dat/Workspace/3dof_rehab_arm/install/local_setup.zsh'
[11.146s] INFO:colcon.colcon_core.shell:Creating prefix chain script '/home/dat/Workspace/3dof_rehab_arm/install/setup.zsh'
