[0.013s] Invoking command in '/home/dat/Workspace/3dof_rehab_arm/build/rehab_arm_robot_hardware_interface': CMAKE_PREFIX_PATH=${CMAKE_PREFIX_PATH}:/home/dat/ws_moveit2/install/moveit_configs_utils:/opt/ros/humble /usr/bin/cmake /home/dat/Workspace/3dof_rehab_arm/src/rehab_arm_robot_hardware_interface -DCMAKE_INSTALL_PREFIX=/home/dat/Workspace/3dof_rehab_arm/install/rehab_arm_robot_hardware_interface
[0.072s] -- The CXX compiler identification is GNU 11.4.0
[0.081s] -- Detecting CXX compiler ABI info
[0.160s] -- Detecting CXX compiler ABI info - done
[0.165s] -- Check for working CXX compiler: /usr/bin/c++ - skipped
[0.165s] -- Detecting CXX compile features
[0.165s] -- Detecting CXX compile features - done
[0.169s] -- Found ament_cmake: 1.3.11 (/opt/ros/humble/share/ament_cmake/cmake)
[0.286s] -- Found Python3: /usr/bin/python3 (found version "3.10.12") found components: Interpreter 
[0.383s] -- Found hardware_interface: 2.51.0 (/opt/ros/humble/share/hardware_interface/cmake)
[0.441s] -- Found rosidl_generator_c: 3.1.6 (/opt/ros/humble/share/rosidl_generator_c/cmake)
[0.453s] -- Found rosidl_adapter: 3.1.6 (/opt/ros/humble/share/rosidl_adapter/cmake)
[0.469s] -- Found rosidl_generator_cpp: 3.1.6 (/opt/ros/humble/share/rosidl_generator_cpp/cmake)
[0.486s] -- Using all available rosidl_typesupport_c: rosidl_typesupport_fastrtps_c;rosidl_typesupport_introspection_c
[0.504s] -- Using all available rosidl_typesupport_cpp: rosidl_typesupport_fastrtps_cpp;rosidl_typesupport_introspection_cpp
[0.702s] -- Found rmw_implementation_cmake: 6.1.2 (/opt/ros/humble/share/rmw_implementation_cmake/cmake)
[0.708s] -- Found rmw_fastrtps_cpp: 6.2.7 (/opt/ros/humble/share/rmw_fastrtps_cpp/cmake)
[0.737s] -- Found TinyXML2 via Config file: TinyXML2_DIR-NOTFOUND
[0.788s] -- Found OpenSSL: /usr/lib/x86_64-linux-gnu/libcrypto.so (found version "3.0.2")  
[0.789s] -- Found TinyXML2 via Config file: TinyXML2_DIR-NOTFOUND
[0.803s] -- Found FastRTPS: /opt/ros/humble/include  
[0.805s] -- Found TinyXML2 via Config file: TinyXML2_DIR-NOTFOUND
[0.812s] -- Found TinyXML2 via Config file: TinyXML2_DIR-NOTFOUND
[0.827s] -- Using RMW implementation 'rmw_fastrtps_cpp' as default
[0.842s] -- Looking for C++ include pthread.h
[0.912s] -- Looking for C++ include pthread.h - found
[0.912s] -- Performing Test CMAKE_HAVE_LIBC_PTHREAD
[0.985s] -- Performing Test CMAKE_HAVE_LIBC_PTHREAD - Success
[0.986s] -- Found Threads: TRUE  
[1.027s] -- Found can_odrive_interface: 0.1.0 (/home/dat/Workspace/3dof_rehab_arm/install/can_odrive_interface/share/can_odrive_interface/cmake)
[1.046s] -- Found ament_cmake_pytest: 1.3.11 (/opt/ros/humble/share/ament_cmake_pytest/cmake)
[1.049s] -- Found controller_manager: 2.51.0 (/opt/ros/humble/share/controller_manager/cmake)
[1.092s] -- Found xacro: 2.0.13 (/opt/ros/humble/share/xacro/cmake)
[1.141s] -- Configuring done
[1.158s] -- Generating done
[1.161s] -- Build files have been written to: /home/dat/Workspace/3dof_rehab_arm/build/rehab_arm_robot_hardware_interface
[1.168s] Invoked command in '/home/dat/Workspace/3dof_rehab_arm/build/rehab_arm_robot_hardware_interface' returned '0': CMAKE_PREFIX_PATH=${CMAKE_PREFIX_PATH}:/home/dat/ws_moveit2/install/moveit_configs_utils:/opt/ros/humble /usr/bin/cmake /home/dat/Workspace/3dof_rehab_arm/src/rehab_arm_robot_hardware_interface -DCMAKE_INSTALL_PREFIX=/home/dat/Workspace/3dof_rehab_arm/install/rehab_arm_robot_hardware_interface
[1.170s] Invoking command in '/home/dat/Workspace/3dof_rehab_arm/build/rehab_arm_robot_hardware_interface': CMAKE_PREFIX_PATH=${CMAKE_PREFIX_PATH}:/home/dat/ws_moveit2/install/moveit_configs_utils:/opt/ros/humble /usr/bin/cmake --build /home/dat/Workspace/3dof_rehab_arm/build/rehab_arm_robot_hardware_interface -- -j8 -l8
[1.219s] [ 50%] [32mBuilding CXX object CMakeFiles/odrive_hardware_interface.dir/src/odrive_hardware_interface.cpp.o[0m
[3.816s] [100%] [32m[1mLinking CXX shared library libodrive_hardware_interface.so[0m
[3.955s] [100%] Built target odrive_hardware_interface
[3.966s] Invoked command in '/home/dat/Workspace/3dof_rehab_arm/build/rehab_arm_robot_hardware_interface' returned '0': CMAKE_PREFIX_PATH=${CMAKE_PREFIX_PATH}:/home/dat/ws_moveit2/install/moveit_configs_utils:/opt/ros/humble /usr/bin/cmake --build /home/dat/Workspace/3dof_rehab_arm/build/rehab_arm_robot_hardware_interface -- -j8 -l8
[3.967s] Invoking command in '/home/dat/Workspace/3dof_rehab_arm/build/rehab_arm_robot_hardware_interface': CMAKE_PREFIX_PATH=${CMAKE_PREFIX_PATH}:/home/dat/ws_moveit2/install/moveit_configs_utils:/opt/ros/humble /usr/bin/cmake --install /home/dat/Workspace/3dof_rehab_arm/build/rehab_arm_robot_hardware_interface
[3.975s] -- Install configuration: ""
[3.975s] -- Installing: /home/dat/Workspace/3dof_rehab_arm/install/rehab_arm_robot_hardware_interface/share/rehab_arm_robot_hardware_interface/odrive_hardware_interface.xml
[3.975s] -- Installing: /home/dat/Workspace/3dof_rehab_arm/install/rehab_arm_robot_hardware_interface/lib/libodrive_hardware_interface.so
[3.975s] -- Set runtime path of "/home/dat/Workspace/3dof_rehab_arm/install/rehab_arm_robot_hardware_interface/lib/libodrive_hardware_interface.so" to ""
[3.975s] -- Installing: /home/dat/Workspace/3dof_rehab_arm/install/rehab_arm_robot_hardware_interface/include/rehab_arm_robot_hardware_interface
[3.975s] -- Installing: /home/dat/Workspace/3dof_rehab_arm/install/rehab_arm_robot_hardware_interface/include/rehab_arm_robot_hardware_interface/rehab_arm_robot_hardware_interface
[3.976s] -- Installing: /home/dat/Workspace/3dof_rehab_arm/install/rehab_arm_robot_hardware_interface/include/rehab_arm_robot_hardware_interface/rehab_arm_robot_hardware_interface/odrive_hardware_interface.hpp
[3.976s] -- Installing: /home/dat/Workspace/3dof_rehab_arm/install/rehab_arm_robot_hardware_interface/include/rehab_arm_robot_hardware_interface/rehab_arm_robot_hardware_interface/odrive_joint.hpp
[3.976s] -- Up-to-date: /home/dat/Workspace/3dof_rehab_arm/install/rehab_arm_robot_hardware_interface/share/rehab_arm_robot_hardware_interface/odrive_hardware_interface.xml
[3.976s] -- Installing: /home/dat/Workspace/3dof_rehab_arm/install/rehab_arm_robot_hardware_interface/share/rehab_arm_robot_hardware_interface/environment/library_path.sh
[3.976s] -- Installing: /home/dat/Workspace/3dof_rehab_arm/install/rehab_arm_robot_hardware_interface/share/rehab_arm_robot_hardware_interface/environment/library_path.dsv
[3.976s] -- Installing: /home/dat/Workspace/3dof_rehab_arm/install/rehab_arm_robot_hardware_interface/share/ament_index/resource_index/package_run_dependencies/rehab_arm_robot_hardware_interface
[3.976s] -- Installing: /home/dat/Workspace/3dof_rehab_arm/install/rehab_arm_robot_hardware_interface/share/ament_index/resource_index/parent_prefix_path/rehab_arm_robot_hardware_interface
[3.976s] -- Installing: /home/dat/Workspace/3dof_rehab_arm/install/rehab_arm_robot_hardware_interface/share/rehab_arm_robot_hardware_interface/environment/ament_prefix_path.sh
[3.976s] -- Installing: /home/dat/Workspace/3dof_rehab_arm/install/rehab_arm_robot_hardware_interface/share/rehab_arm_robot_hardware_interface/environment/ament_prefix_path.dsv
[3.976s] -- Installing: /home/dat/Workspace/3dof_rehab_arm/install/rehab_arm_robot_hardware_interface/share/rehab_arm_robot_hardware_interface/environment/path.sh
[3.976s] -- Installing: /home/dat/Workspace/3dof_rehab_arm/install/rehab_arm_robot_hardware_interface/share/rehab_arm_robot_hardware_interface/environment/path.dsv
[3.976s] -- Installing: /home/dat/Workspace/3dof_rehab_arm/install/rehab_arm_robot_hardware_interface/share/rehab_arm_robot_hardware_interface/local_setup.bash
[3.976s] -- Installing: /home/dat/Workspace/3dof_rehab_arm/install/rehab_arm_robot_hardware_interface/share/rehab_arm_robot_hardware_interface/local_setup.sh
[3.976s] -- Installing: /home/dat/Workspace/3dof_rehab_arm/install/rehab_arm_robot_hardware_interface/share/rehab_arm_robot_hardware_interface/local_setup.zsh
[3.977s] -- Installing: /home/dat/Workspace/3dof_rehab_arm/install/rehab_arm_robot_hardware_interface/share/rehab_arm_robot_hardware_interface/local_setup.dsv
[3.977s] -- Installing: /home/dat/Workspace/3dof_rehab_arm/install/rehab_arm_robot_hardware_interface/share/rehab_arm_robot_hardware_interface/package.dsv
[3.977s] -- Installing: /home/dat/Workspace/3dof_rehab_arm/install/rehab_arm_robot_hardware_interface/share/ament_index/resource_index/packages/rehab_arm_robot_hardware_interface
[3.977s] -- Installing: /home/dat/Workspace/3dof_rehab_arm/install/rehab_arm_robot_hardware_interface/share/ament_index/resource_index/hardware_interface__pluginlib__plugin/rehab_arm_robot_hardware_interface
[3.977s] -- Installing: /home/dat/Workspace/3dof_rehab_arm/install/rehab_arm_robot_hardware_interface/share/rehab_arm_robot_hardware_interface/cmake/export_odrive_hardware_interfaceExport.cmake
[3.977s] -- Installing: /home/dat/Workspace/3dof_rehab_arm/install/rehab_arm_robot_hardware_interface/share/rehab_arm_robot_hardware_interface/cmake/export_odrive_hardware_interfaceExport-noconfig.cmake
[3.977s] -- Installing: /home/dat/Workspace/3dof_rehab_arm/install/rehab_arm_robot_hardware_interface/share/rehab_arm_robot_hardware_interface/cmake/ament_cmake_export_targets-extras.cmake
[3.977s] -- Installing: /home/dat/Workspace/3dof_rehab_arm/install/rehab_arm_robot_hardware_interface/share/rehab_arm_robot_hardware_interface/cmake/ament_cmake_export_dependencies-extras.cmake
[3.977s] -- Installing: /home/dat/Workspace/3dof_rehab_arm/install/rehab_arm_robot_hardware_interface/share/rehab_arm_robot_hardware_interface/cmake/rehab_arm_robot_hardware_interfaceConfig.cmake
[3.977s] -- Installing: /home/dat/Workspace/3dof_rehab_arm/install/rehab_arm_robot_hardware_interface/share/rehab_arm_robot_hardware_interface/cmake/rehab_arm_robot_hardware_interfaceConfig-version.cmake
[3.977s] -- Installing: /home/dat/Workspace/3dof_rehab_arm/install/rehab_arm_robot_hardware_interface/share/rehab_arm_robot_hardware_interface/package.xml
[3.979s] Invoked command in '/home/dat/Workspace/3dof_rehab_arm/build/rehab_arm_robot_hardware_interface' returned '0': CMAKE_PREFIX_PATH=${CMAKE_PREFIX_PATH}:/home/dat/ws_moveit2/install/moveit_configs_utils:/opt/ros/humble /usr/bin/cmake --install /home/dat/Workspace/3dof_rehab_arm/build/rehab_arm_robot_hardware_interface
