[0.023s] Invoking command in '/home/dat/Workspace/3dof_rehab_arm/build/can_odrive_interface': CMAKE_PREFIX_PATH=${CMAKE_PREFIX_PATH}:/home/dat/ws_moveit2/install/moveit_configs_utils:/opt/ros/humble /usr/bin/cmake --build /home/dat/Workspace/3dof_rehab_arm/build/can_odrive_interface -- -j8 -l8
[0.082s] [ 10%] [32mBuilding CXX object CMakeFiles/can_odrive_interface.dir/src/odrive_interface.cpp.o[0m
[2.039s] [ 20%] [32m[1mLinking CXX shared library libcan_odrive_interface.so[0m
[2.114s] [ 20%] Built target can_odrive_interface
[2.139s] [ 60%] [32m[1mLinking CXX executable position_node[0m
[2.139s] [ 60%] [32m[1mLinking CXX executable read_encoder_node[0m
[2.139s] [ 60%] [32m[1mLinking CXX executable velocity_node[0m
[2.139s] [ 60%] [32m[1mLinking CXX executable torque_node[0m
[2.280s] [ 70%] Built target velocity_node
[2.282s] [ 80%] Built target torque_node
[2.482s] [ 90%] Built target position_node
[2.485s] [100%] Built target read_encoder_node
[2.494s] Invoked command in '/home/dat/Workspace/3dof_rehab_arm/build/can_odrive_interface' returned '0': CMAKE_PREFIX_PATH=${CMAKE_PREFIX_PATH}:/home/dat/ws_moveit2/install/moveit_configs_utils:/opt/ros/humble /usr/bin/cmake --build /home/dat/Workspace/3dof_rehab_arm/build/can_odrive_interface -- -j8 -l8
[2.495s] Invoking command in '/home/dat/Workspace/3dof_rehab_arm/build/can_odrive_interface': CMAKE_PREFIX_PATH=${CMAKE_PREFIX_PATH}:/home/dat/ws_moveit2/install/moveit_configs_utils:/opt/ros/humble /usr/bin/cmake --install /home/dat/Workspace/3dof_rehab_arm/build/can_odrive_interface
[2.502s] -- Install configuration: ""
[2.502s] -- Up-to-date: /home/dat/Workspace/3dof_rehab_arm/install/can_odrive_interface/share/can_odrive_interface/environment/library_path.sh
[2.502s] -- Up-to-date: /home/dat/Workspace/3dof_rehab_arm/install/can_odrive_interface/share/can_odrive_interface/environment/library_path.dsv
[2.502s] -- Installing: /home/dat/Workspace/3dof_rehab_arm/install/can_odrive_interface/lib/libcan_odrive_interface.so
[2.502s] -- Set runtime path of "/home/dat/Workspace/3dof_rehab_arm/install/can_odrive_interface/lib/libcan_odrive_interface.so" to ""
[2.502s] -- Installing: /home/dat/Workspace/3dof_rehab_arm/install/can_odrive_interface/lib/can_odrive_interface/velocity_node
[2.503s] -- Set runtime path of "/home/dat/Workspace/3dof_rehab_arm/install/can_odrive_interface/lib/can_odrive_interface/velocity_node" to ""
[2.503s] -- Installing: /home/dat/Workspace/3dof_rehab_arm/install/can_odrive_interface/lib/can_odrive_interface/position_node
[2.504s] -- Set runtime path of "/home/dat/Workspace/3dof_rehab_arm/install/can_odrive_interface/lib/can_odrive_interface/position_node" to ""
[2.504s] -- Installing: /home/dat/Workspace/3dof_rehab_arm/install/can_odrive_interface/lib/can_odrive_interface/torque_node
[2.505s] -- Set runtime path of "/home/dat/Workspace/3dof_rehab_arm/install/can_odrive_interface/lib/can_odrive_interface/torque_node" to ""
[2.505s] -- Installing: /home/dat/Workspace/3dof_rehab_arm/install/can_odrive_interface/lib/can_odrive_interface/read_encoder_node
[2.507s] -- Set runtime path of "/home/dat/Workspace/3dof_rehab_arm/install/can_odrive_interface/lib/can_odrive_interface/read_encoder_node" to ""
[2.507s] -- Up-to-date: /home/dat/Workspace/3dof_rehab_arm/install/can_odrive_interface/include
[2.507s] -- Up-to-date: /home/dat/Workspace/3dof_rehab_arm/install/can_odrive_interface/include/can_odrive_interface
[2.507s] -- Up-to-date: /home/dat/Workspace/3dof_rehab_arm/install/can_odrive_interface/include/can_odrive_interface/odrive_interface.hpp
[2.507s] -- Up-to-date: /home/dat/Workspace/3dof_rehab_arm/install/can_odrive_interface/share/ament_index/resource_index/package_run_dependencies/can_odrive_interface
[2.507s] -- Up-to-date: /home/dat/Workspace/3dof_rehab_arm/install/can_odrive_interface/share/ament_index/resource_index/parent_prefix_path/can_odrive_interface
[2.507s] -- Up-to-date: /home/dat/Workspace/3dof_rehab_arm/install/can_odrive_interface/share/can_odrive_interface/environment/ament_prefix_path.sh
[2.507s] -- Up-to-date: /home/dat/Workspace/3dof_rehab_arm/install/can_odrive_interface/share/can_odrive_interface/environment/ament_prefix_path.dsv
[2.507s] -- Up-to-date: /home/dat/Workspace/3dof_rehab_arm/install/can_odrive_interface/share/can_odrive_interface/environment/path.sh
[2.507s] -- Up-to-date: /home/dat/Workspace/3dof_rehab_arm/install/can_odrive_interface/share/can_odrive_interface/environment/path.dsv
[2.507s] -- Up-to-date: /home/dat/Workspace/3dof_rehab_arm/install/can_odrive_interface/share/can_odrive_interface/local_setup.bash
[2.507s] -- Up-to-date: /home/dat/Workspace/3dof_rehab_arm/install/can_odrive_interface/share/can_odrive_interface/local_setup.sh
[2.507s] -- Up-to-date: /home/dat/Workspace/3dof_rehab_arm/install/can_odrive_interface/share/can_odrive_interface/local_setup.zsh
[2.507s] -- Up-to-date: /home/dat/Workspace/3dof_rehab_arm/install/can_odrive_interface/share/can_odrive_interface/local_setup.dsv
[2.507s] -- Installing: /home/dat/Workspace/3dof_rehab_arm/install/can_odrive_interface/share/can_odrive_interface/package.dsv
[2.507s] -- Up-to-date: /home/dat/Workspace/3dof_rehab_arm/install/can_odrive_interface/share/ament_index/resource_index/packages/can_odrive_interface
[2.507s] -- Up-to-date: /home/dat/Workspace/3dof_rehab_arm/install/can_odrive_interface/share/can_odrive_interface/cmake/ament_cmake_export_include_directories-extras.cmake
[2.507s] -- Up-to-date: /home/dat/Workspace/3dof_rehab_arm/install/can_odrive_interface/share/can_odrive_interface/cmake/ament_cmake_export_libraries-extras.cmake
[2.507s] -- Up-to-date: /home/dat/Workspace/3dof_rehab_arm/install/can_odrive_interface/share/can_odrive_interface/cmake/ament_cmake_export_dependencies-extras.cmake
[2.507s] -- Up-to-date: /home/dat/Workspace/3dof_rehab_arm/install/can_odrive_interface/share/can_odrive_interface/cmake/can_odrive_interfaceConfig.cmake
[2.507s] -- Up-to-date: /home/dat/Workspace/3dof_rehab_arm/install/can_odrive_interface/share/can_odrive_interface/cmake/can_odrive_interfaceConfig-version.cmake
[2.507s] -- Up-to-date: /home/dat/Workspace/3dof_rehab_arm/install/can_odrive_interface/share/can_odrive_interface/package.xml
[2.509s] Invoked command in '/home/dat/Workspace/3dof_rehab_arm/build/can_odrive_interface' returned '0': CMAKE_PREFIX_PATH=${CMAKE_PREFIX_PATH}:/home/dat/ws_moveit2/install/moveit_configs_utils:/opt/ros/humble /usr/bin/cmake --install /home/dat/Workspace/3dof_rehab_arm/build/can_odrive_interface
