[0.116s] DEBUG:colcon:Command line arguments: ['/usr/bin/colcon', 'build']
[0.116s] DEBUG:colcon:Parsed command line arguments: Namespace(log_base=None, log_level=None, verb_name='build', build_base='build', install_base='install', merge_install=False, symlink_install=False, test_result_base=None, continue_on_error=False, executor='parallel', parallel_workers=8, event_handlers=None, ignore_user_meta=False, metas=['./colcon.meta'], base_paths=['.'], packages_ignore=None, packages_ignore_regex=None, paths=None, packages_up_to=None, packages_up_to_regex=None, packages_above=None, packages_above_and_dependencies=None, packages_above_depth=None, packages_select_by_dep=None, packages_skip_by_dep=None, packages_skip_up_to=None, packages_select_build_failed=False, packages_skip_build_finished=False, packages_select_test_failures=False, packages_skip_test_passed=False, packages_select=None, packages_skip=None, packages_select_regex=None, packages_skip_regex=None, packages_start=None, packages_end=None, allow_overriding=[], cmake_args=None, cmake_target=None, cmake_target_skip_unavailable=False, cmake_clean_cache=False, cmake_clean_first=False, cmake_force_configure=False, ament_cmake_args=None, catkin_cmake_args=None, catkin_skip_building_tests=False, mixin_files=None, mixin=None, verb_parser=<colcon_mixin.mixin.mixin_argument.MixinArgumentDecorator object at 0x7163d3456bf0>, verb_extension=<colcon_core.verb.build.BuildVerb object at 0x7163d34566b0>, main=<bound method BuildVerb.main of <colcon_core.verb.build.BuildVerb object at 0x7163d34566b0>>, mixin_verb=('build',))
[0.939s] Level 1:colcon.colcon_core.package_discovery:discover_packages(colcon_meta) check parameters
[0.939s] Level 1:colcon.colcon_core.package_discovery:discover_packages(recursive) check parameters
[0.939s] Level 1:colcon.colcon_core.package_discovery:discover_packages(ignore) check parameters
[0.939s] Level 1:colcon.colcon_core.package_discovery:discover_packages(path) check parameters
[0.939s] Level 1:colcon.colcon_core.package_discovery:discover_packages(colcon_meta) discover
[0.940s] Level 1:colcon.colcon_core.package_discovery:discover_packages(recursive) discover
[0.940s] INFO:colcon.colcon_core.package_discovery:Crawling recursively for packages in '/home/dat/Workspace/3dof_rehab_arm'
[0.940s] Level 1:colcon.colcon_core.package_identification:_identify(.) by extensions ['ignore', 'ignore_ament_install']
[0.940s] Level 1:colcon.colcon_core.package_identification:_identify(.) by extension 'ignore'
[0.940s] Level 1:colcon.colcon_core.package_identification:_identify(.) by extension 'ignore_ament_install'
[0.940s] Level 1:colcon.colcon_core.package_identification:_identify(.) by extensions ['colcon_pkg']
[0.940s] Level 1:colcon.colcon_core.package_identification:_identify(.) by extension 'colcon_pkg'
[0.940s] Level 1:colcon.colcon_core.package_identification:_identify(.) by extensions ['colcon_meta']
[0.940s] Level 1:colcon.colcon_core.package_identification:_identify(.) by extension 'colcon_meta'
[0.940s] Level 1:colcon.colcon_core.package_identification:_identify(.) by extensions ['ros']
[0.941s] Level 1:colcon.colcon_core.package_identification:_identify(.) by extension 'ros'
[0.953s] Level 1:colcon.colcon_core.package_identification:_identify(.) by extensions ['cmake', 'python']
[0.953s] Level 1:colcon.colcon_core.package_identification:_identify(.) by extension 'cmake'
[0.953s] Level 1:colcon.colcon_core.package_identification:_identify(.) by extension 'python'
[0.953s] Level 1:colcon.colcon_core.package_identification:_identify(.) by extensions ['python_setup_py']
[0.953s] Level 1:colcon.colcon_core.package_identification:_identify(.) by extension 'python_setup_py'
[0.953s] Level 1:colcon.colcon_core.package_identification:_identify(build) by extensions ['ignore', 'ignore_ament_install']
[0.953s] Level 1:colcon.colcon_core.package_identification:_identify(build) by extension 'ignore'
[0.953s] Level 1:colcon.colcon_core.package_identification:_identify(build) ignored
[0.953s] Level 1:colcon.colcon_core.package_identification:_identify(install) by extensions ['ignore', 'ignore_ament_install']
[0.953s] Level 1:colcon.colcon_core.package_identification:_identify(install) by extension 'ignore'
[0.953s] Level 1:colcon.colcon_core.package_identification:_identify(install) ignored
[0.953s] Level 1:colcon.colcon_core.package_identification:_identify(log) by extensions ['ignore', 'ignore_ament_install']
[0.953s] Level 1:colcon.colcon_core.package_identification:_identify(log) by extension 'ignore'
[0.953s] Level 1:colcon.colcon_core.package_identification:_identify(log) ignored
[0.953s] Level 1:colcon.colcon_core.package_identification:_identify(src) by extensions ['ignore', 'ignore_ament_install']
[0.953s] Level 1:colcon.colcon_core.package_identification:_identify(src) by extension 'ignore'
[0.953s] Level 1:colcon.colcon_core.package_identification:_identify(src) by extension 'ignore_ament_install'
[0.954s] Level 1:colcon.colcon_core.package_identification:_identify(src) by extensions ['colcon_pkg']
[0.954s] Level 1:colcon.colcon_core.package_identification:_identify(src) by extension 'colcon_pkg'
[0.954s] Level 1:colcon.colcon_core.package_identification:_identify(src) by extensions ['colcon_meta']
[0.954s] Level 1:colcon.colcon_core.package_identification:_identify(src) by extension 'colcon_meta'
[0.954s] Level 1:colcon.colcon_core.package_identification:_identify(src) by extensions ['ros']
[0.954s] Level 1:colcon.colcon_core.package_identification:_identify(src) by extension 'ros'
[0.954s] Level 1:colcon.colcon_core.package_identification:_identify(src) by extensions ['cmake', 'python']
[0.954s] Level 1:colcon.colcon_core.package_identification:_identify(src) by extension 'cmake'
[0.954s] Level 1:colcon.colcon_core.package_identification:_identify(src) by extension 'python'
[0.954s] Level 1:colcon.colcon_core.package_identification:_identify(src) by extensions ['python_setup_py']
[0.954s] Level 1:colcon.colcon_core.package_identification:_identify(src) by extension 'python_setup_py'
[0.954s] Level 1:colcon.colcon_core.package_identification:_identify(src/can_odrive_interface) by extensions ['ignore', 'ignore_ament_install']
[0.954s] Level 1:colcon.colcon_core.package_identification:_identify(src/can_odrive_interface) by extension 'ignore'
[0.954s] Level 1:colcon.colcon_core.package_identification:_identify(src/can_odrive_interface) by extension 'ignore_ament_install'
[0.954s] Level 1:colcon.colcon_core.package_identification:_identify(src/can_odrive_interface) by extensions ['colcon_pkg']
[0.954s] Level 1:colcon.colcon_core.package_identification:_identify(src/can_odrive_interface) by extension 'colcon_pkg'
[0.954s] Level 1:colcon.colcon_core.package_identification:_identify(src/can_odrive_interface) by extensions ['colcon_meta']
[0.954s] Level 1:colcon.colcon_core.package_identification:_identify(src/can_odrive_interface) by extension 'colcon_meta'
[0.954s] Level 1:colcon.colcon_core.package_identification:_identify(src/can_odrive_interface) by extensions ['ros']
[0.954s] Level 1:colcon.colcon_core.package_identification:_identify(src/can_odrive_interface) by extension 'ros'
[0.955s] DEBUG:colcon.colcon_core.package_identification:Package 'src/can_odrive_interface' with type 'ros.ament_cmake' and name 'can_odrive_interface'
[0.956s] Level 1:colcon.colcon_core.package_identification:_identify(src/rehab_arm_robot) by extensions ['ignore', 'ignore_ament_install']
[0.956s] Level 1:colcon.colcon_core.package_identification:_identify(src/rehab_arm_robot) by extension 'ignore'
[0.956s] Level 1:colcon.colcon_core.package_identification:_identify(src/rehab_arm_robot) by extension 'ignore_ament_install'
[0.956s] Level 1:colcon.colcon_core.package_identification:_identify(src/rehab_arm_robot) by extensions ['colcon_pkg']
[0.956s] Level 1:colcon.colcon_core.package_identification:_identify(src/rehab_arm_robot) by extension 'colcon_pkg'
[0.956s] Level 1:colcon.colcon_core.package_identification:_identify(src/rehab_arm_robot) by extensions ['colcon_meta']
[0.956s] Level 1:colcon.colcon_core.package_identification:_identify(src/rehab_arm_robot) by extension 'colcon_meta'
[0.956s] Level 1:colcon.colcon_core.package_identification:_identify(src/rehab_arm_robot) by extensions ['ros']
[0.956s] Level 1:colcon.colcon_core.package_identification:_identify(src/rehab_arm_robot) by extension 'ros'
[0.956s] DEBUG:colcon.colcon_core.package_identification:Package 'src/rehab_arm_robot' with type 'ros.ament_cmake' and name 'rehab_arm_robot'
[0.956s] Level 1:colcon.colcon_core.package_identification:_identify(src/rehab_arm_robot_control) by extensions ['ignore', 'ignore_ament_install']
[0.956s] Level 1:colcon.colcon_core.package_identification:_identify(src/rehab_arm_robot_control) by extension 'ignore'
[0.956s] Level 1:colcon.colcon_core.package_identification:_identify(src/rehab_arm_robot_control) by extension 'ignore_ament_install'
[0.956s] Level 1:colcon.colcon_core.package_identification:_identify(src/rehab_arm_robot_control) by extensions ['colcon_pkg']
[0.956s] Level 1:colcon.colcon_core.package_identification:_identify(src/rehab_arm_robot_control) by extension 'colcon_pkg'
[0.956s] Level 1:colcon.colcon_core.package_identification:_identify(src/rehab_arm_robot_control) by extensions ['colcon_meta']
[0.956s] Level 1:colcon.colcon_core.package_identification:_identify(src/rehab_arm_robot_control) by extension 'colcon_meta'
[0.956s] Level 1:colcon.colcon_core.package_identification:_identify(src/rehab_arm_robot_control) by extensions ['ros']
[0.956s] Level 1:colcon.colcon_core.package_identification:_identify(src/rehab_arm_robot_control) by extension 'ros'
[0.957s] DEBUG:colcon.colcon_core.package_identification:Package 'src/rehab_arm_robot_control' with type 'ros.ament_cmake' and name 'rehab_arm_robot_control'
[0.957s] Level 1:colcon.colcon_core.package_identification:_identify(src/rehab_arm_robot_hardware_interface) by extensions ['ignore', 'ignore_ament_install']
[0.957s] Level 1:colcon.colcon_core.package_identification:_identify(src/rehab_arm_robot_hardware_interface) by extension 'ignore'
[0.957s] Level 1:colcon.colcon_core.package_identification:_identify(src/rehab_arm_robot_hardware_interface) by extension 'ignore_ament_install'
[0.957s] Level 1:colcon.colcon_core.package_identification:_identify(src/rehab_arm_robot_hardware_interface) by extensions ['colcon_pkg']
[0.957s] Level 1:colcon.colcon_core.package_identification:_identify(src/rehab_arm_robot_hardware_interface) by extension 'colcon_pkg'
[0.957s] Level 1:colcon.colcon_core.package_identification:_identify(src/rehab_arm_robot_hardware_interface) by extensions ['colcon_meta']
[0.957s] Level 1:colcon.colcon_core.package_identification:_identify(src/rehab_arm_robot_hardware_interface) by extension 'colcon_meta'
[0.957s] Level 1:colcon.colcon_core.package_identification:_identify(src/rehab_arm_robot_hardware_interface) by extensions ['ros']
[0.957s] Level 1:colcon.colcon_core.package_identification:_identify(src/rehab_arm_robot_hardware_interface) by extension 'ros'
[0.958s] DEBUG:colcon.colcon_core.package_identification:Package 'src/rehab_arm_robot_hardware_interface' with type 'ros.ament_cmake' and name 'rehab_arm_robot_hardware_interface'
[0.958s] Level 1:colcon.colcon_core.package_identification:_identify(src/rehab_arm_robot_moveit_config) by extensions ['ignore', 'ignore_ament_install']
[0.958s] Level 1:colcon.colcon_core.package_identification:_identify(src/rehab_arm_robot_moveit_config) by extension 'ignore'
[0.958s] Level 1:colcon.colcon_core.package_identification:_identify(src/rehab_arm_robot_moveit_config) by extension 'ignore_ament_install'
[0.958s] Level 1:colcon.colcon_core.package_identification:_identify(src/rehab_arm_robot_moveit_config) by extensions ['colcon_pkg']
[0.958s] Level 1:colcon.colcon_core.package_identification:_identify(src/rehab_arm_robot_moveit_config) by extension 'colcon_pkg'
[0.958s] Level 1:colcon.colcon_core.package_identification:_identify(src/rehab_arm_robot_moveit_config) by extensions ['colcon_meta']
[0.958s] Level 1:colcon.colcon_core.package_identification:_identify(src/rehab_arm_robot_moveit_config) by extension 'colcon_meta'
[0.958s] Level 1:colcon.colcon_core.package_identification:_identify(src/rehab_arm_robot_moveit_config) by extensions ['ros']
[0.958s] Level 1:colcon.colcon_core.package_identification:_identify(src/rehab_arm_robot_moveit_config) by extension 'ros'
[0.959s] DEBUG:colcon.colcon_core.package_identification:Package 'src/rehab_arm_robot_moveit_config' with type 'ros.ament_cmake' and name 'rehab_arm_robot_moveit_config'
[0.959s] Level 1:colcon.colcon_core.package_discovery:discover_packages(recursive) using defaults
[0.959s] Level 1:colcon.colcon_core.package_discovery:discover_packages(ignore) discover
[0.959s] Level 1:colcon.colcon_core.package_discovery:discover_packages(ignore) using defaults
[0.959s] Level 1:colcon.colcon_core.package_discovery:discover_packages(path) discover
[0.959s] Level 1:colcon.colcon_core.package_discovery:discover_packages(path) using defaults
[0.987s] Level 1:colcon.colcon_core.package_discovery:discover_packages(prefix_path) check parameters
[0.987s] Level 1:colcon.colcon_core.package_discovery:discover_packages(prefix_path) discover
[0.995s] DEBUG:colcon.colcon_installed_package_information.package_discovery:Found 5 installed packages in /home/dat/Workspace/3dof_rehab_arm/install
[0.996s] DEBUG:colcon.colcon_installed_package_information.package_discovery:Found 45 installed packages in /home/dat/ws_moveit2/install
[0.997s] DEBUG:colcon.colcon_installed_package_information.package_discovery:Found 371 installed packages in /opt/ros/humble
[0.998s] Level 1:colcon.colcon_core.package_discovery:discover_packages(prefix_path) using defaults
[1.076s] Level 5:colcon.colcon_core.verb:set package 'can_odrive_interface' build argument 'cmake_args' from command line to 'None'
[1.076s] Level 5:colcon.colcon_core.verb:set package 'can_odrive_interface' build argument 'cmake_target' from command line to 'None'
[1.076s] Level 5:colcon.colcon_core.verb:set package 'can_odrive_interface' build argument 'cmake_target_skip_unavailable' from command line to 'False'
[1.076s] Level 5:colcon.colcon_core.verb:set package 'can_odrive_interface' build argument 'cmake_clean_cache' from command line to 'False'
[1.076s] Level 5:colcon.colcon_core.verb:set package 'can_odrive_interface' build argument 'cmake_clean_first' from command line to 'False'
[1.076s] Level 5:colcon.colcon_core.verb:set package 'can_odrive_interface' build argument 'cmake_force_configure' from command line to 'False'
[1.076s] Level 5:colcon.colcon_core.verb:set package 'can_odrive_interface' build argument 'ament_cmake_args' from command line to 'None'
[1.076s] Level 5:colcon.colcon_core.verb:set package 'can_odrive_interface' build argument 'catkin_cmake_args' from command line to 'None'
[1.076s] Level 5:colcon.colcon_core.verb:set package 'can_odrive_interface' build argument 'catkin_skip_building_tests' from command line to 'False'
[1.076s] DEBUG:colcon.colcon_core.verb:Building package 'can_odrive_interface' with the following arguments: {'ament_cmake_args': None, 'build_base': '/home/dat/Workspace/3dof_rehab_arm/build/can_odrive_interface', 'catkin_cmake_args': None, 'catkin_skip_building_tests': False, 'cmake_args': None, 'cmake_clean_cache': False, 'cmake_clean_first': False, 'cmake_force_configure': False, 'cmake_target': None, 'cmake_target_skip_unavailable': False, 'install_base': '/home/dat/Workspace/3dof_rehab_arm/install/can_odrive_interface', 'merge_install': False, 'path': '/home/dat/Workspace/3dof_rehab_arm/src/can_odrive_interface', 'symlink_install': False, 'test_result_base': None}
[1.076s] Level 5:colcon.colcon_core.verb:set package 'rehab_arm_robot' build argument 'cmake_args' from command line to 'None'
[1.076s] Level 5:colcon.colcon_core.verb:set package 'rehab_arm_robot' build argument 'cmake_target' from command line to 'None'
[1.077s] Level 5:colcon.colcon_core.verb:set package 'rehab_arm_robot' build argument 'cmake_target_skip_unavailable' from command line to 'False'
[1.077s] Level 5:colcon.colcon_core.verb:set package 'rehab_arm_robot' build argument 'cmake_clean_cache' from command line to 'False'
[1.077s] Level 5:colcon.colcon_core.verb:set package 'rehab_arm_robot' build argument 'cmake_clean_first' from command line to 'False'
[1.077s] Level 5:colcon.colcon_core.verb:set package 'rehab_arm_robot' build argument 'cmake_force_configure' from command line to 'False'
[1.077s] Level 5:colcon.colcon_core.verb:set package 'rehab_arm_robot' build argument 'ament_cmake_args' from command line to 'None'
[1.077s] Level 5:colcon.colcon_core.verb:set package 'rehab_arm_robot' build argument 'catkin_cmake_args' from command line to 'None'
[1.077s] Level 5:colcon.colcon_core.verb:set package 'rehab_arm_robot' build argument 'catkin_skip_building_tests' from command line to 'False'
[1.077s] DEBUG:colcon.colcon_core.verb:Building package 'rehab_arm_robot' with the following arguments: {'ament_cmake_args': None, 'build_base': '/home/dat/Workspace/3dof_rehab_arm/build/rehab_arm_robot', 'catkin_cmake_args': None, 'catkin_skip_building_tests': False, 'cmake_args': None, 'cmake_clean_cache': False, 'cmake_clean_first': False, 'cmake_force_configure': False, 'cmake_target': None, 'cmake_target_skip_unavailable': False, 'install_base': '/home/dat/Workspace/3dof_rehab_arm/install/rehab_arm_robot', 'merge_install': False, 'path': '/home/dat/Workspace/3dof_rehab_arm/src/rehab_arm_robot', 'symlink_install': False, 'test_result_base': None}
[1.077s] Level 5:colcon.colcon_core.verb:set package 'rehab_arm_robot_control' build argument 'cmake_args' from command line to 'None'
[1.077s] Level 5:colcon.colcon_core.verb:set package 'rehab_arm_robot_control' build argument 'cmake_target' from command line to 'None'
[1.077s] Level 5:colcon.colcon_core.verb:set package 'rehab_arm_robot_control' build argument 'cmake_target_skip_unavailable' from command line to 'False'
[1.077s] Level 5:colcon.colcon_core.verb:set package 'rehab_arm_robot_control' build argument 'cmake_clean_cache' from command line to 'False'
[1.077s] Level 5:colcon.colcon_core.verb:set package 'rehab_arm_robot_control' build argument 'cmake_clean_first' from command line to 'False'
[1.077s] Level 5:colcon.colcon_core.verb:set package 'rehab_arm_robot_control' build argument 'cmake_force_configure' from command line to 'False'
[1.077s] Level 5:colcon.colcon_core.verb:set package 'rehab_arm_robot_control' build argument 'ament_cmake_args' from command line to 'None'
[1.077s] Level 5:colcon.colcon_core.verb:set package 'rehab_arm_robot_control' build argument 'catkin_cmake_args' from command line to 'None'
[1.077s] Level 5:colcon.colcon_core.verb:set package 'rehab_arm_robot_control' build argument 'catkin_skip_building_tests' from command line to 'False'
[1.077s] DEBUG:colcon.colcon_core.verb:Building package 'rehab_arm_robot_control' with the following arguments: {'ament_cmake_args': None, 'build_base': '/home/dat/Workspace/3dof_rehab_arm/build/rehab_arm_robot_control', 'catkin_cmake_args': None, 'catkin_skip_building_tests': False, 'cmake_args': None, 'cmake_clean_cache': False, 'cmake_clean_first': False, 'cmake_force_configure': False, 'cmake_target': None, 'cmake_target_skip_unavailable': False, 'install_base': '/home/dat/Workspace/3dof_rehab_arm/install/rehab_arm_robot_control', 'merge_install': False, 'path': '/home/dat/Workspace/3dof_rehab_arm/src/rehab_arm_robot_control', 'symlink_install': False, 'test_result_base': None}
[1.077s] Level 5:colcon.colcon_core.verb:set package 'rehab_arm_robot_hardware_interface' build argument 'cmake_args' from command line to 'None'
[1.077s] Level 5:colcon.colcon_core.verb:set package 'rehab_arm_robot_hardware_interface' build argument 'cmake_target' from command line to 'None'
[1.077s] Level 5:colcon.colcon_core.verb:set package 'rehab_arm_robot_hardware_interface' build argument 'cmake_target_skip_unavailable' from command line to 'False'
[1.077s] Level 5:colcon.colcon_core.verb:set package 'rehab_arm_robot_hardware_interface' build argument 'cmake_clean_cache' from command line to 'False'
[1.077s] Level 5:colcon.colcon_core.verb:set package 'rehab_arm_robot_hardware_interface' build argument 'cmake_clean_first' from command line to 'False'
[1.077s] Level 5:colcon.colcon_core.verb:set package 'rehab_arm_robot_hardware_interface' build argument 'cmake_force_configure' from command line to 'False'
[1.077s] Level 5:colcon.colcon_core.verb:set package 'rehab_arm_robot_hardware_interface' build argument 'ament_cmake_args' from command line to 'None'
[1.077s] Level 5:colcon.colcon_core.verb:set package 'rehab_arm_robot_hardware_interface' build argument 'catkin_cmake_args' from command line to 'None'
[1.077s] Level 5:colcon.colcon_core.verb:set package 'rehab_arm_robot_hardware_interface' build argument 'catkin_skip_building_tests' from command line to 'False'
[1.077s] DEBUG:colcon.colcon_core.verb:Building package 'rehab_arm_robot_hardware_interface' with the following arguments: {'ament_cmake_args': None, 'build_base': '/home/dat/Workspace/3dof_rehab_arm/build/rehab_arm_robot_hardware_interface', 'catkin_cmake_args': None, 'catkin_skip_building_tests': False, 'cmake_args': None, 'cmake_clean_cache': False, 'cmake_clean_first': False, 'cmake_force_configure': False, 'cmake_target': None, 'cmake_target_skip_unavailable': False, 'install_base': '/home/dat/Workspace/3dof_rehab_arm/install/rehab_arm_robot_hardware_interface', 'merge_install': False, 'path': '/home/dat/Workspace/3dof_rehab_arm/src/rehab_arm_robot_hardware_interface', 'symlink_install': False, 'test_result_base': None}
[1.077s] Level 5:colcon.colcon_core.verb:set package 'rehab_arm_robot_moveit_config' build argument 'cmake_args' from command line to 'None'
[1.077s] Level 5:colcon.colcon_core.verb:set package 'rehab_arm_robot_moveit_config' build argument 'cmake_target' from command line to 'None'
[1.077s] Level 5:colcon.colcon_core.verb:set package 'rehab_arm_robot_moveit_config' build argument 'cmake_target_skip_unavailable' from command line to 'False'
[1.077s] Level 5:colcon.colcon_core.verb:set package 'rehab_arm_robot_moveit_config' build argument 'cmake_clean_cache' from command line to 'False'
[1.077s] Level 5:colcon.colcon_core.verb:set package 'rehab_arm_robot_moveit_config' build argument 'cmake_clean_first' from command line to 'False'
[1.077s] Level 5:colcon.colcon_core.verb:set package 'rehab_arm_robot_moveit_config' build argument 'cmake_force_configure' from command line to 'False'
[1.077s] Level 5:colcon.colcon_core.verb:set package 'rehab_arm_robot_moveit_config' build argument 'ament_cmake_args' from command line to 'None'
[1.077s] Level 5:colcon.colcon_core.verb:set package 'rehab_arm_robot_moveit_config' build argument 'catkin_cmake_args' from command line to 'None'
[1.077s] Level 5:colcon.colcon_core.verb:set package 'rehab_arm_robot_moveit_config' build argument 'catkin_skip_building_tests' from command line to 'False'
[1.078s] DEBUG:colcon.colcon_core.verb:Building package 'rehab_arm_robot_moveit_config' with the following arguments: {'ament_cmake_args': None, 'build_base': '/home/dat/Workspace/3dof_rehab_arm/build/rehab_arm_robot_moveit_config', 'catkin_cmake_args': None, 'catkin_skip_building_tests': False, 'cmake_args': None, 'cmake_clean_cache': False, 'cmake_clean_first': False, 'cmake_force_configure': False, 'cmake_target': None, 'cmake_target_skip_unavailable': False, 'install_base': '/home/dat/Workspace/3dof_rehab_arm/install/rehab_arm_robot_moveit_config', 'merge_install': False, 'path': '/home/dat/Workspace/3dof_rehab_arm/src/rehab_arm_robot_moveit_config', 'symlink_install': False, 'test_result_base': None}
[1.078s] INFO:colcon.colcon_core.executor:Executing jobs using 'parallel' executor
[1.078s] DEBUG:colcon.colcon_parallel_executor.executor.parallel:run_until_complete
[1.079s] INFO:colcon.colcon_ros.task.ament_cmake.build:Building ROS package in '/home/dat/Workspace/3dof_rehab_arm/src/rehab_arm_robot' with build type 'ament_cmake'
[1.079s] INFO:colcon.colcon_cmake.task.cmake.build:Building CMake package in '/home/dat/Workspace/3dof_rehab_arm/src/rehab_arm_robot'
[1.084s] INFO:colcon.colcon_core.plugin_system:Skipping extension 'colcon_core.shell.bat': Not used on non-Windows systems
[1.084s] INFO:colcon.colcon_core.shell:Skip shell extension 'powershell' for command environment: Not usable outside of PowerShell
[1.084s] DEBUG:colcon.colcon_core.shell:Skip shell extension 'dsv' for command environment
[1.088s] INFO:colcon.colcon_ros.task.ament_cmake.build:Building ROS package in '/home/dat/Workspace/3dof_rehab_arm/src/can_odrive_interface' with build type 'ament_cmake'
[1.088s] INFO:colcon.colcon_cmake.task.cmake.build:Building CMake package in '/home/dat/Workspace/3dof_rehab_arm/src/can_odrive_interface'
[1.089s] INFO:colcon.colcon_core.shell:Skip shell extension 'powershell' for command environment: Not usable outside of PowerShell
[1.089s] DEBUG:colcon.colcon_core.shell:Skip shell extension 'dsv' for command environment
[1.093s] INFO:colcon.colcon_ros.task.ament_cmake.build:Building ROS package in '/home/dat/Workspace/3dof_rehab_arm/src/rehab_arm_robot_control' with build type 'ament_cmake'
[1.093s] INFO:colcon.colcon_cmake.task.cmake.build:Building CMake package in '/home/dat/Workspace/3dof_rehab_arm/src/rehab_arm_robot_control'
[1.094s] INFO:colcon.colcon_core.shell:Skip shell extension 'powershell' for command environment: Not usable outside of PowerShell
[1.094s] DEBUG:colcon.colcon_core.shell:Skip shell extension 'dsv' for command environment
[1.097s] INFO:colcon.colcon_ros.task.ament_cmake.build:Building ROS package in '/home/dat/Workspace/3dof_rehab_arm/src/rehab_arm_robot_hardware_interface' with build type 'ament_cmake'
[1.097s] INFO:colcon.colcon_cmake.task.cmake.build:Building CMake package in '/home/dat/Workspace/3dof_rehab_arm/src/rehab_arm_robot_hardware_interface'
[1.098s] INFO:colcon.colcon_core.shell:Skip shell extension 'powershell' for command environment: Not usable outside of PowerShell
[1.098s] DEBUG:colcon.colcon_core.shell:Skip shell extension 'dsv' for command environment
[1.105s] DEBUG:colcon.colcon_core.event_handler.log_command:Invoking command in '/home/dat/Workspace/3dof_rehab_arm/build/rehab_arm_robot': CMAKE_PREFIX_PATH=${CMAKE_PREFIX_PATH}:/home/dat/ws_moveit2/install/moveit_configs_utils:/opt/ros/humble /usr/bin/cmake --build /home/dat/Workspace/3dof_rehab_arm/build/rehab_arm_robot -- -j8 -l8
[1.109s] DEBUG:colcon.colcon_core.event_handler.log_command:Invoking command in '/home/dat/Workspace/3dof_rehab_arm/build/can_odrive_interface': CMAKE_PREFIX_PATH=${CMAKE_PREFIX_PATH}:/home/dat/ws_moveit2/install/moveit_configs_utils:/opt/ros/humble /usr/bin/cmake --build /home/dat/Workspace/3dof_rehab_arm/build/can_odrive_interface -- -j8 -l8
[1.113s] DEBUG:colcon.colcon_core.event_handler.log_command:Invoking command in '/home/dat/Workspace/3dof_rehab_arm/build/rehab_arm_robot_control': CMAKE_PREFIX_PATH=${CMAKE_PREFIX_PATH}:/home/dat/ws_moveit2/install/moveit_configs_utils:/opt/ros/humble /usr/bin/cmake --build /home/dat/Workspace/3dof_rehab_arm/build/rehab_arm_robot_control -- -j8 -l8
[1.117s] DEBUG:colcon.colcon_core.event_handler.log_command:Invoking command in '/home/dat/Workspace/3dof_rehab_arm/build/rehab_arm_robot_hardware_interface': CMAKE_PREFIX_PATH=${CMAKE_PREFIX_PATH}:/home/dat/ws_moveit2/install/moveit_configs_utils:/opt/ros/humble /usr/bin/cmake --build /home/dat/Workspace/3dof_rehab_arm/build/rehab_arm_robot_hardware_interface -- -j8 -l8
[1.150s] DEBUG:colcon.colcon_core.event_handler.log_command:Invoked command in '/home/dat/Workspace/3dof_rehab_arm/build/rehab_arm_robot' returned '0': CMAKE_PREFIX_PATH=${CMAKE_PREFIX_PATH}:/home/dat/ws_moveit2/install/moveit_configs_utils:/opt/ros/humble /usr/bin/cmake --build /home/dat/Workspace/3dof_rehab_arm/build/rehab_arm_robot -- -j8 -l8
[1.161s] DEBUG:colcon.colcon_core.event_handler.log_command:Invoking command in '/home/dat/Workspace/3dof_rehab_arm/build/rehab_arm_robot': CMAKE_PREFIX_PATH=${CMAKE_PREFIX_PATH}:/home/dat/ws_moveit2/install/moveit_configs_utils:/opt/ros/humble /usr/bin/cmake --install /home/dat/Workspace/3dof_rehab_arm/build/rehab_arm_robot
[1.171s] Level 1:colcon.colcon_core.environment:create_environment_scripts_only(rehab_arm_robot)
[1.172s] DEBUG:colcon.colcon_core.event_handler.log_command:Invoked command in '/home/dat/Workspace/3dof_rehab_arm/build/rehab_arm_robot' returned '0': CMAKE_PREFIX_PATH=${CMAKE_PREFIX_PATH}:/home/dat/ws_moveit2/install/moveit_configs_utils:/opt/ros/humble /usr/bin/cmake --install /home/dat/Workspace/3dof_rehab_arm/build/rehab_arm_robot
[1.177s] Level 1:colcon.colcon_core.environment:checking '/home/dat/Workspace/3dof_rehab_arm/install/rehab_arm_robot' for CMake module files
[1.178s] Level 1:colcon.colcon_core.environment:checking '/home/dat/Workspace/3dof_rehab_arm/install/rehab_arm_robot' for CMake config files
[1.179s] Level 1:colcon.colcon_core.shell:create_environment_hook('rehab_arm_robot', 'cmake_prefix_path')
[1.180s] INFO:colcon.colcon_core.shell:Creating environment hook '/home/dat/Workspace/3dof_rehab_arm/install/rehab_arm_robot/share/rehab_arm_robot/hook/cmake_prefix_path.ps1'
[1.182s] INFO:colcon.colcon_core.shell:Creating environment descriptor '/home/dat/Workspace/3dof_rehab_arm/install/rehab_arm_robot/share/rehab_arm_robot/hook/cmake_prefix_path.dsv'
[1.182s] INFO:colcon.colcon_core.shell:Creating environment hook '/home/dat/Workspace/3dof_rehab_arm/install/rehab_arm_robot/share/rehab_arm_robot/hook/cmake_prefix_path.sh'
[1.183s] Level 1:colcon.colcon_core.environment:checking '/home/dat/Workspace/3dof_rehab_arm/install/rehab_arm_robot/bin'
[1.183s] Level 1:colcon.colcon_core.environment:checking '/home/dat/Workspace/3dof_rehab_arm/install/rehab_arm_robot/lib/pkgconfig/rehab_arm_robot.pc'
[1.183s] Level 1:colcon.colcon_core.environment:checking '/home/dat/Workspace/3dof_rehab_arm/install/rehab_arm_robot/lib/python3.10/site-packages'
[1.184s] Level 1:colcon.colcon_core.environment:checking '/home/dat/Workspace/3dof_rehab_arm/install/rehab_arm_robot/bin'
[1.184s] INFO:colcon.colcon_core.shell:Creating package script '/home/dat/Workspace/3dof_rehab_arm/install/rehab_arm_robot/share/rehab_arm_robot/package.ps1'
[1.185s] INFO:colcon.colcon_core.shell:Creating package descriptor '/home/dat/Workspace/3dof_rehab_arm/install/rehab_arm_robot/share/rehab_arm_robot/package.dsv'
[1.187s] INFO:colcon.colcon_core.shell:Creating package script '/home/dat/Workspace/3dof_rehab_arm/install/rehab_arm_robot/share/rehab_arm_robot/package.sh'
[1.187s] INFO:colcon.colcon_core.shell:Creating package script '/home/dat/Workspace/3dof_rehab_arm/install/rehab_arm_robot/share/rehab_arm_robot/package.bash'
[1.188s] INFO:colcon.colcon_core.shell:Creating package script '/home/dat/Workspace/3dof_rehab_arm/install/rehab_arm_robot/share/rehab_arm_robot/package.zsh'
[1.188s] Level 1:colcon.colcon_core.environment:create_file_with_runtime_dependencies(/home/dat/Workspace/3dof_rehab_arm/install/rehab_arm_robot/share/colcon-core/packages/rehab_arm_robot)
[1.189s] Level 1:colcon.colcon_core.environment:create_environment_scripts_only(rehab_arm_robot)
[1.189s] Level 1:colcon.colcon_core.environment:checking '/home/dat/Workspace/3dof_rehab_arm/install/rehab_arm_robot' for CMake module files
[1.189s] Level 1:colcon.colcon_core.environment:checking '/home/dat/Workspace/3dof_rehab_arm/install/rehab_arm_robot' for CMake config files
[1.190s] Level 1:colcon.colcon_core.shell:create_environment_hook('rehab_arm_robot', 'cmake_prefix_path')
[1.190s] INFO:colcon.colcon_core.shell:Creating environment hook '/home/dat/Workspace/3dof_rehab_arm/install/rehab_arm_robot/share/rehab_arm_robot/hook/cmake_prefix_path.ps1'
[1.190s] INFO:colcon.colcon_core.shell:Creating environment descriptor '/home/dat/Workspace/3dof_rehab_arm/install/rehab_arm_robot/share/rehab_arm_robot/hook/cmake_prefix_path.dsv'
[1.190s] INFO:colcon.colcon_core.shell:Creating environment hook '/home/dat/Workspace/3dof_rehab_arm/install/rehab_arm_robot/share/rehab_arm_robot/hook/cmake_prefix_path.sh'
[1.191s] Level 1:colcon.colcon_core.environment:checking '/home/dat/Workspace/3dof_rehab_arm/install/rehab_arm_robot/bin'
[1.191s] Level 1:colcon.colcon_core.environment:checking '/home/dat/Workspace/3dof_rehab_arm/install/rehab_arm_robot/lib/pkgconfig/rehab_arm_robot.pc'
[1.191s] Level 1:colcon.colcon_core.environment:checking '/home/dat/Workspace/3dof_rehab_arm/install/rehab_arm_robot/lib/python3.10/site-packages'
[1.191s] Level 1:colcon.colcon_core.environment:checking '/home/dat/Workspace/3dof_rehab_arm/install/rehab_arm_robot/bin'
[1.191s] INFO:colcon.colcon_core.shell:Creating package script '/home/dat/Workspace/3dof_rehab_arm/install/rehab_arm_robot/share/rehab_arm_robot/package.ps1'
[1.192s] INFO:colcon.colcon_core.shell:Creating package descriptor '/home/dat/Workspace/3dof_rehab_arm/install/rehab_arm_robot/share/rehab_arm_robot/package.dsv'
[1.192s] INFO:colcon.colcon_core.shell:Creating package script '/home/dat/Workspace/3dof_rehab_arm/install/rehab_arm_robot/share/rehab_arm_robot/package.sh'
[1.192s] INFO:colcon.colcon_core.shell:Creating package script '/home/dat/Workspace/3dof_rehab_arm/install/rehab_arm_robot/share/rehab_arm_robot/package.bash'
[1.193s] INFO:colcon.colcon_core.shell:Creating package script '/home/dat/Workspace/3dof_rehab_arm/install/rehab_arm_robot/share/rehab_arm_robot/package.zsh'
[1.193s] Level 1:colcon.colcon_core.environment:create_file_with_runtime_dependencies(/home/dat/Workspace/3dof_rehab_arm/install/rehab_arm_robot/share/colcon-core/packages/rehab_arm_robot)
[1.193s] INFO:colcon.colcon_ros.task.ament_cmake.build:Building ROS package in '/home/dat/Workspace/3dof_rehab_arm/src/rehab_arm_robot_moveit_config' with build type 'ament_cmake'
[1.194s] INFO:colcon.colcon_cmake.task.cmake.build:Building CMake package in '/home/dat/Workspace/3dof_rehab_arm/src/rehab_arm_robot_moveit_config'
[1.194s] INFO:colcon.colcon_core.shell:Skip shell extension 'powershell' for command environment: Not usable outside of PowerShell
[1.194s] DEBUG:colcon.colcon_core.shell:Skip shell extension 'dsv' for command environment
[1.207s] DEBUG:colcon.colcon_core.event_handler.log_command:Invoking command in '/home/dat/Workspace/3dof_rehab_arm/build/rehab_arm_robot_moveit_config': CMAKE_PREFIX_PATH=/home/dat/Workspace/3dof_rehab_arm/install/rehab_arm_robot:/home/dat/Workspace/3dof_rehab_arm/install/rehab_arm_robot_moveit_config:/home/dat/Workspace/3dof_rehab_arm/install/rehab_arm_robot_hardware_interface:/home/dat/Workspace/3dof_rehab_arm/install/rehab_arm_robot_control:/home/dat/Workspace/3dof_rehab_arm/install/can_odrive_interface:/home/dat/ws_moveit2/install/pilz_industrial_motion_planner_testutils:/home/dat/ws_moveit2/install/moveit_runtime:/home/dat/ws_moveit2/install/moveit:/home/dat/ws_moveit2/install/moveit_planners:/home/dat/ws_moveit2/install/pilz_industrial_motion_planner:/home/dat/ws_moveit2/install/moveit_ros_control_interface:/home/dat/ws_moveit2/install/moveit_plugins:/home/dat/ws_moveit2/install/moveit_simple_controller_manager:/home/dat/ws_moveit2/install/moveit_setup_assistant:/home/dat/ws_moveit2/install/moveit_setup_srdf_plugins:/home/dat/ws_moveit2/install/moveit_setup_core_plugins:/home/dat/ws_moveit2/install/moveit_setup_controllers:/home/dat/ws_moveit2/install/moveit_setup_app_plugins:/home/dat/ws_moveit2/install/moveit_setup_framework:/home/dat/ws_moveit2/install/moveit_servo:/home/dat/ws_moveit2/install/moveit_ros:/home/dat/ws_moveit2/install/moveit_ros_visualization:/home/dat/ws_moveit2/install/moveit_hybrid_planning:/home/dat/ws_moveit2/install/moveit_ros_planning_interface:/home/dat/ws_moveit2/install/moveit_ros_benchmarks:/home/dat/ws_moveit2/install/moveit_ros_warehouse:/home/dat/ws_moveit2/install/moveit_ros_robot_interaction:/home/dat/ws_moveit2/install/moveit_ros_perception:/home/dat/ws_moveit2/install/moveit_resources_prbt_pg70_support:/home/dat/ws_moveit2/install/moveit_resources_prbt_moveit_config:/home/dat/ws_moveit2/install/moveit_ros_move_group:/home/dat/ws_moveit2/install/moveit_planners_ompl:/home/dat/ws_moveit2/install/moveit_ros_planning:/home/dat/ws_moveit2/install/moveit_ros_occupancy_map_monitor:/home/dat/ws_moveit2/install/moveit_resources_prbt_support:/home/dat/ws_moveit2/install/moveit_resources_prbt_ikfast_manipulator_plugin:/home/dat/ws_moveit2/install/moveit_resources:/home/dat/ws_moveit2/install/moveit_resources_pr2_description:/home/dat/ws_moveit2/install/moveit_resources_panda_moveit_config:/home/dat/ws_moveit2/install/moveit_resources_panda_description:/home/dat/ws_moveit2/install/moveit_resources_fanuc_moveit_config:/home/dat/ws_moveit2/install/moveit_resources_fanuc_description:/home/dat/ws_moveit2/install/moveit_planners_chomp:/home/dat/ws_moveit2/install/moveit_kinematics:/home/dat/ws_moveit2/install/moveit_chomp_optimizer_adapter:/home/dat/ws_moveit2/install/chomp_motion_planner:/home/dat/ws_moveit2/install/moveit_core:/home/dat/ws_moveit2/install/moveit_msgs:/home/dat/ws_moveit2/install/moveit_common:/usr/local:/home/dat/ws_moveit2/install/moveit_configs_utils:/opt/ros/humble /usr/bin/cmake --build /home/dat/Workspace/3dof_rehab_arm/build/rehab_arm_robot_moveit_config -- -j8 -l8
[1.247s] DEBUG:colcon.colcon_core.event_handler.log_command:Invoked command in '/home/dat/Workspace/3dof_rehab_arm/build/rehab_arm_robot_moveit_config' returned '0': CMAKE_PREFIX_PATH=/home/dat/Workspace/3dof_rehab_arm/install/rehab_arm_robot:/home/dat/Workspace/3dof_rehab_arm/install/rehab_arm_robot_moveit_config:/home/dat/Workspace/3dof_rehab_arm/install/rehab_arm_robot_hardware_interface:/home/dat/Workspace/3dof_rehab_arm/install/rehab_arm_robot_control:/home/dat/Workspace/3dof_rehab_arm/install/can_odrive_interface:/home/dat/ws_moveit2/install/pilz_industrial_motion_planner_testutils:/home/dat/ws_moveit2/install/moveit_runtime:/home/dat/ws_moveit2/install/moveit:/home/dat/ws_moveit2/install/moveit_planners:/home/dat/ws_moveit2/install/pilz_industrial_motion_planner:/home/dat/ws_moveit2/install/moveit_ros_control_interface:/home/dat/ws_moveit2/install/moveit_plugins:/home/dat/ws_moveit2/install/moveit_simple_controller_manager:/home/dat/ws_moveit2/install/moveit_setup_assistant:/home/dat/ws_moveit2/install/moveit_setup_srdf_plugins:/home/dat/ws_moveit2/install/moveit_setup_core_plugins:/home/dat/ws_moveit2/install/moveit_setup_controllers:/home/dat/ws_moveit2/install/moveit_setup_app_plugins:/home/dat/ws_moveit2/install/moveit_setup_framework:/home/dat/ws_moveit2/install/moveit_servo:/home/dat/ws_moveit2/install/moveit_ros:/home/dat/ws_moveit2/install/moveit_ros_visualization:/home/dat/ws_moveit2/install/moveit_hybrid_planning:/home/dat/ws_moveit2/install/moveit_ros_planning_interface:/home/dat/ws_moveit2/install/moveit_ros_benchmarks:/home/dat/ws_moveit2/install/moveit_ros_warehouse:/home/dat/ws_moveit2/install/moveit_ros_robot_interaction:/home/dat/ws_moveit2/install/moveit_ros_perception:/home/dat/ws_moveit2/install/moveit_resources_prbt_pg70_support:/home/dat/ws_moveit2/install/moveit_resources_prbt_moveit_config:/home/dat/ws_moveit2/install/moveit_ros_move_group:/home/dat/ws_moveit2/install/moveit_planners_ompl:/home/dat/ws_moveit2/install/moveit_ros_planning:/home/dat/ws_moveit2/install/moveit_ros_occupancy_map_monitor:/home/dat/ws_moveit2/install/moveit_resources_prbt_support:/home/dat/ws_moveit2/install/moveit_resources_prbt_ikfast_manipulator_plugin:/home/dat/ws_moveit2/install/moveit_resources:/home/dat/ws_moveit2/install/moveit_resources_pr2_description:/home/dat/ws_moveit2/install/moveit_resources_panda_moveit_config:/home/dat/ws_moveit2/install/moveit_resources_panda_description:/home/dat/ws_moveit2/install/moveit_resources_fanuc_moveit_config:/home/dat/ws_moveit2/install/moveit_resources_fanuc_description:/home/dat/ws_moveit2/install/moveit_planners_chomp:/home/dat/ws_moveit2/install/moveit_kinematics:/home/dat/ws_moveit2/install/moveit_chomp_optimizer_adapter:/home/dat/ws_moveit2/install/chomp_motion_planner:/home/dat/ws_moveit2/install/moveit_core:/home/dat/ws_moveit2/install/moveit_msgs:/home/dat/ws_moveit2/install/moveit_common:/usr/local:/home/dat/ws_moveit2/install/moveit_configs_utils:/opt/ros/humble /usr/bin/cmake --build /home/dat/Workspace/3dof_rehab_arm/build/rehab_arm_robot_moveit_config -- -j8 -l8
[1.249s] DEBUG:colcon.colcon_core.event_handler.log_command:Invoking command in '/home/dat/Workspace/3dof_rehab_arm/build/rehab_arm_robot_moveit_config': CMAKE_PREFIX_PATH=/home/dat/Workspace/3dof_rehab_arm/install/rehab_arm_robot:/home/dat/Workspace/3dof_rehab_arm/install/rehab_arm_robot_moveit_config:/home/dat/Workspace/3dof_rehab_arm/install/rehab_arm_robot_hardware_interface:/home/dat/Workspace/3dof_rehab_arm/install/rehab_arm_robot_control:/home/dat/Workspace/3dof_rehab_arm/install/can_odrive_interface:/home/dat/ws_moveit2/install/pilz_industrial_motion_planner_testutils:/home/dat/ws_moveit2/install/moveit_runtime:/home/dat/ws_moveit2/install/moveit:/home/dat/ws_moveit2/install/moveit_planners:/home/dat/ws_moveit2/install/pilz_industrial_motion_planner:/home/dat/ws_moveit2/install/moveit_ros_control_interface:/home/dat/ws_moveit2/install/moveit_plugins:/home/dat/ws_moveit2/install/moveit_simple_controller_manager:/home/dat/ws_moveit2/install/moveit_setup_assistant:/home/dat/ws_moveit2/install/moveit_setup_srdf_plugins:/home/dat/ws_moveit2/install/moveit_setup_core_plugins:/home/dat/ws_moveit2/install/moveit_setup_controllers:/home/dat/ws_moveit2/install/moveit_setup_app_plugins:/home/dat/ws_moveit2/install/moveit_setup_framework:/home/dat/ws_moveit2/install/moveit_servo:/home/dat/ws_moveit2/install/moveit_ros:/home/dat/ws_moveit2/install/moveit_ros_visualization:/home/dat/ws_moveit2/install/moveit_hybrid_planning:/home/dat/ws_moveit2/install/moveit_ros_planning_interface:/home/dat/ws_moveit2/install/moveit_ros_benchmarks:/home/dat/ws_moveit2/install/moveit_ros_warehouse:/home/dat/ws_moveit2/install/moveit_ros_robot_interaction:/home/dat/ws_moveit2/install/moveit_ros_perception:/home/dat/ws_moveit2/install/moveit_resources_prbt_pg70_support:/home/dat/ws_moveit2/install/moveit_resources_prbt_moveit_config:/home/dat/ws_moveit2/install/moveit_ros_move_group:/home/dat/ws_moveit2/install/moveit_planners_ompl:/home/dat/ws_moveit2/install/moveit_ros_planning:/home/dat/ws_moveit2/install/moveit_ros_occupancy_map_monitor:/home/dat/ws_moveit2/install/moveit_resources_prbt_support:/home/dat/ws_moveit2/install/moveit_resources_prbt_ikfast_manipulator_plugin:/home/dat/ws_moveit2/install/moveit_resources:/home/dat/ws_moveit2/install/moveit_resources_pr2_description:/home/dat/ws_moveit2/install/moveit_resources_panda_moveit_config:/home/dat/ws_moveit2/install/moveit_resources_panda_description:/home/dat/ws_moveit2/install/moveit_resources_fanuc_moveit_config:/home/dat/ws_moveit2/install/moveit_resources_fanuc_description:/home/dat/ws_moveit2/install/moveit_planners_chomp:/home/dat/ws_moveit2/install/moveit_kinematics:/home/dat/ws_moveit2/install/moveit_chomp_optimizer_adapter:/home/dat/ws_moveit2/install/chomp_motion_planner:/home/dat/ws_moveit2/install/moveit_core:/home/dat/ws_moveit2/install/moveit_msgs:/home/dat/ws_moveit2/install/moveit_common:/usr/local:/home/dat/ws_moveit2/install/moveit_configs_utils:/opt/ros/humble /usr/bin/cmake --install /home/dat/Workspace/3dof_rehab_arm/build/rehab_arm_robot_moveit_config
[1.259s] Level 1:colcon.colcon_core.environment:create_environment_scripts_only(rehab_arm_robot_moveit_config)
[1.259s] Level 1:colcon.colcon_core.environment:checking '/home/dat/Workspace/3dof_rehab_arm/install/rehab_arm_robot_moveit_config' for CMake module files
[1.260s] DEBUG:colcon.colcon_core.event_handler.log_command:Invoked command in '/home/dat/Workspace/3dof_rehab_arm/build/rehab_arm_robot_moveit_config' returned '0': CMAKE_PREFIX_PATH=/home/dat/Workspace/3dof_rehab_arm/install/rehab_arm_robot:/home/dat/Workspace/3dof_rehab_arm/install/rehab_arm_robot_moveit_config:/home/dat/Workspace/3dof_rehab_arm/install/rehab_arm_robot_hardware_interface:/home/dat/Workspace/3dof_rehab_arm/install/rehab_arm_robot_control:/home/dat/Workspace/3dof_rehab_arm/install/can_odrive_interface:/home/dat/ws_moveit2/install/pilz_industrial_motion_planner_testutils:/home/dat/ws_moveit2/install/moveit_runtime:/home/dat/ws_moveit2/install/moveit:/home/dat/ws_moveit2/install/moveit_planners:/home/dat/ws_moveit2/install/pilz_industrial_motion_planner:/home/dat/ws_moveit2/install/moveit_ros_control_interface:/home/dat/ws_moveit2/install/moveit_plugins:/home/dat/ws_moveit2/install/moveit_simple_controller_manager:/home/dat/ws_moveit2/install/moveit_setup_assistant:/home/dat/ws_moveit2/install/moveit_setup_srdf_plugins:/home/dat/ws_moveit2/install/moveit_setup_core_plugins:/home/dat/ws_moveit2/install/moveit_setup_controllers:/home/dat/ws_moveit2/install/moveit_setup_app_plugins:/home/dat/ws_moveit2/install/moveit_setup_framework:/home/dat/ws_moveit2/install/moveit_servo:/home/dat/ws_moveit2/install/moveit_ros:/home/dat/ws_moveit2/install/moveit_ros_visualization:/home/dat/ws_moveit2/install/moveit_hybrid_planning:/home/dat/ws_moveit2/install/moveit_ros_planning_interface:/home/dat/ws_moveit2/install/moveit_ros_benchmarks:/home/dat/ws_moveit2/install/moveit_ros_warehouse:/home/dat/ws_moveit2/install/moveit_ros_robot_interaction:/home/dat/ws_moveit2/install/moveit_ros_perception:/home/dat/ws_moveit2/install/moveit_resources_prbt_pg70_support:/home/dat/ws_moveit2/install/moveit_resources_prbt_moveit_config:/home/dat/ws_moveit2/install/moveit_ros_move_group:/home/dat/ws_moveit2/install/moveit_planners_ompl:/home/dat/ws_moveit2/install/moveit_ros_planning:/home/dat/ws_moveit2/install/moveit_ros_occupancy_map_monitor:/home/dat/ws_moveit2/install/moveit_resources_prbt_support:/home/dat/ws_moveit2/install/moveit_resources_prbt_ikfast_manipulator_plugin:/home/dat/ws_moveit2/install/moveit_resources:/home/dat/ws_moveit2/install/moveit_resources_pr2_description:/home/dat/ws_moveit2/install/moveit_resources_panda_moveit_config:/home/dat/ws_moveit2/install/moveit_resources_panda_description:/home/dat/ws_moveit2/install/moveit_resources_fanuc_moveit_config:/home/dat/ws_moveit2/install/moveit_resources_fanuc_description:/home/dat/ws_moveit2/install/moveit_planners_chomp:/home/dat/ws_moveit2/install/moveit_kinematics:/home/dat/ws_moveit2/install/moveit_chomp_optimizer_adapter:/home/dat/ws_moveit2/install/chomp_motion_planner:/home/dat/ws_moveit2/install/moveit_core:/home/dat/ws_moveit2/install/moveit_msgs:/home/dat/ws_moveit2/install/moveit_common:/usr/local:/home/dat/ws_moveit2/install/moveit_configs_utils:/opt/ros/humble /usr/bin/cmake --install /home/dat/Workspace/3dof_rehab_arm/build/rehab_arm_robot_moveit_config
[1.261s] Level 1:colcon.colcon_core.environment:checking '/home/dat/Workspace/3dof_rehab_arm/install/rehab_arm_robot_moveit_config' for CMake config files
[1.261s] Level 1:colcon.colcon_core.shell:create_environment_hook('rehab_arm_robot_moveit_config', 'cmake_prefix_path')
[1.261s] INFO:colcon.colcon_core.shell:Creating environment hook '/home/dat/Workspace/3dof_rehab_arm/install/rehab_arm_robot_moveit_config/share/rehab_arm_robot_moveit_config/hook/cmake_prefix_path.ps1'
[1.262s] INFO:colcon.colcon_core.shell:Creating environment descriptor '/home/dat/Workspace/3dof_rehab_arm/install/rehab_arm_robot_moveit_config/share/rehab_arm_robot_moveit_config/hook/cmake_prefix_path.dsv'
[1.262s] INFO:colcon.colcon_core.shell:Creating environment hook '/home/dat/Workspace/3dof_rehab_arm/install/rehab_arm_robot_moveit_config/share/rehab_arm_robot_moveit_config/hook/cmake_prefix_path.sh'
[1.262s] Level 1:colcon.colcon_core.environment:checking '/home/dat/Workspace/3dof_rehab_arm/install/rehab_arm_robot_moveit_config/bin'
[1.262s] Level 1:colcon.colcon_core.environment:checking '/home/dat/Workspace/3dof_rehab_arm/install/rehab_arm_robot_moveit_config/lib/pkgconfig/rehab_arm_robot_moveit_config.pc'
[1.263s] Level 1:colcon.colcon_core.environment:checking '/home/dat/Workspace/3dof_rehab_arm/install/rehab_arm_robot_moveit_config/lib/python3.10/site-packages'
[1.263s] Level 1:colcon.colcon_core.environment:checking '/home/dat/Workspace/3dof_rehab_arm/install/rehab_arm_robot_moveit_config/bin'
[1.263s] INFO:colcon.colcon_core.shell:Creating package script '/home/dat/Workspace/3dof_rehab_arm/install/rehab_arm_robot_moveit_config/share/rehab_arm_robot_moveit_config/package.ps1'
[1.263s] INFO:colcon.colcon_core.shell:Creating package descriptor '/home/dat/Workspace/3dof_rehab_arm/install/rehab_arm_robot_moveit_config/share/rehab_arm_robot_moveit_config/package.dsv'
[1.263s] INFO:colcon.colcon_core.shell:Creating package script '/home/dat/Workspace/3dof_rehab_arm/install/rehab_arm_robot_moveit_config/share/rehab_arm_robot_moveit_config/package.sh'
[1.264s] INFO:colcon.colcon_core.shell:Creating package script '/home/dat/Workspace/3dof_rehab_arm/install/rehab_arm_robot_moveit_config/share/rehab_arm_robot_moveit_config/package.bash'
[1.264s] INFO:colcon.colcon_core.shell:Creating package script '/home/dat/Workspace/3dof_rehab_arm/install/rehab_arm_robot_moveit_config/share/rehab_arm_robot_moveit_config/package.zsh'
[1.264s] Level 1:colcon.colcon_core.environment:create_file_with_runtime_dependencies(/home/dat/Workspace/3dof_rehab_arm/install/rehab_arm_robot_moveit_config/share/colcon-core/packages/rehab_arm_robot_moveit_config)
[1.264s] Level 1:colcon.colcon_core.environment:create_environment_scripts_only(rehab_arm_robot_moveit_config)
[1.264s] Level 1:colcon.colcon_core.environment:checking '/home/dat/Workspace/3dof_rehab_arm/install/rehab_arm_robot_moveit_config' for CMake module files
[1.265s] Level 1:colcon.colcon_core.environment:checking '/home/dat/Workspace/3dof_rehab_arm/install/rehab_arm_robot_moveit_config' for CMake config files
[1.265s] Level 1:colcon.colcon_core.shell:create_environment_hook('rehab_arm_robot_moveit_config', 'cmake_prefix_path')
[1.265s] INFO:colcon.colcon_core.shell:Creating environment hook '/home/dat/Workspace/3dof_rehab_arm/install/rehab_arm_robot_moveit_config/share/rehab_arm_robot_moveit_config/hook/cmake_prefix_path.ps1'
[1.265s] INFO:colcon.colcon_core.shell:Creating environment descriptor '/home/dat/Workspace/3dof_rehab_arm/install/rehab_arm_robot_moveit_config/share/rehab_arm_robot_moveit_config/hook/cmake_prefix_path.dsv'
[1.265s] INFO:colcon.colcon_core.shell:Creating environment hook '/home/dat/Workspace/3dof_rehab_arm/install/rehab_arm_robot_moveit_config/share/rehab_arm_robot_moveit_config/hook/cmake_prefix_path.sh'
[1.266s] Level 1:colcon.colcon_core.environment:checking '/home/dat/Workspace/3dof_rehab_arm/install/rehab_arm_robot_moveit_config/bin'
[1.266s] Level 1:colcon.colcon_core.environment:checking '/home/dat/Workspace/3dof_rehab_arm/install/rehab_arm_robot_moveit_config/lib/pkgconfig/rehab_arm_robot_moveit_config.pc'
[1.266s] Level 1:colcon.colcon_core.environment:checking '/home/dat/Workspace/3dof_rehab_arm/install/rehab_arm_robot_moveit_config/lib/python3.10/site-packages'
[1.266s] Level 1:colcon.colcon_core.environment:checking '/home/dat/Workspace/3dof_rehab_arm/install/rehab_arm_robot_moveit_config/bin'
[1.266s] INFO:colcon.colcon_core.shell:Creating package script '/home/dat/Workspace/3dof_rehab_arm/install/rehab_arm_robot_moveit_config/share/rehab_arm_robot_moveit_config/package.ps1'
[1.266s] INFO:colcon.colcon_core.shell:Creating package descriptor '/home/dat/Workspace/3dof_rehab_arm/install/rehab_arm_robot_moveit_config/share/rehab_arm_robot_moveit_config/package.dsv'
[1.267s] INFO:colcon.colcon_core.shell:Creating package script '/home/dat/Workspace/3dof_rehab_arm/install/rehab_arm_robot_moveit_config/share/rehab_arm_robot_moveit_config/package.sh'
[1.267s] INFO:colcon.colcon_core.shell:Creating package script '/home/dat/Workspace/3dof_rehab_arm/install/rehab_arm_robot_moveit_config/share/rehab_arm_robot_moveit_config/package.bash'
[1.267s] INFO:colcon.colcon_core.shell:Creating package script '/home/dat/Workspace/3dof_rehab_arm/install/rehab_arm_robot_moveit_config/share/rehab_arm_robot_moveit_config/package.zsh'
[1.267s] Level 1:colcon.colcon_core.environment:create_file_with_runtime_dependencies(/home/dat/Workspace/3dof_rehab_arm/install/rehab_arm_robot_moveit_config/share/colcon-core/packages/rehab_arm_robot_moveit_config)
[5.232s] DEBUG:colcon.colcon_core.event_handler.log_command:Invoked command in '/home/dat/Workspace/3dof_rehab_arm/build/rehab_arm_robot_hardware_interface' returned '0': CMAKE_PREFIX_PATH=${CMAKE_PREFIX_PATH}:/home/dat/ws_moveit2/install/moveit_configs_utils:/opt/ros/humble /usr/bin/cmake --build /home/dat/Workspace/3dof_rehab_arm/build/rehab_arm_robot_hardware_interface -- -j8 -l8
[5.240s] DEBUG:colcon.colcon_core.event_handler.log_command:Invoking command in '/home/dat/Workspace/3dof_rehab_arm/build/rehab_arm_robot_hardware_interface': CMAKE_PREFIX_PATH=${CMAKE_PREFIX_PATH}:/home/dat/ws_moveit2/install/moveit_configs_utils:/opt/ros/humble /usr/bin/cmake --install /home/dat/Workspace/3dof_rehab_arm/build/rehab_arm_robot_hardware_interface
[5.258s] Level 1:colcon.colcon_core.environment:create_environment_scripts_only(rehab_arm_robot_hardware_interface)
[5.259s] Level 1:colcon.colcon_core.environment:checking '/home/dat/Workspace/3dof_rehab_arm/install/rehab_arm_robot_hardware_interface' for CMake module files
[5.260s] DEBUG:colcon.colcon_core.event_handler.log_command:Invoked command in '/home/dat/Workspace/3dof_rehab_arm/build/rehab_arm_robot_hardware_interface' returned '0': CMAKE_PREFIX_PATH=${CMAKE_PREFIX_PATH}:/home/dat/ws_moveit2/install/moveit_configs_utils:/opt/ros/humble /usr/bin/cmake --install /home/dat/Workspace/3dof_rehab_arm/build/rehab_arm_robot_hardware_interface
[5.260s] Level 1:colcon.colcon_core.environment:checking '/home/dat/Workspace/3dof_rehab_arm/install/rehab_arm_robot_hardware_interface' for CMake config files
[5.261s] Level 1:colcon.colcon_core.shell:create_environment_hook('rehab_arm_robot_hardware_interface', 'cmake_prefix_path')
[5.261s] INFO:colcon.colcon_core.shell:Creating environment hook '/home/dat/Workspace/3dof_rehab_arm/install/rehab_arm_robot_hardware_interface/share/rehab_arm_robot_hardware_interface/hook/cmake_prefix_path.ps1'
[5.262s] INFO:colcon.colcon_core.shell:Creating environment descriptor '/home/dat/Workspace/3dof_rehab_arm/install/rehab_arm_robot_hardware_interface/share/rehab_arm_robot_hardware_interface/hook/cmake_prefix_path.dsv'
[5.263s] INFO:colcon.colcon_core.shell:Creating environment hook '/home/dat/Workspace/3dof_rehab_arm/install/rehab_arm_robot_hardware_interface/share/rehab_arm_robot_hardware_interface/hook/cmake_prefix_path.sh'
[5.263s] Level 1:colcon.colcon_core.environment:checking '/home/dat/Workspace/3dof_rehab_arm/install/rehab_arm_robot_hardware_interface/lib'
[5.263s] Level 1:colcon.colcon_core.shell:create_environment_hook('rehab_arm_robot_hardware_interface', 'ld_library_path_lib')
[5.264s] INFO:colcon.colcon_core.shell:Creating environment hook '/home/dat/Workspace/3dof_rehab_arm/install/rehab_arm_robot_hardware_interface/share/rehab_arm_robot_hardware_interface/hook/ld_library_path_lib.ps1'
[5.264s] INFO:colcon.colcon_core.shell:Creating environment descriptor '/home/dat/Workspace/3dof_rehab_arm/install/rehab_arm_robot_hardware_interface/share/rehab_arm_robot_hardware_interface/hook/ld_library_path_lib.dsv'
[5.265s] INFO:colcon.colcon_core.shell:Creating environment hook '/home/dat/Workspace/3dof_rehab_arm/install/rehab_arm_robot_hardware_interface/share/rehab_arm_robot_hardware_interface/hook/ld_library_path_lib.sh'
[5.265s] Level 1:colcon.colcon_core.environment:checking '/home/dat/Workspace/3dof_rehab_arm/install/rehab_arm_robot_hardware_interface/bin'
[5.265s] Level 1:colcon.colcon_core.environment:checking '/home/dat/Workspace/3dof_rehab_arm/install/rehab_arm_robot_hardware_interface/lib/pkgconfig/rehab_arm_robot_hardware_interface.pc'
[5.265s] Level 1:colcon.colcon_core.environment:checking '/home/dat/Workspace/3dof_rehab_arm/install/rehab_arm_robot_hardware_interface/lib/python3.10/site-packages'
[5.266s] Level 1:colcon.colcon_core.environment:checking '/home/dat/Workspace/3dof_rehab_arm/install/rehab_arm_robot_hardware_interface/bin'
[5.266s] INFO:colcon.colcon_core.shell:Creating package script '/home/dat/Workspace/3dof_rehab_arm/install/rehab_arm_robot_hardware_interface/share/rehab_arm_robot_hardware_interface/package.ps1'
[5.267s] INFO:colcon.colcon_core.shell:Creating package descriptor '/home/dat/Workspace/3dof_rehab_arm/install/rehab_arm_robot_hardware_interface/share/rehab_arm_robot_hardware_interface/package.dsv'
[5.267s] INFO:colcon.colcon_core.shell:Creating package script '/home/dat/Workspace/3dof_rehab_arm/install/rehab_arm_robot_hardware_interface/share/rehab_arm_robot_hardware_interface/package.sh'
[5.267s] INFO:colcon.colcon_core.shell:Creating package script '/home/dat/Workspace/3dof_rehab_arm/install/rehab_arm_robot_hardware_interface/share/rehab_arm_robot_hardware_interface/package.bash'
[5.268s] INFO:colcon.colcon_core.shell:Creating package script '/home/dat/Workspace/3dof_rehab_arm/install/rehab_arm_robot_hardware_interface/share/rehab_arm_robot_hardware_interface/package.zsh'
[5.268s] Level 1:colcon.colcon_core.environment:create_file_with_runtime_dependencies(/home/dat/Workspace/3dof_rehab_arm/install/rehab_arm_robot_hardware_interface/share/colcon-core/packages/rehab_arm_robot_hardware_interface)
[5.269s] Level 1:colcon.colcon_core.environment:create_environment_scripts_only(rehab_arm_robot_hardware_interface)
[5.269s] Level 1:colcon.colcon_core.environment:checking '/home/dat/Workspace/3dof_rehab_arm/install/rehab_arm_robot_hardware_interface' for CMake module files
[5.269s] Level 1:colcon.colcon_core.environment:checking '/home/dat/Workspace/3dof_rehab_arm/install/rehab_arm_robot_hardware_interface' for CMake config files
[5.270s] Level 1:colcon.colcon_core.shell:create_environment_hook('rehab_arm_robot_hardware_interface', 'cmake_prefix_path')
[5.270s] INFO:colcon.colcon_core.shell:Creating environment hook '/home/dat/Workspace/3dof_rehab_arm/install/rehab_arm_robot_hardware_interface/share/rehab_arm_robot_hardware_interface/hook/cmake_prefix_path.ps1'
[5.270s] INFO:colcon.colcon_core.shell:Creating environment descriptor '/home/dat/Workspace/3dof_rehab_arm/install/rehab_arm_robot_hardware_interface/share/rehab_arm_robot_hardware_interface/hook/cmake_prefix_path.dsv'
[5.271s] INFO:colcon.colcon_core.shell:Creating environment hook '/home/dat/Workspace/3dof_rehab_arm/install/rehab_arm_robot_hardware_interface/share/rehab_arm_robot_hardware_interface/hook/cmake_prefix_path.sh'
[5.271s] Level 1:colcon.colcon_core.environment:checking '/home/dat/Workspace/3dof_rehab_arm/install/rehab_arm_robot_hardware_interface/lib'
[5.271s] Level 1:colcon.colcon_core.shell:create_environment_hook('rehab_arm_robot_hardware_interface', 'ld_library_path_lib')
[5.272s] INFO:colcon.colcon_core.shell:Creating environment hook '/home/dat/Workspace/3dof_rehab_arm/install/rehab_arm_robot_hardware_interface/share/rehab_arm_robot_hardware_interface/hook/ld_library_path_lib.ps1'
[5.272s] INFO:colcon.colcon_core.shell:Creating environment descriptor '/home/dat/Workspace/3dof_rehab_arm/install/rehab_arm_robot_hardware_interface/share/rehab_arm_robot_hardware_interface/hook/ld_library_path_lib.dsv'
[5.272s] INFO:colcon.colcon_core.shell:Creating environment hook '/home/dat/Workspace/3dof_rehab_arm/install/rehab_arm_robot_hardware_interface/share/rehab_arm_robot_hardware_interface/hook/ld_library_path_lib.sh'
[5.273s] Level 1:colcon.colcon_core.environment:checking '/home/dat/Workspace/3dof_rehab_arm/install/rehab_arm_robot_hardware_interface/bin'
[5.273s] Level 1:colcon.colcon_core.environment:checking '/home/dat/Workspace/3dof_rehab_arm/install/rehab_arm_robot_hardware_interface/lib/pkgconfig/rehab_arm_robot_hardware_interface.pc'
[5.273s] Level 1:colcon.colcon_core.environment:checking '/home/dat/Workspace/3dof_rehab_arm/install/rehab_arm_robot_hardware_interface/lib/python3.10/site-packages'
[5.273s] Level 1:colcon.colcon_core.environment:checking '/home/dat/Workspace/3dof_rehab_arm/install/rehab_arm_robot_hardware_interface/bin'
[5.273s] INFO:colcon.colcon_core.shell:Creating package script '/home/dat/Workspace/3dof_rehab_arm/install/rehab_arm_robot_hardware_interface/share/rehab_arm_robot_hardware_interface/package.ps1'
[5.274s] INFO:colcon.colcon_core.shell:Creating package descriptor '/home/dat/Workspace/3dof_rehab_arm/install/rehab_arm_robot_hardware_interface/share/rehab_arm_robot_hardware_interface/package.dsv'
[5.274s] INFO:colcon.colcon_core.shell:Creating package script '/home/dat/Workspace/3dof_rehab_arm/install/rehab_arm_robot_hardware_interface/share/rehab_arm_robot_hardware_interface/package.sh'
[5.275s] INFO:colcon.colcon_core.shell:Creating package script '/home/dat/Workspace/3dof_rehab_arm/install/rehab_arm_robot_hardware_interface/share/rehab_arm_robot_hardware_interface/package.bash'
[5.275s] INFO:colcon.colcon_core.shell:Creating package script '/home/dat/Workspace/3dof_rehab_arm/install/rehab_arm_robot_hardware_interface/share/rehab_arm_robot_hardware_interface/package.zsh'
[5.276s] Level 1:colcon.colcon_core.environment:create_file_with_runtime_dependencies(/home/dat/Workspace/3dof_rehab_arm/install/rehab_arm_robot_hardware_interface/share/colcon-core/packages/rehab_arm_robot_hardware_interface)
[12.123s] DEBUG:colcon.colcon_core.event_handler.log_command:Invoked command in '/home/dat/Workspace/3dof_rehab_arm/build/can_odrive_interface' returned '0': CMAKE_PREFIX_PATH=${CMAKE_PREFIX_PATH}:/home/dat/ws_moveit2/install/moveit_configs_utils:/opt/ros/humble /usr/bin/cmake --build /home/dat/Workspace/3dof_rehab_arm/build/can_odrive_interface -- -j8 -l8
[12.125s] DEBUG:colcon.colcon_core.event_handler.log_command:Invoking command in '/home/dat/Workspace/3dof_rehab_arm/build/can_odrive_interface': CMAKE_PREFIX_PATH=${CMAKE_PREFIX_PATH}:/home/dat/ws_moveit2/install/moveit_configs_utils:/opt/ros/humble /usr/bin/cmake --install /home/dat/Workspace/3dof_rehab_arm/build/can_odrive_interface
[12.142s] Level 1:colcon.colcon_core.environment:create_environment_scripts_only(can_odrive_interface)
[12.142s] DEBUG:colcon.colcon_core.event_handler.log_command:Invoked command in '/home/dat/Workspace/3dof_rehab_arm/build/can_odrive_interface' returned '0': CMAKE_PREFIX_PATH=${CMAKE_PREFIX_PATH}:/home/dat/ws_moveit2/install/moveit_configs_utils:/opt/ros/humble /usr/bin/cmake --install /home/dat/Workspace/3dof_rehab_arm/build/can_odrive_interface
[12.143s] Level 1:colcon.colcon_core.environment:checking '/home/dat/Workspace/3dof_rehab_arm/install/can_odrive_interface' for CMake module files
[12.143s] Level 1:colcon.colcon_core.environment:checking '/home/dat/Workspace/3dof_rehab_arm/install/can_odrive_interface' for CMake config files
[12.144s] Level 1:colcon.colcon_core.shell:create_environment_hook('can_odrive_interface', 'cmake_prefix_path')
[12.144s] INFO:colcon.colcon_core.shell:Creating environment hook '/home/dat/Workspace/3dof_rehab_arm/install/can_odrive_interface/share/can_odrive_interface/hook/cmake_prefix_path.ps1'
[12.144s] INFO:colcon.colcon_core.shell:Creating environment descriptor '/home/dat/Workspace/3dof_rehab_arm/install/can_odrive_interface/share/can_odrive_interface/hook/cmake_prefix_path.dsv'
[12.145s] INFO:colcon.colcon_core.shell:Creating environment hook '/home/dat/Workspace/3dof_rehab_arm/install/can_odrive_interface/share/can_odrive_interface/hook/cmake_prefix_path.sh'
[12.145s] Level 1:colcon.colcon_core.environment:checking '/home/dat/Workspace/3dof_rehab_arm/install/can_odrive_interface/lib'
[12.145s] Level 1:colcon.colcon_core.shell:create_environment_hook('can_odrive_interface', 'ld_library_path_lib')
[12.146s] INFO:colcon.colcon_core.shell:Creating environment hook '/home/dat/Workspace/3dof_rehab_arm/install/can_odrive_interface/share/can_odrive_interface/hook/ld_library_path_lib.ps1'
[12.146s] INFO:colcon.colcon_core.shell:Creating environment descriptor '/home/dat/Workspace/3dof_rehab_arm/install/can_odrive_interface/share/can_odrive_interface/hook/ld_library_path_lib.dsv'
[12.146s] INFO:colcon.colcon_core.shell:Creating environment hook '/home/dat/Workspace/3dof_rehab_arm/install/can_odrive_interface/share/can_odrive_interface/hook/ld_library_path_lib.sh'
[12.147s] Level 1:colcon.colcon_core.environment:checking '/home/dat/Workspace/3dof_rehab_arm/install/can_odrive_interface/bin'
[12.147s] Level 1:colcon.colcon_core.environment:checking '/home/dat/Workspace/3dof_rehab_arm/install/can_odrive_interface/lib/pkgconfig/can_odrive_interface.pc'
[12.147s] Level 1:colcon.colcon_core.environment:checking '/home/dat/Workspace/3dof_rehab_arm/install/can_odrive_interface/lib/python3.10/site-packages'
[12.147s] Level 1:colcon.colcon_core.environment:checking '/home/dat/Workspace/3dof_rehab_arm/install/can_odrive_interface/bin'
[12.147s] INFO:colcon.colcon_core.shell:Creating package script '/home/dat/Workspace/3dof_rehab_arm/install/can_odrive_interface/share/can_odrive_interface/package.ps1'
[12.148s] INFO:colcon.colcon_core.shell:Creating package descriptor '/home/dat/Workspace/3dof_rehab_arm/install/can_odrive_interface/share/can_odrive_interface/package.dsv'
[12.148s] INFO:colcon.colcon_core.shell:Creating package script '/home/dat/Workspace/3dof_rehab_arm/install/can_odrive_interface/share/can_odrive_interface/package.sh'
[12.149s] INFO:colcon.colcon_core.shell:Creating package script '/home/dat/Workspace/3dof_rehab_arm/install/can_odrive_interface/share/can_odrive_interface/package.bash'
[12.149s] INFO:colcon.colcon_core.shell:Creating package script '/home/dat/Workspace/3dof_rehab_arm/install/can_odrive_interface/share/can_odrive_interface/package.zsh'
[12.149s] Level 1:colcon.colcon_core.environment:create_file_with_runtime_dependencies(/home/dat/Workspace/3dof_rehab_arm/install/can_odrive_interface/share/colcon-core/packages/can_odrive_interface)
[12.150s] Level 1:colcon.colcon_core.environment:create_environment_scripts_only(can_odrive_interface)
[12.150s] Level 1:colcon.colcon_core.environment:checking '/home/dat/Workspace/3dof_rehab_arm/install/can_odrive_interface' for CMake module files
[12.151s] Level 1:colcon.colcon_core.environment:checking '/home/dat/Workspace/3dof_rehab_arm/install/can_odrive_interface' for CMake config files
[12.151s] Level 1:colcon.colcon_core.shell:create_environment_hook('can_odrive_interface', 'cmake_prefix_path')
[12.151s] INFO:colcon.colcon_core.shell:Creating environment hook '/home/dat/Workspace/3dof_rehab_arm/install/can_odrive_interface/share/can_odrive_interface/hook/cmake_prefix_path.ps1'
[12.151s] INFO:colcon.colcon_core.shell:Creating environment descriptor '/home/dat/Workspace/3dof_rehab_arm/install/can_odrive_interface/share/can_odrive_interface/hook/cmake_prefix_path.dsv'
[12.152s] INFO:colcon.colcon_core.shell:Creating environment hook '/home/dat/Workspace/3dof_rehab_arm/install/can_odrive_interface/share/can_odrive_interface/hook/cmake_prefix_path.sh'
[12.152s] Level 1:colcon.colcon_core.environment:checking '/home/dat/Workspace/3dof_rehab_arm/install/can_odrive_interface/lib'
[12.152s] Level 1:colcon.colcon_core.shell:create_environment_hook('can_odrive_interface', 'ld_library_path_lib')
[12.152s] INFO:colcon.colcon_core.shell:Creating environment hook '/home/dat/Workspace/3dof_rehab_arm/install/can_odrive_interface/share/can_odrive_interface/hook/ld_library_path_lib.ps1'
[12.153s] INFO:colcon.colcon_core.shell:Creating environment descriptor '/home/dat/Workspace/3dof_rehab_arm/install/can_odrive_interface/share/can_odrive_interface/hook/ld_library_path_lib.dsv'
[12.153s] INFO:colcon.colcon_core.shell:Creating environment hook '/home/dat/Workspace/3dof_rehab_arm/install/can_odrive_interface/share/can_odrive_interface/hook/ld_library_path_lib.sh'
[12.153s] Level 1:colcon.colcon_core.environment:checking '/home/dat/Workspace/3dof_rehab_arm/install/can_odrive_interface/bin'
[12.153s] Level 1:colcon.colcon_core.environment:checking '/home/dat/Workspace/3dof_rehab_arm/install/can_odrive_interface/lib/pkgconfig/can_odrive_interface.pc'
[12.154s] Level 1:colcon.colcon_core.environment:checking '/home/dat/Workspace/3dof_rehab_arm/install/can_odrive_interface/lib/python3.10/site-packages'
[12.154s] Level 1:colcon.colcon_core.environment:checking '/home/dat/Workspace/3dof_rehab_arm/install/can_odrive_interface/bin'
[12.154s] INFO:colcon.colcon_core.shell:Creating package script '/home/dat/Workspace/3dof_rehab_arm/install/can_odrive_interface/share/can_odrive_interface/package.ps1'
[12.154s] INFO:colcon.colcon_core.shell:Creating package descriptor '/home/dat/Workspace/3dof_rehab_arm/install/can_odrive_interface/share/can_odrive_interface/package.dsv'
[12.155s] INFO:colcon.colcon_core.shell:Creating package script '/home/dat/Workspace/3dof_rehab_arm/install/can_odrive_interface/share/can_odrive_interface/package.sh'
[12.155s] INFO:colcon.colcon_core.shell:Creating package script '/home/dat/Workspace/3dof_rehab_arm/install/can_odrive_interface/share/can_odrive_interface/package.bash'
[12.156s] INFO:colcon.colcon_core.shell:Creating package script '/home/dat/Workspace/3dof_rehab_arm/install/can_odrive_interface/share/can_odrive_interface/package.zsh'
[12.156s] Level 1:colcon.colcon_core.environment:create_file_with_runtime_dependencies(/home/dat/Workspace/3dof_rehab_arm/install/can_odrive_interface/share/colcon-core/packages/can_odrive_interface)
[12.965s] DEBUG:colcon.colcon_core.event_handler.log_command:Invoked command in '/home/dat/Workspace/3dof_rehab_arm/build/rehab_arm_robot_control' returned '0': CMAKE_PREFIX_PATH=${CMAKE_PREFIX_PATH}:/home/dat/ws_moveit2/install/moveit_configs_utils:/opt/ros/humble /usr/bin/cmake --build /home/dat/Workspace/3dof_rehab_arm/build/rehab_arm_robot_control -- -j8 -l8
[12.967s] DEBUG:colcon.colcon_core.event_handler.log_command:Invoking command in '/home/dat/Workspace/3dof_rehab_arm/build/rehab_arm_robot_control': CMAKE_PREFIX_PATH=${CMAKE_PREFIX_PATH}:/home/dat/ws_moveit2/install/moveit_configs_utils:/opt/ros/humble /usr/bin/cmake --install /home/dat/Workspace/3dof_rehab_arm/build/rehab_arm_robot_control
[12.982s] Level 1:colcon.colcon_core.environment:create_environment_scripts_only(rehab_arm_robot_control)
[12.982s] Level 1:colcon.colcon_core.environment:checking '/home/dat/Workspace/3dof_rehab_arm/install/rehab_arm_robot_control' for CMake module files
[12.982s] DEBUG:colcon.colcon_core.event_handler.log_command:Invoked command in '/home/dat/Workspace/3dof_rehab_arm/build/rehab_arm_robot_control' returned '0': CMAKE_PREFIX_PATH=${CMAKE_PREFIX_PATH}:/home/dat/ws_moveit2/install/moveit_configs_utils:/opt/ros/humble /usr/bin/cmake --install /home/dat/Workspace/3dof_rehab_arm/build/rehab_arm_robot_control
[12.983s] Level 1:colcon.colcon_core.environment:checking '/home/dat/Workspace/3dof_rehab_arm/install/rehab_arm_robot_control' for CMake config files
[12.983s] Level 1:colcon.colcon_core.shell:create_environment_hook('rehab_arm_robot_control', 'cmake_prefix_path')
[12.983s] INFO:colcon.colcon_core.shell:Creating environment hook '/home/dat/Workspace/3dof_rehab_arm/install/rehab_arm_robot_control/share/rehab_arm_robot_control/hook/cmake_prefix_path.ps1'
[12.983s] INFO:colcon.colcon_core.shell:Creating environment descriptor '/home/dat/Workspace/3dof_rehab_arm/install/rehab_arm_robot_control/share/rehab_arm_robot_control/hook/cmake_prefix_path.dsv'
[12.983s] INFO:colcon.colcon_core.shell:Creating environment hook '/home/dat/Workspace/3dof_rehab_arm/install/rehab_arm_robot_control/share/rehab_arm_robot_control/hook/cmake_prefix_path.sh'
[12.984s] Level 1:colcon.colcon_core.environment:checking '/home/dat/Workspace/3dof_rehab_arm/install/rehab_arm_robot_control/lib'
[12.984s] Level 1:colcon.colcon_core.environment:checking '/home/dat/Workspace/3dof_rehab_arm/install/rehab_arm_robot_control/bin'
[12.984s] Level 1:colcon.colcon_core.environment:checking '/home/dat/Workspace/3dof_rehab_arm/install/rehab_arm_robot_control/lib/pkgconfig/rehab_arm_robot_control.pc'
[12.984s] Level 1:colcon.colcon_core.environment:checking '/home/dat/Workspace/3dof_rehab_arm/install/rehab_arm_robot_control/lib/python3.10/site-packages'
[12.984s] Level 1:colcon.colcon_core.environment:checking '/home/dat/Workspace/3dof_rehab_arm/install/rehab_arm_robot_control/bin'
[12.984s] INFO:colcon.colcon_core.shell:Creating package script '/home/dat/Workspace/3dof_rehab_arm/install/rehab_arm_robot_control/share/rehab_arm_robot_control/package.ps1'
[12.985s] INFO:colcon.colcon_core.shell:Creating package descriptor '/home/dat/Workspace/3dof_rehab_arm/install/rehab_arm_robot_control/share/rehab_arm_robot_control/package.dsv'
[12.985s] INFO:colcon.colcon_core.shell:Creating package script '/home/dat/Workspace/3dof_rehab_arm/install/rehab_arm_robot_control/share/rehab_arm_robot_control/package.sh'
[12.985s] INFO:colcon.colcon_core.shell:Creating package script '/home/dat/Workspace/3dof_rehab_arm/install/rehab_arm_robot_control/share/rehab_arm_robot_control/package.bash'
[12.985s] INFO:colcon.colcon_core.shell:Creating package script '/home/dat/Workspace/3dof_rehab_arm/install/rehab_arm_robot_control/share/rehab_arm_robot_control/package.zsh'
[12.985s] Level 1:colcon.colcon_core.environment:create_file_with_runtime_dependencies(/home/dat/Workspace/3dof_rehab_arm/install/rehab_arm_robot_control/share/colcon-core/packages/rehab_arm_robot_control)
[12.986s] Level 1:colcon.colcon_core.environment:create_environment_scripts_only(rehab_arm_robot_control)
[12.986s] Level 1:colcon.colcon_core.environment:checking '/home/dat/Workspace/3dof_rehab_arm/install/rehab_arm_robot_control' for CMake module files
[12.986s] Level 1:colcon.colcon_core.environment:checking '/home/dat/Workspace/3dof_rehab_arm/install/rehab_arm_robot_control' for CMake config files
[12.986s] Level 1:colcon.colcon_core.shell:create_environment_hook('rehab_arm_robot_control', 'cmake_prefix_path')
[12.986s] INFO:colcon.colcon_core.shell:Creating environment hook '/home/dat/Workspace/3dof_rehab_arm/install/rehab_arm_robot_control/share/rehab_arm_robot_control/hook/cmake_prefix_path.ps1'
[12.986s] INFO:colcon.colcon_core.shell:Creating environment descriptor '/home/dat/Workspace/3dof_rehab_arm/install/rehab_arm_robot_control/share/rehab_arm_robot_control/hook/cmake_prefix_path.dsv'
[12.987s] INFO:colcon.colcon_core.shell:Creating environment hook '/home/dat/Workspace/3dof_rehab_arm/install/rehab_arm_robot_control/share/rehab_arm_robot_control/hook/cmake_prefix_path.sh'
[12.987s] Level 1:colcon.colcon_core.environment:checking '/home/dat/Workspace/3dof_rehab_arm/install/rehab_arm_robot_control/lib'
[12.987s] Level 1:colcon.colcon_core.environment:checking '/home/dat/Workspace/3dof_rehab_arm/install/rehab_arm_robot_control/bin'
[12.987s] Level 1:colcon.colcon_core.environment:checking '/home/dat/Workspace/3dof_rehab_arm/install/rehab_arm_robot_control/lib/pkgconfig/rehab_arm_robot_control.pc'
[12.987s] Level 1:colcon.colcon_core.environment:checking '/home/dat/Workspace/3dof_rehab_arm/install/rehab_arm_robot_control/lib/python3.10/site-packages'
[12.987s] Level 1:colcon.colcon_core.environment:checking '/home/dat/Workspace/3dof_rehab_arm/install/rehab_arm_robot_control/bin'
[12.987s] INFO:colcon.colcon_core.shell:Creating package script '/home/dat/Workspace/3dof_rehab_arm/install/rehab_arm_robot_control/share/rehab_arm_robot_control/package.ps1'
[12.988s] INFO:colcon.colcon_core.shell:Creating package descriptor '/home/dat/Workspace/3dof_rehab_arm/install/rehab_arm_robot_control/share/rehab_arm_robot_control/package.dsv'
[12.988s] INFO:colcon.colcon_core.shell:Creating package script '/home/dat/Workspace/3dof_rehab_arm/install/rehab_arm_robot_control/share/rehab_arm_robot_control/package.sh'
[12.988s] INFO:colcon.colcon_core.shell:Creating package script '/home/dat/Workspace/3dof_rehab_arm/install/rehab_arm_robot_control/share/rehab_arm_robot_control/package.bash'
[12.988s] INFO:colcon.colcon_core.shell:Creating package script '/home/dat/Workspace/3dof_rehab_arm/install/rehab_arm_robot_control/share/rehab_arm_robot_control/package.zsh'
[12.989s] Level 1:colcon.colcon_core.environment:create_file_with_runtime_dependencies(/home/dat/Workspace/3dof_rehab_arm/install/rehab_arm_robot_control/share/colcon-core/packages/rehab_arm_robot_control)
[12.989s] DEBUG:colcon.colcon_parallel_executor.executor.parallel:closing loop
[12.989s] DEBUG:colcon.colcon_parallel_executor.executor.parallel:loop closed
[12.989s] DEBUG:colcon.colcon_parallel_executor.executor.parallel:run_until_complete finished with '0'
[12.989s] DEBUG:colcon.colcon_core.event_reactor:joining thread
[12.994s] INFO:colcon.colcon_core.plugin_system:Skipping extension 'colcon_notification.desktop_notification.terminal_notifier': Not used on non-Darwin systems
[12.994s] INFO:colcon.colcon_core.plugin_system:Skipping extension 'colcon_notification.desktop_notification.win32': Not used on non-Windows systems
[12.994s] INFO:colcon.colcon_notification.desktop_notification:Sending desktop notification using 'notify2'
[13.004s] DEBUG:colcon.colcon_core.event_reactor:joined thread
[13.004s] INFO:colcon.colcon_core.shell:Creating prefix script '/home/dat/Workspace/3dof_rehab_arm/install/local_setup.ps1'
[13.005s] INFO:colcon.colcon_core.shell:Creating prefix util module '/home/dat/Workspace/3dof_rehab_arm/install/_local_setup_util_ps1.py'
[13.007s] INFO:colcon.colcon_core.shell:Creating prefix chain script '/home/dat/Workspace/3dof_rehab_arm/install/setup.ps1'
[13.011s] INFO:colcon.colcon_core.shell:Creating prefix script '/home/dat/Workspace/3dof_rehab_arm/install/local_setup.sh'
[13.012s] INFO:colcon.colcon_core.shell:Creating prefix util module '/home/dat/Workspace/3dof_rehab_arm/install/_local_setup_util_sh.py'
[13.012s] INFO:colcon.colcon_core.shell:Creating prefix chain script '/home/dat/Workspace/3dof_rehab_arm/install/setup.sh'
[13.014s] INFO:colcon.colcon_core.shell:Creating prefix script '/home/dat/Workspace/3dof_rehab_arm/install/local_setup.bash'
[13.014s] INFO:colcon.colcon_core.shell:Creating prefix chain script '/home/dat/Workspace/3dof_rehab_arm/install/setup.bash'
[13.016s] INFO:colcon.colcon_core.shell:Creating prefix script '/home/dat/Workspace/3dof_rehab_arm/install/local_setup.zsh'
[13.017s] INFO:colcon.colcon_core.shell:Creating prefix chain script '/home/dat/Workspace/3dof_rehab_arm/install/setup.zsh'
