[01m[K/home/dat/Workspace/3dof_rehab_arm/src/rehab_arm_robot_hardware_interface/src/odrive_hardware_interface.cpp:[m[K In member function ‘[01m[Kvirtual hardware_interface::return_type odrive_hardware_interface::ODriveSystemHardware::read(const rclcpp::Time&, const rclcpp::Duration&)[m[K’:
[01m[K/home/dat/Workspace/3dof_rehab_arm/src/rehab_arm_robot_hardware_interface/src/odrive_hardware_interface.cpp:216:60:[m[K [01;31m[Kerror: [m[Kqualified-id in declaration before ‘[01m[K([m[K’ token
  216 | hardware_interface::return_type ODriveSystemHardware::write[01;31m[K([m[Kconst rclcpp::Time & /*time*/, const rclcpp::Duration & /*period*/) {
      |                                                            [01;31m[K^[m[K
In file included from [01m[K/opt/ros/humble/include/class_loader/class_loader/class_loader.hpp:56[m[K,
                 from [01m[K/opt/ros/humble/include/pluginlib/pluginlib/class_list_macros.hpp:40[m[K,
                 from [01m[K/home/dat/Workspace/3dof_rehab_arm/src/rehab_arm_robot_hardware_interface/src/odrive_hardware_interface.cpp:10[m[K:
[01m[K/home/dat/Workspace/3dof_rehab_arm/src/rehab_arm_robot_hardware_interface/src/odrive_hardware_interface.cpp:230:1:[m[K [01;31m[Kerror: [m[Kexpected identifier before ‘[01m[K{[m[K’ token
  230 | [01;31m[KPLUGINLIB_EXPORT_CLASS[m[K(
      | [01;31m[K^~~~~~~~~~~~~~~~~~~~~~[m[K
[01m[K/home/dat/Workspace/3dof_rehab_arm/src/rehab_arm_robot_hardware_interface/src/odrive_hardware_interface.cpp:[m[K At global scope:
[01m[K/home/dat/Workspace/3dof_rehab_arm/src/rehab_arm_robot_hardware_interface/src/odrive_hardware_interface.cpp:234:2:[m[K [01;31m[Kerror: [m[Kexpected ‘[01m[K}[m[K’ at end of input
  234 | }[01;31m[K [m[K // namespace odrive_hardware_interface
      |  [01;31m[K^[m[K
[01m[K/home/dat/Workspace/3dof_rehab_arm/src/rehab_arm_robot_hardware_interface/src/odrive_hardware_interface.cpp:12:37:[m[K [01;36m[Knote: [m[Kto match this ‘[01m[K{[m[K’
   12 | namespace odrive_hardware_interface [01;36m[K{[m[K
      |                                     [01;36m[K^[m[K
[01m[K/home/dat/Workspace/3dof_rehab_arm/src/rehab_arm_robot_hardware_interface/src/odrive_hardware_interface.cpp:[m[K In member function ‘[01m[Kvirtual hardware_interface::return_type odrive_hardware_interface::ODriveSystemHardware::read(const rclcpp::Time&, const rclcpp::Duration&)[m[K’:
[01m[K/home/dat/Workspace/3dof_rehab_arm/src/rehab_arm_robot_hardware_interface/src/odrive_hardware_interface.cpp:234:1:[m[K [01;35m[Kwarning: [m[Kcontrol reaches end of non-void function [[01;35m[K]8;;https://gcc.gnu.org/onlinedocs/gcc/Warning-Options.html#index-Wreturn-type-Wreturn-type]8;;[m[K]
  234 | [01;35m[K}[m[K  // namespace odrive_hardware_interface
      | [01;35m[K^[m[K
gmake[2]: *** [CMakeFiles/odrive_hardware_interface.dir/build.make:76: CMakeFiles/odrive_hardware_interface.dir/src/odrive_hardware_interface.cpp.o] Error 1
gmake[1]: *** [CMakeFiles/Makefile2:137: CMakeFiles/odrive_hardware_interface.dir/all] Error 2
gmake: *** [Makefile:146: all] Error 2
