[0.018s] Invoking command in '/home/dat/Workspace/3dof_rehab_arm/build/rehab_arm_robot_hardware_interface': CMAKE_PREFIX_PATH=${CMAKE_PREFIX_PATH}:/home/dat/ws_moveit2/install/moveit_configs_utils:/opt/ros/humble /usr/bin/cmake --build /home/dat/Workspace/3dof_rehab_arm/build/rehab_arm_robot_hardware_interface -- -j8 -l8
[0.062s] [35m[1mConsolidate compiler generated dependencies of target odrive_hardware_interface[0m
[0.082s] [ 50%] [32mBuilding CXX object CMakeFiles/odrive_hardware_interface.dir/src/odrive_hardware_interface.cpp.o[0m
[1.654s] [01m[K/home/dat/Workspace/3dof_rehab_arm/src/rehab_arm_robot_hardware_interface/src/odrive_hardware_interface.cpp:[m[K In member function ‘[01m[Kvirtual hardware_interface::return_type odrive_hardware_interface::ODriveSystemHardware::read(const rclcpp::Time&, const rclcpp::Duration&)[m[K’:
[1.654s] [01m[K/home/dat/Workspace/3dof_rehab_arm/src/rehab_arm_robot_hardware_interface/src/odrive_hardware_interface.cpp:216:60:[m[K [01;31m[Kerror: [m[Kqualified-id in declaration before ‘[01m[K([m[K’ token
[1.654s]   216 | hardware_interface::return_type ODriveSystemHardware::write[01;31m[K([m[Kconst rclcpp::Time & /*time*/, const rclcpp::Duration & /*period*/) {
[1.654s]       |                                                            [01;31m[K^[m[K
[1.654s] In file included from [01m[K/opt/ros/humble/include/class_loader/class_loader/class_loader.hpp:56[m[K,
[1.654s]                  from [01m[K/opt/ros/humble/include/pluginlib/pluginlib/class_list_macros.hpp:40[m[K,
[1.654s]                  from [01m[K/home/dat/Workspace/3dof_rehab_arm/src/rehab_arm_robot_hardware_interface/src/odrive_hardware_interface.cpp:10[m[K:
[1.654s] [01m[K/home/dat/Workspace/3dof_rehab_arm/src/rehab_arm_robot_hardware_interface/src/odrive_hardware_interface.cpp:230:1:[m[K [01;31m[Kerror: [m[Kexpected identifier before ‘[01m[K{[m[K’ token
[1.654s]   230 | [01;31m[KPLUGINLIB_EXPORT_CLASS[m[K(
[1.655s]       | [01;31m[K^~~~~~~~~~~~~~~~~~~~~~[m[K
[1.655s] [01m[K/home/dat/Workspace/3dof_rehab_arm/src/rehab_arm_robot_hardware_interface/src/odrive_hardware_interface.cpp:[m[K At global scope:
[1.655s] [01m[K/home/dat/Workspace/3dof_rehab_arm/src/rehab_arm_robot_hardware_interface/src/odrive_hardware_interface.cpp:234:2:[m[K [01;31m[Kerror: [m[Kexpected ‘[01m[K}[m[K’ at end of input
[1.655s]   234 | }[01;31m[K [m[K // namespace odrive_hardware_interface
[1.655s]       |  [01;31m[K^[m[K
[1.655s] [01m[K/home/dat/Workspace/3dof_rehab_arm/src/rehab_arm_robot_hardware_interface/src/odrive_hardware_interface.cpp:12:37:[m[K [01;36m[Knote: [m[Kto match this ‘[01m[K{[m[K’
[1.655s]    12 | namespace odrive_hardware_interface [01;36m[K{[m[K
[1.655s]       |                                     [01;36m[K^[m[K
[2.026s] [01m[K/home/dat/Workspace/3dof_rehab_arm/src/rehab_arm_robot_hardware_interface/src/odrive_hardware_interface.cpp:[m[K In member function ‘[01m[Kvirtual hardware_interface::return_type odrive_hardware_interface::ODriveSystemHardware::read(const rclcpp::Time&, const rclcpp::Duration&)[m[K’:
[2.026s] [01m[K/home/dat/Workspace/3dof_rehab_arm/src/rehab_arm_robot_hardware_interface/src/odrive_hardware_interface.cpp:234:1:[m[K [01;35m[Kwarning: [m[Kcontrol reaches end of non-void function [[01;35m[K]8;;https://gcc.gnu.org/onlinedocs/gcc/Warning-Options.html#index-Wreturn-type-Wreturn-type]8;;[m[K]
[2.027s]   234 | [01;35m[K}[m[K  // namespace odrive_hardware_interface
[2.027s]       | [01;35m[K^[m[K
[2.045s] gmake[2]: *** [CMakeFiles/odrive_hardware_interface.dir/build.make:76: CMakeFiles/odrive_hardware_interface.dir/src/odrive_hardware_interface.cpp.o] Error 1
[2.046s] gmake[1]: *** [CMakeFiles/Makefile2:137: CMakeFiles/odrive_hardware_interface.dir/all] Error 2
[2.046s] gmake: *** [Makefile:146: all] Error 2
[2.047s] Invoked command in '/home/dat/Workspace/3dof_rehab_arm/build/rehab_arm_robot_hardware_interface' returned '2': CMAKE_PREFIX_PATH=${CMAKE_PREFIX_PATH}:/home/dat/ws_moveit2/install/moveit_configs_utils:/opt/ros/humble /usr/bin/cmake --build /home/dat/Workspace/3dof_rehab_arm/build/rehab_arm_robot_hardware_interface -- -j8 -l8
