[0.010s] Invoking command in '/home/dat/Workspace/3dof_rehab_arm/build/can_odrive_interface': CMAKE_PREFIX_PATH=${CMAKE_PREFIX_PATH}:/home/dat/ws_moveit2/install/moveit_configs_utils:/opt/ros/humble /usr/bin/cmake /home/dat/Workspace/3dof_rehab_arm/src/can_odrive_interface -DCMAKE_INSTALL_PREFIX=/home/dat/Workspace/3dof_rehab_arm/install/can_odrive_interface
[0.058s] -- The C compiler identification is GNU 11.4.0
[0.106s] -- The CXX compiler identification is GNU 11.4.0
[0.111s] -- Detecting C compiler ABI info
[0.173s] -- Detecting C compiler ABI info - done
[0.178s] -- Check for working C compiler: /usr/bin/cc - skipped
[0.178s] -- Detecting C compile features
[0.178s] -- Detecting C compile features - done
[0.180s] -- Detecting CXX compiler ABI info
[0.245s] -- Detecting CXX compiler ABI info - done
[0.250s] -- Check for working CXX compiler: /usr/bin/c++ - skipped
[0.250s] -- Detecting CXX compile features
[0.251s] -- Detecting CXX compile features - done
[0.255s] -- Found ament_cmake: 1.3.11 (/opt/ros/humble/share/ament_cmake/cmake)
[0.363s] -- Found Python3: /usr/bin/python3 (found version "3.10.12") found components: Interpreter 
[0.449s] -- Found rclcpp: 16.0.12 (/opt/ros/humble/share/rclcpp/cmake)
[0.496s] -- Found rosidl_generator_c: 3.1.6 (/opt/ros/humble/share/rosidl_generator_c/cmake)
[0.502s] -- Found rosidl_adapter: 3.1.6 (/opt/ros/humble/share/rosidl_adapter/cmake)
[0.511s] -- Found rosidl_generator_cpp: 3.1.6 (/opt/ros/humble/share/rosidl_generator_cpp/cmake)
[0.523s] -- Using all available rosidl_typesupport_c: rosidl_typesupport_fastrtps_c;rosidl_typesupport_introspection_c
[0.541s] -- Using all available rosidl_typesupport_cpp: rosidl_typesupport_fastrtps_cpp;rosidl_typesupport_introspection_cpp
[0.587s] -- Found rmw_implementation_cmake: 6.1.2 (/opt/ros/humble/share/rmw_implementation_cmake/cmake)
[0.592s] -- Found rmw_fastrtps_cpp: 6.2.7 (/opt/ros/humble/share/rmw_fastrtps_cpp/cmake)
[0.681s] -- Found OpenSSL: /usr/lib/x86_64-linux-gnu/libcrypto.so (found version "3.0.2")  
[0.704s] -- Found FastRTPS: /opt/ros/humble/include  
[0.739s] -- Using RMW implementation 'rmw_fastrtps_cpp' as default
[0.750s] -- Looking for pthread.h
[0.810s] -- Looking for pthread.h - found
[0.810s] -- Performing Test CMAKE_HAVE_LIBC_PTHREAD
[0.874s] -- Performing Test CMAKE_HAVE_LIBC_PTHREAD - Success
[0.875s] -- Found Threads: TRUE  
[0.967s] -- Configuring done
[0.978s] -- Generating done
[0.982s] -- Build files have been written to: /home/dat/Workspace/3dof_rehab_arm/build/can_odrive_interface
[0.989s] Invoked command in '/home/dat/Workspace/3dof_rehab_arm/build/can_odrive_interface' returned '0': CMAKE_PREFIX_PATH=${CMAKE_PREFIX_PATH}:/home/dat/ws_moveit2/install/moveit_configs_utils:/opt/ros/humble /usr/bin/cmake /home/dat/Workspace/3dof_rehab_arm/src/can_odrive_interface -DCMAKE_INSTALL_PREFIX=/home/dat/Workspace/3dof_rehab_arm/install/can_odrive_interface
[0.991s] Invoking command in '/home/dat/Workspace/3dof_rehab_arm/build/can_odrive_interface': CMAKE_PREFIX_PATH=${CMAKE_PREFIX_PATH}:/home/dat/ws_moveit2/install/moveit_configs_utils:/opt/ros/humble /usr/bin/cmake --build /home/dat/Workspace/3dof_rehab_arm/build/can_odrive_interface -- -j8 -l8
[1.041s] [ 10%] [32mBuilding CXX object CMakeFiles/can_odrive_interface.dir/src/odrive_interface.cpp.o[0m
[2.992s] [ 20%] [32m[1mLinking CXX shared library libcan_odrive_interface.so[0m
[3.073s] [ 20%] Built target can_odrive_interface
[3.094s] [ 60%] [32mBuilding CXX object CMakeFiles/velocity_node.dir/test/test_velocity.cpp.o[0m
[3.094s] [ 60%] [32mBuilding CXX object CMakeFiles/position_node.dir/test/test_position.cpp.o[0m
[3.094s] [ 60%] [32mBuilding CXX object CMakeFiles/read_encoder_node.dir/test/test_read_encoder.cpp.o[0m
[3.094s] [ 60%] [32mBuilding CXX object CMakeFiles/torque_node.dir/test/test_torque.cpp.o[0m
[5.356s] [ 70%] [32m[1mLinking CXX executable velocity_node[0m
[5.381s] [ 80%] [32m[1mLinking CXX executable torque_node[0m
[5.466s] [ 80%] Built target velocity_node
[5.491s] [ 80%] Built target torque_node
[9.001s] [ 90%] [32m[1mLinking CXX executable read_encoder_node[0m
[9.033s] [100%] [32m[1mLinking CXX executable position_node[0m
[9.290s] [100%] Built target read_encoder_node
[9.319s] [100%] Built target position_node
[9.329s] Invoked command in '/home/dat/Workspace/3dof_rehab_arm/build/can_odrive_interface' returned '0': CMAKE_PREFIX_PATH=${CMAKE_PREFIX_PATH}:/home/dat/ws_moveit2/install/moveit_configs_utils:/opt/ros/humble /usr/bin/cmake --build /home/dat/Workspace/3dof_rehab_arm/build/can_odrive_interface -- -j8 -l8
[9.338s] Invoking command in '/home/dat/Workspace/3dof_rehab_arm/build/can_odrive_interface': CMAKE_PREFIX_PATH=${CMAKE_PREFIX_PATH}:/home/dat/ws_moveit2/install/moveit_configs_utils:/opt/ros/humble /usr/bin/cmake --install /home/dat/Workspace/3dof_rehab_arm/build/can_odrive_interface
[9.344s] -- Install configuration: ""
[9.345s] -- Installing: /home/dat/Workspace/3dof_rehab_arm/install/can_odrive_interface/share/can_odrive_interface/environment/library_path.sh
[9.345s] -- Installing: /home/dat/Workspace/3dof_rehab_arm/install/can_odrive_interface/share/can_odrive_interface/environment/library_path.dsv
[9.345s] -- Installing: /home/dat/Workspace/3dof_rehab_arm/install/can_odrive_interface/lib/libcan_odrive_interface.so
[9.345s] -- Set runtime path of "/home/dat/Workspace/3dof_rehab_arm/install/can_odrive_interface/lib/libcan_odrive_interface.so" to ""
[9.345s] -- Installing: /home/dat/Workspace/3dof_rehab_arm/install/can_odrive_interface/lib/can_odrive_interface/velocity_node
[9.345s] -- Set runtime path of "/home/dat/Workspace/3dof_rehab_arm/install/can_odrive_interface/lib/can_odrive_interface/velocity_node" to ""
[9.346s] -- Installing: /home/dat/Workspace/3dof_rehab_arm/install/can_odrive_interface/lib/can_odrive_interface/position_node
[9.348s] -- Set runtime path of "/home/dat/Workspace/3dof_rehab_arm/install/can_odrive_interface/lib/can_odrive_interface/position_node" to ""
[9.348s] -- Installing: /home/dat/Workspace/3dof_rehab_arm/install/can_odrive_interface/lib/can_odrive_interface/torque_node
[9.348s] -- Set runtime path of "/home/dat/Workspace/3dof_rehab_arm/install/can_odrive_interface/lib/can_odrive_interface/torque_node" to ""
[9.348s] -- Installing: /home/dat/Workspace/3dof_rehab_arm/install/can_odrive_interface/lib/can_odrive_interface/read_encoder_node
[9.350s] -- Set runtime path of "/home/dat/Workspace/3dof_rehab_arm/install/can_odrive_interface/lib/can_odrive_interface/read_encoder_node" to ""
[9.350s] -- Installing: /home/dat/Workspace/3dof_rehab_arm/install/can_odrive_interface/include
[9.350s] -- Installing: /home/dat/Workspace/3dof_rehab_arm/install/can_odrive_interface/include/can_odrive_interface
[9.350s] -- Installing: /home/dat/Workspace/3dof_rehab_arm/install/can_odrive_interface/include/can_odrive_interface/odrive_interface.hpp
[9.350s] -- Installing: /home/dat/Workspace/3dof_rehab_arm/install/can_odrive_interface/share/ament_index/resource_index/package_run_dependencies/can_odrive_interface
[9.350s] -- Installing: /home/dat/Workspace/3dof_rehab_arm/install/can_odrive_interface/share/ament_index/resource_index/parent_prefix_path/can_odrive_interface
[9.350s] -- Installing: /home/dat/Workspace/3dof_rehab_arm/install/can_odrive_interface/share/can_odrive_interface/environment/ament_prefix_path.sh
[9.350s] -- Installing: /home/dat/Workspace/3dof_rehab_arm/install/can_odrive_interface/share/can_odrive_interface/environment/ament_prefix_path.dsv
[9.350s] -- Installing: /home/dat/Workspace/3dof_rehab_arm/install/can_odrive_interface/share/can_odrive_interface/environment/path.sh
[9.350s] -- Installing: /home/dat/Workspace/3dof_rehab_arm/install/can_odrive_interface/share/can_odrive_interface/environment/path.dsv
[9.350s] -- Installing: /home/dat/Workspace/3dof_rehab_arm/install/can_odrive_interface/share/can_odrive_interface/local_setup.bash
[9.350s] -- Installing: /home/dat/Workspace/3dof_rehab_arm/install/can_odrive_interface/share/can_odrive_interface/local_setup.sh
[9.350s] -- Installing: /home/dat/Workspace/3dof_rehab_arm/install/can_odrive_interface/share/can_odrive_interface/local_setup.zsh
[9.350s] -- Installing: /home/dat/Workspace/3dof_rehab_arm/install/can_odrive_interface/share/can_odrive_interface/local_setup.dsv
[9.350s] -- Installing: /home/dat/Workspace/3dof_rehab_arm/install/can_odrive_interface/share/can_odrive_interface/package.dsv
[9.350s] -- Installing: /home/dat/Workspace/3dof_rehab_arm/install/can_odrive_interface/share/ament_index/resource_index/packages/can_odrive_interface
[9.351s] -- Installing: /home/dat/Workspace/3dof_rehab_arm/install/can_odrive_interface/share/can_odrive_interface/cmake/ament_cmake_export_include_directories-extras.cmake
[9.351s] -- Installing: /home/dat/Workspace/3dof_rehab_arm/install/can_odrive_interface/share/can_odrive_interface/cmake/ament_cmake_export_libraries-extras.cmake
[9.351s] -- Installing: /home/dat/Workspace/3dof_rehab_arm/install/can_odrive_interface/share/can_odrive_interface/cmake/ament_cmake_export_dependencies-extras.cmake
[9.351s] -- Installing: /home/dat/Workspace/3dof_rehab_arm/install/can_odrive_interface/share/can_odrive_interface/cmake/can_odrive_interfaceConfig.cmake
[9.351s] -- Installing: /home/dat/Workspace/3dof_rehab_arm/install/can_odrive_interface/share/can_odrive_interface/cmake/can_odrive_interfaceConfig-version.cmake
[9.351s] -- Installing: /home/dat/Workspace/3dof_rehab_arm/install/can_odrive_interface/share/can_odrive_interface/package.xml
[9.352s] Invoked command in '/home/dat/Workspace/3dof_rehab_arm/build/can_odrive_interface' returned '0': CMAKE_PREFIX_PATH=${CMAKE_PREFIX_PATH}:/home/dat/ws_moveit2/install/moveit_configs_utils:/opt/ros/humble /usr/bin/cmake --install /home/dat/Workspace/3dof_rehab_arm/build/can_odrive_interface
