-- Install configuration: ""
-- Up-to-date: /home/dat/Workspace/3dof_rehab_arm/install/rehab_arm_robot/share/rehab_arm_robot/meshes
-- Up-to-date: /home/dat/Workspace/3dof_rehab_arm/install/rehab_arm_robot/share/rehab_arm_robot/meshes/lower_arm_link.STL
-- Up-to-date: /home/dat/Workspace/3dof_rehab_arm/install/rehab_arm_robot/share/rehab_arm_robot/meshes/base_link.STL
-- Up-to-date: /home/dat/Workspace/3dof_rehab_arm/install/rehab_arm_robot/share/rehab_arm_robot/meshes/shoulder_link.STL
-- Up-to-date: /home/dat/Workspace/3dof_rehab_arm/install/rehab_arm_robot/share/rehab_arm_robot/meshes/upper_arm_link.STL
-- Up-to-date: /home/dat/Workspace/3dof_rehab_arm/install/rehab_arm_robot/share/rehab_arm_robot/meshes/fake_hand_link.STL
-- Up-to-date: /home/dat/Workspace/3dof_rehab_arm/install/rehab_arm_robot/share/rehab_arm_robot/urdf
-- Up-to-date: /home/dat/Workspace/3dof_rehab_arm/install/rehab_arm_robot/share/rehab_arm_robot/urdf/rehab_arm_robot.csv
-- Up-to-date: /home/dat/Workspace/3dof_rehab_arm/install/rehab_arm_robot/share/rehab_arm_robot/urdf/rehab_arm_robot.urdf.xacro
-- Up-to-date: /home/dat/Workspace/3dof_rehab_arm/install/rehab_arm_robot/share/rehab_arm_robot/urdf/rehab_arm_robot.urdf
-- Up-to-date: /home/dat/Workspace/3dof_rehab_arm/install/rehab_arm_robot/share/rehab_arm_robot/config
-- Up-to-date: /home/dat/Workspace/3dof_rehab_arm/install/rehab_arm_robot/share/rehab_arm_robot/config/joint_names_rehab_arm_robot.yaml
-- Up-to-date: /home/dat/Workspace/3dof_rehab_arm/install/rehab_arm_robot/share/ament_index/resource_index/package_run_dependencies/rehab_arm_robot
-- Up-to-date: /home/dat/Workspace/3dof_rehab_arm/install/rehab_arm_robot/share/ament_index/resource_index/parent_prefix_path/rehab_arm_robot
-- Up-to-date: /home/dat/Workspace/3dof_rehab_arm/install/rehab_arm_robot/share/rehab_arm_robot/environment/ament_prefix_path.sh
-- Up-to-date: /home/dat/Workspace/3dof_rehab_arm/install/rehab_arm_robot/share/rehab_arm_robot/environment/ament_prefix_path.dsv
-- Up-to-date: /home/dat/Workspace/3dof_rehab_arm/install/rehab_arm_robot/share/rehab_arm_robot/environment/path.sh
-- Up-to-date: /home/dat/Workspace/3dof_rehab_arm/install/rehab_arm_robot/share/rehab_arm_robot/environment/path.dsv
-- Up-to-date: /home/dat/Workspace/3dof_rehab_arm/install/rehab_arm_robot/share/rehab_arm_robot/local_setup.bash
-- Up-to-date: /home/dat/Workspace/3dof_rehab_arm/install/rehab_arm_robot/share/rehab_arm_robot/local_setup.sh
-- Up-to-date: /home/dat/Workspace/3dof_rehab_arm/install/rehab_arm_robot/share/rehab_arm_robot/local_setup.zsh
-- Up-to-date: /home/dat/Workspace/3dof_rehab_arm/install/rehab_arm_robot/share/rehab_arm_robot/local_setup.dsv
-- Up-to-date: /home/dat/Workspace/3dof_rehab_arm/install/rehab_arm_robot/share/rehab_arm_robot/package.dsv
-- Up-to-date: /home/dat/Workspace/3dof_rehab_arm/install/rehab_arm_robot/share/ament_index/resource_index/packages/rehab_arm_robot
-- Up-to-date: /home/dat/Workspace/3dof_rehab_arm/install/rehab_arm_robot/share/rehab_arm_robot/cmake/rehab_arm_robotConfig.cmake
-- Up-to-date: /home/dat/Workspace/3dof_rehab_arm/install/rehab_arm_robot/share/rehab_arm_robot/cmake/rehab_arm_robotConfig-version.cmake
-- Up-to-date: /home/dat/Workspace/3dof_rehab_arm/install/rehab_arm_robot/share/rehab_arm_robot/package.xml
