[0.014s] Invoking command in '/home/dat/Workspace/3dof_rehab_arm/build/rehab_arm_robot_control': CMAKE_PREFIX_PATH=${CMAKE_PREFIX_PATH}:/home/dat/ws_moveit2/install/moveit_configs_utils:/opt/ros/humble /usr/bin/cmake /home/dat/Workspace/3dof_rehab_arm/src/rehab_arm_robot_control -DCMAKE_INSTALL_PREFIX=/home/dat/Workspace/3dof_rehab_arm/install/rehab_arm_robot_control
[0.064s] -- The C compiler identification is GNU 11.4.0
[0.118s] -- The CXX compiler identification is GNU 11.4.0
[0.125s] -- Detecting C compiler ABI info
[0.183s] -- Detecting C compiler ABI info - done
[0.188s] -- Check for working C compiler: /usr/bin/cc - skipped
[0.188s] -- Detecting C compile features
[0.188s] -- Detecting C compile features - done
[0.190s] -- Detecting CXX compiler ABI info
[0.259s] -- Detecting CXX compiler ABI info - done
[0.264s] -- Check for working CXX compiler: /usr/bin/c++ - skipped
[0.264s] -- Detecting CXX compile features
[0.264s] -- Detecting CXX compile features - done
[0.268s] -- Found ament_cmake: 1.3.11 (/opt/ros/humble/share/ament_cmake/cmake)
[0.382s] -- Found Python3: /usr/bin/python3 (found version "3.10.12") found components: Interpreter 
[0.473s] -- Found moveit_ros_planning_interface: 2.5.9 (/home/dat/ws_moveit2/install/moveit_ros_planning_interface/share/moveit_ros_planning_interface/cmake)
[0.635s] -- Found Boost: /usr/lib/x86_64-linux-gnu/cmake/Boost-1.74.0/BoostConfig.cmake (found version "1.74.0") found components: date_time filesystem program_options system thread 
[0.685s] -- Found rosidl_generator_c: 3.1.6 (/opt/ros/humble/share/rosidl_generator_c/cmake)
[0.693s] -- Found rosidl_adapter: 3.1.6 (/opt/ros/humble/share/rosidl_adapter/cmake)
[0.704s] -- Found rosidl_generator_cpp: 3.1.6 (/opt/ros/humble/share/rosidl_generator_cpp/cmake)
[0.720s] -- Using all available rosidl_typesupport_c: rosidl_typesupport_fastrtps_c;rosidl_typesupport_introspection_c
[0.738s] -- Using all available rosidl_typesupport_cpp: rosidl_typesupport_fastrtps_cpp;rosidl_typesupport_introspection_cpp
[0.906s] -- Found Boost: /usr/lib/x86_64-linux-gnu/cmake/Boost-1.74.0/BoostConfig.cmake (found version "1.74.0") found components: chrono date_time filesystem iostreams program_options regex serialization system thread 
[0.967s] -- Found parameter_traits: 0.5.0 (/opt/ros/humble/share/parameter_traits/cmake)
[1.019s] -- Found rmw_implementation_cmake: 6.1.2 (/opt/ros/humble/share/rmw_implementation_cmake/cmake)
[1.024s] -- Found rmw_fastrtps_cpp: 6.2.7 (/opt/ros/humble/share/rmw_fastrtps_cpp/cmake)
[1.114s] -- Found OpenSSL: /usr/lib/x86_64-linux-gnu/libcrypto.so (found version "3.0.2")  
[1.137s] -- Found FastRTPS: /opt/ros/humble/include  
[1.179s] -- Using RMW implementation 'rmw_fastrtps_cpp' as default
[1.193s] -- Found Threads: TRUE  
[1.240s] -- Found rclcpp_lifecycle: 16.0.12 (/opt/ros/humble/share/rclcpp_lifecycle/cmake)
[1.262s] -- Found Boost: /usr/lib/x86_64-linux-gnu/cmake/Boost-1.74.0/BoostConfig.cmake (found version "1.74.0") found components: filesystem 
[1.352s] -- library: /usr/lib/x86_64-linux-gnu/libcurl.so
[1.382s] -- Found Eigen3: TRUE (found version "3.4.0") 
[1.382s] -- Ensuring Eigen3 include directory is part of orocos-kdl CMake target
[1.519s] -- Found Boost: /usr/lib/x86_64-linux-gnu/cmake/Boost-1.74.0/BoostConfig.cmake (found version "1.74.0") found components: system filesystem date_time program_options thread chrono 
[1.541s] -- Found Boost: /usr/lib/x86_64-linux-gnu/cmake/Boost-1.74.0/BoostConfig.cmake (found version "1.74.0") found components: thread system filesystem regex date_time program_options 
[1.559s] -- Found Boost: /usr/lib/x86_64-linux-gnu/cmake/Boost-1.74.0/BoostConfig.cmake (found version "1.74.0") found components: system filesystem date_time program_options thread 
[1.589s] -- Found ament_lint_auto: 0.12.12 (/opt/ros/humble/share/ament_lint_auto/cmake)
[1.658s] -- Added test 'cppcheck' to perform static code analysis on C / C++ code
[1.659s] -- Configured cppcheck include dirs: $<BUILD_INTERFACE:/home/dat/Workspace/3dof_rehab_arm/src/rehab_arm_robot_control/include>
[1.659s] -- Configured cppcheck exclude dirs and/or files: 
[1.659s] -- Added test 'lint_cmake' to check CMake code style
[1.660s] -- Added test 'uncrustify' to check C / C++ code style
[1.660s] -- Configured uncrustify additional arguments: 
[1.661s] -- Added test 'xmllint' to check XML markup files
[1.662s] -- Configuring done
[1.690s] -- Generating done
[1.698s] -- Build files have been written to: /home/dat/Workspace/3dof_rehab_arm/build/rehab_arm_robot_control
[1.710s] Invoked command in '/home/dat/Workspace/3dof_rehab_arm/build/rehab_arm_robot_control' returned '0': CMAKE_PREFIX_PATH=${CMAKE_PREFIX_PATH}:/home/dat/ws_moveit2/install/moveit_configs_utils:/opt/ros/humble /usr/bin/cmake /home/dat/Workspace/3dof_rehab_arm/src/rehab_arm_robot_control -DCMAKE_INSTALL_PREFIX=/home/dat/Workspace/3dof_rehab_arm/install/rehab_arm_robot_control
[1.711s] Invoking command in '/home/dat/Workspace/3dof_rehab_arm/build/rehab_arm_robot_control': CMAKE_PREFIX_PATH=${CMAKE_PREFIX_PATH}:/home/dat/ws_moveit2/install/moveit_configs_utils:/opt/ros/humble /usr/bin/cmake --build /home/dat/Workspace/3dof_rehab_arm/build/rehab_arm_robot_control -- -j8 -l8
[1.763s] [ 50%] [32mBuilding CXX object CMakeFiles/planning.dir/src/planning.cpp.o[0m
[1.763s] [ 50%] [32mBuilding CXX object CMakeFiles/state_reader.dir/src/state_reader.cpp.o[0m
[5.042s] [ 75%] [32m[1mLinking CXX executable planning[0m
[5.369s] [ 75%] Built target planning
[10.363s] [100%] [32m[1mLinking CXX executable state_reader[0m
[10.841s] [100%] Built target state_reader
[10.852s] Invoked command in '/home/dat/Workspace/3dof_rehab_arm/build/rehab_arm_robot_control' returned '0': CMAKE_PREFIX_PATH=${CMAKE_PREFIX_PATH}:/home/dat/ws_moveit2/install/moveit_configs_utils:/opt/ros/humble /usr/bin/cmake --build /home/dat/Workspace/3dof_rehab_arm/build/rehab_arm_robot_control -- -j8 -l8
[10.853s] Invoking command in '/home/dat/Workspace/3dof_rehab_arm/build/rehab_arm_robot_control': CMAKE_PREFIX_PATH=${CMAKE_PREFIX_PATH}:/home/dat/ws_moveit2/install/moveit_configs_utils:/opt/ros/humble /usr/bin/cmake --install /home/dat/Workspace/3dof_rehab_arm/build/rehab_arm_robot_control
[10.860s] -- Install configuration: ""
[10.860s] -- Installing: /home/dat/Workspace/3dof_rehab_arm/install/rehab_arm_robot_control/lib/rehab_arm_robot_control/state_reader
[10.863s] -- Set runtime path of "/home/dat/Workspace/3dof_rehab_arm/install/rehab_arm_robot_control/lib/rehab_arm_robot_control/state_reader" to ""
[10.863s] -- Installing: /home/dat/Workspace/3dof_rehab_arm/install/rehab_arm_robot_control/lib/rehab_arm_robot_control/planning
[10.864s] -- Set runtime path of "/home/dat/Workspace/3dof_rehab_arm/install/rehab_arm_robot_control/lib/rehab_arm_robot_control/planning" to ""
[10.864s] -- Installing: /home/dat/Workspace/3dof_rehab_arm/install/rehab_arm_robot_control/share/ament_index/resource_index/package_run_dependencies/rehab_arm_robot_control
[10.864s] -- Installing: /home/dat/Workspace/3dof_rehab_arm/install/rehab_arm_robot_control/share/ament_index/resource_index/parent_prefix_path/rehab_arm_robot_control
[10.864s] -- Installing: /home/dat/Workspace/3dof_rehab_arm/install/rehab_arm_robot_control/share/rehab_arm_robot_control/environment/ament_prefix_path.sh
[10.864s] -- Installing: /home/dat/Workspace/3dof_rehab_arm/install/rehab_arm_robot_control/share/rehab_arm_robot_control/environment/ament_prefix_path.dsv
[10.864s] -- Installing: /home/dat/Workspace/3dof_rehab_arm/install/rehab_arm_robot_control/share/rehab_arm_robot_control/environment/path.sh
[10.864s] -- Installing: /home/dat/Workspace/3dof_rehab_arm/install/rehab_arm_robot_control/share/rehab_arm_robot_control/environment/path.dsv
[10.864s] -- Installing: /home/dat/Workspace/3dof_rehab_arm/install/rehab_arm_robot_control/share/rehab_arm_robot_control/local_setup.bash
[10.864s] -- Installing: /home/dat/Workspace/3dof_rehab_arm/install/rehab_arm_robot_control/share/rehab_arm_robot_control/local_setup.sh
[10.864s] -- Installing: /home/dat/Workspace/3dof_rehab_arm/install/rehab_arm_robot_control/share/rehab_arm_robot_control/local_setup.zsh
[10.864s] -- Installing: /home/dat/Workspace/3dof_rehab_arm/install/rehab_arm_robot_control/share/rehab_arm_robot_control/local_setup.dsv
[10.864s] -- Installing: /home/dat/Workspace/3dof_rehab_arm/install/rehab_arm_robot_control/share/rehab_arm_robot_control/package.dsv
[10.865s] -- Installing: /home/dat/Workspace/3dof_rehab_arm/install/rehab_arm_robot_control/share/ament_index/resource_index/packages/rehab_arm_robot_control
[10.865s] -- Installing: /home/dat/Workspace/3dof_rehab_arm/install/rehab_arm_robot_control/share/rehab_arm_robot_control/cmake/rehab_arm_robot_controlConfig.cmake
[10.865s] -- Installing: /home/dat/Workspace/3dof_rehab_arm/install/rehab_arm_robot_control/share/rehab_arm_robot_control/cmake/rehab_arm_robot_controlConfig-version.cmake
[10.865s] -- Installing: /home/dat/Workspace/3dof_rehab_arm/install/rehab_arm_robot_control/share/rehab_arm_robot_control/package.xml
[10.867s] Invoked command in '/home/dat/Workspace/3dof_rehab_arm/build/rehab_arm_robot_control' returned '0': CMAKE_PREFIX_PATH=${CMAKE_PREFIX_PATH}:/home/dat/ws_moveit2/install/moveit_configs_utils:/opt/ros/humble /usr/bin/cmake --install /home/dat/Workspace/3dof_rehab_arm/build/rehab_arm_robot_control
