[0.019s] Invoking command in '/home/dat/Workspace/3dof_rehab_arm/build/rehab_arm_robot_control': CMAKE_PREFIX_PATH=${CMAKE_PREFIX_PATH}:/home/dat/ws_moveit2/install/moveit_configs_utils:/opt/ros/humble /usr/bin/cmake --build /home/dat/Workspace/3dof_rehab_arm/build/rehab_arm_robot_control -- -j8 -l8
[0.078s] [35m[1mConsolidate compiler generated dependencies of target planning[0m
[0.079s] [35m[1mConsolidate compiler generated dependencies of target state_reader[0m
[0.103s] [ 50%] Built target planning
[0.109s] [100%] Built target state_reader
[0.125s] Invoked command in '/home/dat/Workspace/3dof_rehab_arm/build/rehab_arm_robot_control' returned '0': CMAKE_PREFIX_PATH=${CMAKE_PREFIX_PATH}:/home/dat/ws_moveit2/install/moveit_configs_utils:/opt/ros/humble /usr/bin/cmake --build /home/dat/Workspace/3dof_rehab_arm/build/rehab_arm_robot_control -- -j8 -l8
[0.128s] Invoking command in '/home/dat/Workspace/3dof_rehab_arm/build/rehab_arm_robot_control': CMAKE_PREFIX_PATH=${CMAKE_PREFIX_PATH}:/home/dat/ws_moveit2/install/moveit_configs_utils:/opt/ros/humble /usr/bin/cmake --install /home/dat/Workspace/3dof_rehab_arm/build/rehab_arm_robot_control
[0.140s] -- Install configuration: ""
[0.140s] -- Up-to-date: /home/dat/Workspace/3dof_rehab_arm/install/rehab_arm_robot_control/lib/rehab_arm_robot_control/state_reader
[0.140s] -- Up-to-date: /home/dat/Workspace/3dof_rehab_arm/install/rehab_arm_robot_control/lib/rehab_arm_robot_control/planning
[0.140s] -- Up-to-date: /home/dat/Workspace/3dof_rehab_arm/install/rehab_arm_robot_control/share/ament_index/resource_index/package_run_dependencies/rehab_arm_robot_control
[0.141s] -- Up-to-date: /home/dat/Workspace/3dof_rehab_arm/install/rehab_arm_robot_control/share/ament_index/resource_index/parent_prefix_path/rehab_arm_robot_control
[0.141s] -- Up-to-date: /home/dat/Workspace/3dof_rehab_arm/install/rehab_arm_robot_control/share/rehab_arm_robot_control/environment/ament_prefix_path.sh
[0.141s] -- Up-to-date: /home/dat/Workspace/3dof_rehab_arm/install/rehab_arm_robot_control/share/rehab_arm_robot_control/environment/ament_prefix_path.dsv
[0.141s] -- Up-to-date: /home/dat/Workspace/3dof_rehab_arm/install/rehab_arm_robot_control/share/rehab_arm_robot_control/environment/path.sh
[0.141s] -- Up-to-date: /home/dat/Workspace/3dof_rehab_arm/install/rehab_arm_robot_control/share/rehab_arm_robot_control/environment/path.dsv
[0.141s] -- Up-to-date: /home/dat/Workspace/3dof_rehab_arm/install/rehab_arm_robot_control/share/rehab_arm_robot_control/local_setup.bash
[0.141s] -- Up-to-date: /home/dat/Workspace/3dof_rehab_arm/install/rehab_arm_robot_control/share/rehab_arm_robot_control/local_setup.sh
[0.141s] -- Up-to-date: /home/dat/Workspace/3dof_rehab_arm/install/rehab_arm_robot_control/share/rehab_arm_robot_control/local_setup.zsh
[0.141s] -- Up-to-date: /home/dat/Workspace/3dof_rehab_arm/install/rehab_arm_robot_control/share/rehab_arm_robot_control/local_setup.dsv
[0.141s] -- Installing: /home/dat/Workspace/3dof_rehab_arm/install/rehab_arm_robot_control/share/rehab_arm_robot_control/package.dsv
[0.142s] -- Up-to-date: /home/dat/Workspace/3dof_rehab_arm/install/rehab_arm_robot_control/share/ament_index/resource_index/packages/rehab_arm_robot_control
[0.142s] -- Up-to-date: /home/dat/Workspace/3dof_rehab_arm/install/rehab_arm_robot_control/share/rehab_arm_robot_control/cmake/rehab_arm_robot_controlConfig.cmake
[0.142s] -- Up-to-date: /home/dat/Workspace/3dof_rehab_arm/install/rehab_arm_robot_control/share/rehab_arm_robot_control/cmake/rehab_arm_robot_controlConfig-version.cmake
[0.142s] -- Up-to-date: /home/dat/Workspace/3dof_rehab_arm/install/rehab_arm_robot_control/share/rehab_arm_robot_control/package.xml
[0.152s] Invoked command in '/home/dat/Workspace/3dof_rehab_arm/build/rehab_arm_robot_control' returned '0': CMAKE_PREFIX_PATH=${CMAKE_PREFIX_PATH}:/home/dat/ws_moveit2/install/moveit_configs_utils:/opt/ros/humble /usr/bin/cmake --install /home/dat/Workspace/3dof_rehab_arm/build/rehab_arm_robot_control
