-- Install configuration: ""
-- Up-to-date: /home/dat/Workspace/3dof_rehab_arm/install/rehab_arm_robot_moveit_config/share/ament_index/resource_index/package_run_dependencies/rehab_arm_robot_moveit_config
-- Up-to-date: /home/dat/Workspace/3dof_rehab_arm/install/rehab_arm_robot_moveit_config/share/ament_index/resource_index/parent_prefix_path/rehab_arm_robot_moveit_config
-- Up-to-date: /home/dat/Workspace/3dof_rehab_arm/install/rehab_arm_robot_moveit_config/share/rehab_arm_robot_moveit_config/environment/ament_prefix_path.sh
-- Up-to-date: /home/dat/Workspace/3dof_rehab_arm/install/rehab_arm_robot_moveit_config/share/rehab_arm_robot_moveit_config/environment/ament_prefix_path.dsv
-- Up-to-date: /home/dat/Workspace/3dof_rehab_arm/install/rehab_arm_robot_moveit_config/share/rehab_arm_robot_moveit_config/environment/path.sh
-- Up-to-date: /home/dat/Workspace/3dof_rehab_arm/install/rehab_arm_robot_moveit_config/share/rehab_arm_robot_moveit_config/environment/path.dsv
-- Up-to-date: /home/dat/Workspace/3dof_rehab_arm/install/rehab_arm_robot_moveit_config/share/rehab_arm_robot_moveit_config/local_setup.bash
-- Up-to-date: /home/dat/Workspace/3dof_rehab_arm/install/rehab_arm_robot_moveit_config/share/rehab_arm_robot_moveit_config/local_setup.sh
-- Up-to-date: /home/dat/Workspace/3dof_rehab_arm/install/rehab_arm_robot_moveit_config/share/rehab_arm_robot_moveit_config/local_setup.zsh
-- Up-to-date: /home/dat/Workspace/3dof_rehab_arm/install/rehab_arm_robot_moveit_config/share/rehab_arm_robot_moveit_config/local_setup.dsv
-- Installing: /home/dat/Workspace/3dof_rehab_arm/install/rehab_arm_robot_moveit_config/share/rehab_arm_robot_moveit_config/package.dsv
-- Up-to-date: /home/dat/Workspace/3dof_rehab_arm/install/rehab_arm_robot_moveit_config/share/ament_index/resource_index/packages/rehab_arm_robot_moveit_config
-- Up-to-date: /home/dat/Workspace/3dof_rehab_arm/install/rehab_arm_robot_moveit_config/share/rehab_arm_robot_moveit_config/cmake/rehab_arm_robot_moveit_configConfig.cmake
-- Up-to-date: /home/dat/Workspace/3dof_rehab_arm/install/rehab_arm_robot_moveit_config/share/rehab_arm_robot_moveit_config/cmake/rehab_arm_robot_moveit_configConfig-version.cmake
-- Up-to-date: /home/dat/Workspace/3dof_rehab_arm/install/rehab_arm_robot_moveit_config/share/rehab_arm_robot_moveit_config/package.xml
-- Up-to-date: /home/dat/Workspace/3dof_rehab_arm/install/rehab_arm_robot_moveit_config/share/rehab_arm_robot_moveit_config/launch
-- Up-to-date: /home/dat/Workspace/3dof_rehab_arm/install/rehab_arm_robot_moveit_config/share/rehab_arm_robot_moveit_config/launch/setup_assistant.launch.py
-- Up-to-date: /home/dat/Workspace/3dof_rehab_arm/install/rehab_arm_robot_moveit_config/share/rehab_arm_robot_moveit_config/launch/warehouse_db.launch.py
-- Up-to-date: /home/dat/Workspace/3dof_rehab_arm/install/rehab_arm_robot_moveit_config/share/rehab_arm_robot_moveit_config/launch/spawn_controllers.launch.py
-- Up-to-date: /home/dat/Workspace/3dof_rehab_arm/install/rehab_arm_robot_moveit_config/share/rehab_arm_robot_moveit_config/launch/static_virtual_joint_tfs.launch.py
-- Up-to-date: /home/dat/Workspace/3dof_rehab_arm/install/rehab_arm_robot_moveit_config/share/rehab_arm_robot_moveit_config/launch/bringup2.launch.py
-- Up-to-date: /home/dat/Workspace/3dof_rehab_arm/install/rehab_arm_robot_moveit_config/share/rehab_arm_robot_moveit_config/launch/moveit_rviz.launch.py
-- Up-to-date: /home/dat/Workspace/3dof_rehab_arm/install/rehab_arm_robot_moveit_config/share/rehab_arm_robot_moveit_config/launch/move_group.launch.py
-- Up-to-date: /home/dat/Workspace/3dof_rehab_arm/install/rehab_arm_robot_moveit_config/share/rehab_arm_robot_moveit_config/launch/bringup.launch.py
-- Up-to-date: /home/dat/Workspace/3dof_rehab_arm/install/rehab_arm_robot_moveit_config/share/rehab_arm_robot_moveit_config/launch/demo_with_controller.launch.py
-- Up-to-date: /home/dat/Workspace/3dof_rehab_arm/install/rehab_arm_robot_moveit_config/share/rehab_arm_robot_moveit_config/launch/demo.launch.py
-- Up-to-date: /home/dat/Workspace/3dof_rehab_arm/install/rehab_arm_robot_moveit_config/share/rehab_arm_robot_moveit_config/launch/rsp.launch.py
-- Up-to-date: /home/dat/Workspace/3dof_rehab_arm/install/rehab_arm_robot_moveit_config/share/rehab_arm_robot_moveit_config/config
-- Up-to-date: /home/dat/Workspace/3dof_rehab_arm/install/rehab_arm_robot_moveit_config/share/rehab_arm_robot_moveit_config/config/moveit.rviz
-- Up-to-date: /home/dat/Workspace/3dof_rehab_arm/install/rehab_arm_robot_moveit_config/share/rehab_arm_robot_moveit_config/config/ros2_controllers.yaml
-- Up-to-date: /home/dat/Workspace/3dof_rehab_arm/install/rehab_arm_robot_moveit_config/share/rehab_arm_robot_moveit_config/config/pilz_cartesian_limits.yaml
-- Up-to-date: /home/dat/Workspace/3dof_rehab_arm/install/rehab_arm_robot_moveit_config/share/rehab_arm_robot_moveit_config/config/initial_positions.yaml
-- Installing: /home/dat/Workspace/3dof_rehab_arm/install/rehab_arm_robot_moveit_config/share/rehab_arm_robot_moveit_config/config/rehab_arm_robot.ros2_control.xacro
-- Up-to-date: /home/dat/Workspace/3dof_rehab_arm/install/rehab_arm_robot_moveit_config/share/rehab_arm_robot_moveit_config/config/joint_limits.yaml
-- Up-to-date: /home/dat/Workspace/3dof_rehab_arm/install/rehab_arm_robot_moveit_config/share/rehab_arm_robot_moveit_config/config/lerp_interface_plugin_description.xml
-- Up-to-date: /home/dat/Workspace/3dof_rehab_arm/install/rehab_arm_robot_moveit_config/share/rehab_arm_robot_moveit_config/config/moveit_controllers.yaml
-- Up-to-date: /home/dat/Workspace/3dof_rehab_arm/install/rehab_arm_robot_moveit_config/share/rehab_arm_robot_moveit_config/config/rehab_arm_robot.urdf.xacro
-- Up-to-date: /home/dat/Workspace/3dof_rehab_arm/install/rehab_arm_robot_moveit_config/share/rehab_arm_robot_moveit_config/config/rehab_arm_robot.srdf
-- Up-to-date: /home/dat/Workspace/3dof_rehab_arm/install/rehab_arm_robot_moveit_config/share/rehab_arm_robot_moveit_config/config/ompl_planning.yaml
-- Up-to-date: /home/dat/Workspace/3dof_rehab_arm/install/rehab_arm_robot_moveit_config/share/rehab_arm_robot_moveit_config/config/kinematics.yaml
-- Up-to-date: /home/dat/Workspace/3dof_rehab_arm/install/rehab_arm_robot_moveit_config/share/rehab_arm_robot_moveit_config/config/pilz_industrial_motion_planner_planning.yaml
-- Up-to-date: /home/dat/Workspace/3dof_rehab_arm/install/rehab_arm_robot_moveit_config/share/rehab_arm_robot_moveit_config/config/chomp_planning.yaml
-- Up-to-date: /home/dat/Workspace/3dof_rehab_arm/install/rehab_arm_robot_moveit_config/share/rehab_arm_robot_moveit_config/.setup_assistant
