[0.015s] Invoking command in '/home/dat/Workspace/3dof_rehab_arm/build/rehab_arm_robot_hardware_interface': CMAKE_PREFIX_PATH=${CMAKE_PREFIX_PATH}:/home/dat/ws_moveit2/install/moveit_configs_utils:/opt/ros/humble /usr/bin/cmake --build /home/dat/Workspace/3dof_rehab_arm/build/rehab_arm_robot_hardware_interface -- -j8 -l8
[0.073s] [ 50%] [32mBuilding CXX object CMakeFiles/odrive_hardware_interface.dir/src/odrive_hardware_interface.cpp.o[0m
[2.455s] [100%] [32m[1mLinking CXX shared library libodrive_hardware_interface.so[0m
[2.577s] [100%] Built target odrive_hardware_interface
[2.587s] Invoked command in '/home/dat/Workspace/3dof_rehab_arm/build/rehab_arm_robot_hardware_interface' returned '0': CMAKE_PREFIX_PATH=${CMAKE_PREFIX_PATH}:/home/dat/ws_moveit2/install/moveit_configs_utils:/opt/ros/humble /usr/bin/cmake --build /home/dat/Workspace/3dof_rehab_arm/build/rehab_arm_robot_hardware_interface -- -j8 -l8
[2.588s] Invoking command in '/home/dat/Workspace/3dof_rehab_arm/build/rehab_arm_robot_hardware_interface': CMAKE_PREFIX_PATH=${CMAKE_PREFIX_PATH}:/home/dat/ws_moveit2/install/moveit_configs_utils:/opt/ros/humble /usr/bin/cmake --install /home/dat/Workspace/3dof_rehab_arm/build/rehab_arm_robot_hardware_interface
[2.594s] -- Install configuration: ""
[2.594s] -- Up-to-date: /home/dat/Workspace/3dof_rehab_arm/install/rehab_arm_robot_hardware_interface/share/rehab_arm_robot_hardware_interface/odrive_hardware_interface.xml
[2.594s] -- Installing: /home/dat/Workspace/3dof_rehab_arm/install/rehab_arm_robot_hardware_interface/lib/libodrive_hardware_interface.so
[2.595s] -- Set runtime path of "/home/dat/Workspace/3dof_rehab_arm/install/rehab_arm_robot_hardware_interface/lib/libodrive_hardware_interface.so" to ""
[2.595s] -- Up-to-date: /home/dat/Workspace/3dof_rehab_arm/install/rehab_arm_robot_hardware_interface/include/rehab_arm_robot_hardware_interface
[2.595s] -- Up-to-date: /home/dat/Workspace/3dof_rehab_arm/install/rehab_arm_robot_hardware_interface/include/rehab_arm_robot_hardware_interface/rehab_arm_robot_hardware_interface
[2.595s] -- Up-to-date: /home/dat/Workspace/3dof_rehab_arm/install/rehab_arm_robot_hardware_interface/include/rehab_arm_robot_hardware_interface/rehab_arm_robot_hardware_interface/odrive_hardware_interface.hpp
[2.595s] -- Up-to-date: /home/dat/Workspace/3dof_rehab_arm/install/rehab_arm_robot_hardware_interface/include/rehab_arm_robot_hardware_interface/rehab_arm_robot_hardware_interface/odrive_joint.hpp
[2.595s] -- Up-to-date: /home/dat/Workspace/3dof_rehab_arm/install/rehab_arm_robot_hardware_interface/share/rehab_arm_robot_hardware_interface/odrive_hardware_interface.xml
[2.595s] -- Up-to-date: /home/dat/Workspace/3dof_rehab_arm/install/rehab_arm_robot_hardware_interface/share/rehab_arm_robot_hardware_interface/environment/library_path.sh
[2.595s] -- Up-to-date: /home/dat/Workspace/3dof_rehab_arm/install/rehab_arm_robot_hardware_interface/share/rehab_arm_robot_hardware_interface/environment/library_path.dsv
[2.596s] -- Up-to-date: /home/dat/Workspace/3dof_rehab_arm/install/rehab_arm_robot_hardware_interface/share/ament_index/resource_index/package_run_dependencies/rehab_arm_robot_hardware_interface
[2.596s] -- Up-to-date: /home/dat/Workspace/3dof_rehab_arm/install/rehab_arm_robot_hardware_interface/share/ament_index/resource_index/parent_prefix_path/rehab_arm_robot_hardware_interface
[2.596s] -- Up-to-date: /home/dat/Workspace/3dof_rehab_arm/install/rehab_arm_robot_hardware_interface/share/rehab_arm_robot_hardware_interface/environment/ament_prefix_path.sh
[2.596s] -- Up-to-date: /home/dat/Workspace/3dof_rehab_arm/install/rehab_arm_robot_hardware_interface/share/rehab_arm_robot_hardware_interface/environment/ament_prefix_path.dsv
[2.596s] -- Up-to-date: /home/dat/Workspace/3dof_rehab_arm/install/rehab_arm_robot_hardware_interface/share/rehab_arm_robot_hardware_interface/environment/path.sh
[2.596s] -- Up-to-date: /home/dat/Workspace/3dof_rehab_arm/install/rehab_arm_robot_hardware_interface/share/rehab_arm_robot_hardware_interface/environment/path.dsv
[2.596s] -- Up-to-date: /home/dat/Workspace/3dof_rehab_arm/install/rehab_arm_robot_hardware_interface/share/rehab_arm_robot_hardware_interface/local_setup.bash
[2.596s] -- Up-to-date: /home/dat/Workspace/3dof_rehab_arm/install/rehab_arm_robot_hardware_interface/share/rehab_arm_robot_hardware_interface/local_setup.sh
[2.596s] -- Up-to-date: /home/dat/Workspace/3dof_rehab_arm/install/rehab_arm_robot_hardware_interface/share/rehab_arm_robot_hardware_interface/local_setup.zsh
[2.596s] -- Up-to-date: /home/dat/Workspace/3dof_rehab_arm/install/rehab_arm_robot_hardware_interface/share/rehab_arm_robot_hardware_interface/local_setup.dsv
[2.596s] -- Installing: /home/dat/Workspace/3dof_rehab_arm/install/rehab_arm_robot_hardware_interface/share/rehab_arm_robot_hardware_interface/package.dsv
[2.596s] -- Up-to-date: /home/dat/Workspace/3dof_rehab_arm/install/rehab_arm_robot_hardware_interface/share/ament_index/resource_index/packages/rehab_arm_robot_hardware_interface
[2.596s] -- Up-to-date: /home/dat/Workspace/3dof_rehab_arm/install/rehab_arm_robot_hardware_interface/share/ament_index/resource_index/hardware_interface__pluginlib__plugin/rehab_arm_robot_hardware_interface
[2.596s] -- Up-to-date: /home/dat/Workspace/3dof_rehab_arm/install/rehab_arm_robot_hardware_interface/share/rehab_arm_robot_hardware_interface/cmake/export_odrive_hardware_interfaceExport.cmake
[2.596s] -- Up-to-date: /home/dat/Workspace/3dof_rehab_arm/install/rehab_arm_robot_hardware_interface/share/rehab_arm_robot_hardware_interface/cmake/export_odrive_hardware_interfaceExport-noconfig.cmake
[2.596s] -- Up-to-date: /home/dat/Workspace/3dof_rehab_arm/install/rehab_arm_robot_hardware_interface/share/rehab_arm_robot_hardware_interface/cmake/ament_cmake_export_targets-extras.cmake
[2.596s] -- Up-to-date: /home/dat/Workspace/3dof_rehab_arm/install/rehab_arm_robot_hardware_interface/share/rehab_arm_robot_hardware_interface/cmake/ament_cmake_export_dependencies-extras.cmake
[2.596s] -- Up-to-date: /home/dat/Workspace/3dof_rehab_arm/install/rehab_arm_robot_hardware_interface/share/rehab_arm_robot_hardware_interface/cmake/rehab_arm_robot_hardware_interfaceConfig.cmake
[2.596s] -- Up-to-date: /home/dat/Workspace/3dof_rehab_arm/install/rehab_arm_robot_hardware_interface/share/rehab_arm_robot_hardware_interface/cmake/rehab_arm_robot_hardware_interfaceConfig-version.cmake
[2.596s] -- Up-to-date: /home/dat/Workspace/3dof_rehab_arm/install/rehab_arm_robot_hardware_interface/share/rehab_arm_robot_hardware_interface/package.xml
[2.597s] Invoked command in '/home/dat/Workspace/3dof_rehab_arm/build/rehab_arm_robot_hardware_interface' returned '0': CMAKE_PREFIX_PATH=${CMAKE_PREFIX_PATH}:/home/dat/ws_moveit2/install/moveit_configs_utils:/opt/ros/humble /usr/bin/cmake --install /home/dat/Workspace/3dof_rehab_arm/build/rehab_arm_robot_hardware_interface
